2026-03-24 12:55:54 INFO [__main__] Starting training run: architecture=densenet121 seed=42 output=outputs/03_models/densenet121_finetune/seed_42
2026-03-24 12:55:54 INFO [__main__] Resolved device: mps
2026-03-24 12:55:55 INFO [cinic10.models.factory] create_model: densenet121 pretrained=True dropout=0.5
2026-03-24 12:55:55 INFO [__main__] Model created: densenet121
2026-03-24 12:55:55 INFO [__main__] Beginning fit
2026-03-24 12:55:55 INFO [cinic10.training.engine] fit: starting run output=outputs/03_models/densenet121_finetune/seed_42 epochs=60 device=mps
2026-03-24 12:57:27 INFO [cinic10.utils] Writing JSON to outputs/03_models/densenet121_finetune/seed_42/epoch_metrics.json
2026-03-24 12:57:27 INFO [cinic10.utils] Writing JSON to outputs/03_models/densenet121_finetune/seed_42/epoch_resource_stats.json
2026-03-24 12:57:27 INFO [cinic10.training.engine] Saving checkpoint outputs/03_models/densenet121_finetune/seed_42/best.pt status=best epoch=1
2026-03-24 12:57:27 INFO [cinic10.utils] atomic_torch_save -> outputs/03_models/densenet121_finetune/seed_42/best.pt
2026-03-24 12:57:27 INFO [cinic10.utils] save_model_weights_optimized -> outputs/03_models/densenet121_finetune/seed_42/best.safetensors
2026-03-24 12:57:27 INFO [cinic10.training.engine] New best checkpoint at epoch 1 best_val_acc=0.6518
2026-03-24 12:57:27 INFO [cinic10.training.engine] Saving checkpoint outputs/03_models/densenet121_finetune/seed_42/last.ckpt status=running epoch=1
2026-03-24 12:57:27 INFO [cinic10.utils] atomic_torch_save -> outputs/03_models/densenet121_finetune/seed_42/last.ckpt
2026-03-24 12:58:49 INFO [cinic10.utils] Writing JSON to outputs/03_models/densenet121_finetune/seed_42/epoch_metrics.json
2026-03-24 12:58:49 INFO [cinic10.utils] Writing JSON to outputs/03_models/densenet121_finetune/seed_42/epoch_resource_stats.json
2026-03-24 12:58:49 INFO [cinic10.training.engine] Saving checkpoint outputs/03_models/densenet121_finetune/seed_42/best.pt status=best epoch=2
2026-03-24 12:58:49 INFO [cinic10.utils] atomic_torch_save -> outputs/03_models/densenet121_finetune/seed_42/best.pt
2026-03-24 12:58:50 INFO [cinic10.utils] save_model_weights_optimized -> outputs/03_models/densenet121_finetune/seed_42/best.safetensors
2026-03-24 12:58:50 INFO [cinic10.training.engine] New best checkpoint at epoch 2 best_val_acc=0.7006
2026-03-24 12:58:50 INFO [cinic10.training.engine] Saving checkpoint outputs/03_models/densenet121_finetune/seed_42/last.ckpt status=running epoch=2
2026-03-24 12:58:50 INFO [cinic10.utils] atomic_torch_save -> outputs/03_models/densenet121_finetune/seed_42/last.ckpt
2026-03-24 13:00:12 INFO [cinic10.utils] Writing JSON to outputs/03_models/densenet121_finetune/seed_42/epoch_metrics.json
2026-03-24 13:00:12 INFO [cinic10.utils] Writing JSON to outputs/03_models/densenet121_finetune/seed_42/epoch_resource_stats.json
2026-03-24 13:00:12 INFO [cinic10.training.engine] Saving checkpoint outputs/03_models/densenet121_finetune/seed_42/best.pt status=best epoch=3
2026-03-24 13:00:12 INFO [cinic10.utils] atomic_torch_save -> outputs/03_models/densenet121_finetune/seed_42/best.pt
2026-03-24 13:00:13 INFO [cinic10.utils] save_model_weights_optimized -> outputs/03_models/densenet121_finetune/seed_42/best.safetensors
2026-03-24 13:00:13 INFO [cinic10.training.engine] New best checkpoint at epoch 3 best_val_acc=0.7136
2026-03-24 13:00:13 INFO [cinic10.training.engine] Saving checkpoint outputs/03_models/densenet121_finetune/seed_42/last.ckpt status=running epoch=3
2026-03-24 13:00:13 INFO [cinic10.utils] atomic_torch_save -> outputs/03_models/densenet121_finetune/seed_42/last.ckpt
2026-03-24 13:01:35 INFO [cinic10.utils] Writing JSON to outputs/03_models/densenet121_finetune/seed_42/epoch_metrics.json
2026-03-24 13:01:35 INFO [cinic10.utils] Writing JSON to outputs/03_models/densenet121_finetune/seed_42/epoch_resource_stats.json
2026-03-24 13:01:35 INFO [cinic10.training.engine] Saving checkpoint outputs/03_models/densenet121_finetune/seed_42/best.pt status=best epoch=4
2026-03-24 13:01:35 INFO [cinic10.utils] atomic_torch_save -> outputs/03_models/densenet121_finetune/seed_42/best.pt
2026-03-24 13:01:35 INFO [cinic10.utils] save_model_weights_optimized -> outputs/03_models/densenet121_finetune/seed_42/best.safetensors
2026-03-24 13:01:35 INFO [cinic10.training.engine] New best checkpoint at epoch 4 best_val_acc=0.7211
2026-03-24 13:01:35 INFO [cinic10.training.engine] Saving checkpoint outputs/03_models/densenet121_finetune/seed_42/last.ckpt status=running epoch=4
2026-03-24 13:01:35 INFO [cinic10.utils] atomic_torch_save -> outputs/03_models/densenet121_finetune/seed_42/last.ckpt
2026-03-24 13:02:57 INFO [cinic10.utils] Writing JSON to outputs/03_models/densenet121_finetune/seed_42/epoch_metrics.json
2026-03-24 13:02:57 INFO [cinic10.utils] Writing JSON to outputs/03_models/densenet121_finetune/seed_42/epoch_resource_stats.json
2026-03-24 13:02:57 INFO [cinic10.training.engine] Saving checkpoint outputs/03_models/densenet121_finetune/seed_42/best.pt status=best epoch=5
2026-03-24 13:02:57 INFO [cinic10.utils] atomic_torch_save -> outputs/03_models/densenet121_finetune/seed_42/best.pt
2026-03-24 13:02:58 INFO [cinic10.utils] save_model_weights_optimized -> outputs/03_models/densenet121_finetune/seed_42/best.safetensors
2026-03-24 13:02:58 INFO [cinic10.training.engine] New best checkpoint at epoch 5 best_val_acc=0.7376
2026-03-24 13:02:58 INFO [cinic10.training.engine] Saving checkpoint outputs/03_models/densenet121_finetune/seed_42/last.ckpt status=running epoch=5
2026-03-24 13:02:58 INFO [cinic10.utils] atomic_torch_save -> outputs/03_models/densenet121_finetune/seed_42/last.ckpt
2026-03-24 13:04:20 INFO [cinic10.utils] Writing JSON to outputs/03_models/densenet121_finetune/seed_42/epoch_metrics.json
2026-03-24 13:04:20 INFO [cinic10.utils] Writing JSON to outputs/03_models/densenet121_finetune/seed_42/epoch_resource_stats.json
2026-03-24 13:04:20 INFO [cinic10.training.engine] Saving checkpoint outputs/03_models/densenet121_finetune/seed_42/last.ckpt status=running epoch=6
2026-03-24 13:04:20 INFO [cinic10.utils] atomic_torch_save -> outputs/03_models/densenet121_finetune/seed_42/last.ckpt
2026-03-24 13:05:42 INFO [cinic10.utils] Writing JSON to outputs/03_models/densenet121_finetune/seed_42/epoch_metrics.json
2026-03-24 13:05:42 INFO [cinic10.utils] Writing JSON to outputs/03_models/densenet121_finetune/seed_42/epoch_resource_stats.json
2026-03-24 13:05:42 INFO [cinic10.training.engine] Saving checkpoint outputs/03_models/densenet121_finetune/seed_42/best.pt status=best epoch=7
2026-03-24 13:05:42 INFO [cinic10.utils] atomic_torch_save -> outputs/03_models/densenet121_finetune/seed_42/best.pt
2026-03-24 13:05:42 INFO [cinic10.utils] save_model_weights_optimized -> outputs/03_models/densenet121_finetune/seed_42/best.safetensors
2026-03-24 13:05:42 INFO [cinic10.training.engine] New best checkpoint at epoch 7 best_val_acc=0.7456
2026-03-24 13:05:42 INFO [cinic10.training.engine] Saving checkpoint outputs/03_models/densenet121_finetune/seed_42/last.ckpt status=running epoch=7
2026-03-24 13:05:42 INFO [cinic10.utils] atomic_torch_save -> outputs/03_models/densenet121_finetune/seed_42/last.ckpt
2026-03-24 13:07:04 INFO [cinic10.utils] Writing JSON to outputs/03_models/densenet121_finetune/seed_42/epoch_metrics.json
2026-03-24 13:07:04 INFO [cinic10.utils] Writing JSON to outputs/03_models/densenet121_finetune/seed_42/epoch_resource_stats.json
2026-03-24 13:07:04 INFO [cinic10.training.engine] Saving checkpoint outputs/03_models/densenet121_finetune/seed_42/last.ckpt status=running epoch=8
2026-03-24 13:07:04 INFO [cinic10.utils] atomic_torch_save -> outputs/03_models/densenet121_finetune/seed_42/last.ckpt
2026-03-24 13:08:26 INFO [cinic10.utils] Writing JSON to outputs/03_models/densenet121_finetune/seed_42/epoch_metrics.json
2026-03-24 13:08:26 INFO [cinic10.utils] Writing JSON to outputs/03_models/densenet121_finetune/seed_42/epoch_resource_stats.json
2026-03-24 13:08:26 INFO [cinic10.training.engine] Saving checkpoint outputs/03_models/densenet121_finetune/seed_42/best.pt status=best epoch=9
2026-03-24 13:08:26 INFO [cinic10.utils] atomic_torch_save -> outputs/03_models/densenet121_finetune/seed_42/best.pt
2026-03-24 13:08:26 INFO [cinic10.utils] save_model_weights_optimized -> outputs/03_models/densenet121_finetune/seed_42/best.safetensors
2026-03-24 13:08:26 INFO [cinic10.training.engine] New best checkpoint at epoch 9 best_val_acc=0.7569
2026-03-24 13:08:26 INFO [cinic10.training.engine] Saving checkpoint outputs/03_models/densenet121_finetune/seed_42/last.ckpt status=running epoch=9
2026-03-24 13:08:26 INFO [cinic10.utils] atomic_torch_save -> outputs/03_models/densenet121_finetune/seed_42/last.ckpt
2026-03-24 13:09:48 INFO [cinic10.utils] Writing JSON to outputs/03_models/densenet121_finetune/seed_42/epoch_metrics.json
2026-03-24 13:09:48 INFO [cinic10.utils] Writing JSON to outputs/03_models/densenet121_finetune/seed_42/epoch_resource_stats.json
2026-03-24 13:09:48 INFO [cinic10.training.engine] Saving checkpoint outputs/03_models/densenet121_finetune/seed_42/last.ckpt status=running epoch=10
2026-03-24 13:09:48 INFO [cinic10.utils] atomic_torch_save -> outputs/03_models/densenet121_finetune/seed_42/last.ckpt
2026-03-24 13:11:10 INFO [cinic10.utils] Writing JSON to outputs/03_models/densenet121_finetune/seed_42/epoch_metrics.json
2026-03-24 13:11:10 INFO [cinic10.utils] Writing JSON to outputs/03_models/densenet121_finetune/seed_42/epoch_resource_stats.json
2026-03-24 13:11:10 INFO [cinic10.training.engine] Saving checkpoint outputs/03_models/densenet121_finetune/seed_42/best.pt status=best epoch=11
2026-03-24 13:11:10 INFO [cinic10.utils] atomic_torch_save -> outputs/03_models/densenet121_finetune/seed_42/best.pt
2026-03-24 13:11:10 INFO [cinic10.utils] save_model_weights_optimized -> outputs/03_models/densenet121_finetune/seed_42/best.safetensors
2026-03-24 13:11:10 INFO [cinic10.training.engine] New best checkpoint at epoch 11 best_val_acc=0.7585
2026-03-24 13:11:10 INFO [cinic10.training.engine] Saving checkpoint outputs/03_models/densenet121_finetune/seed_42/last.ckpt status=running epoch=11
2026-03-24 13:11:10 INFO [cinic10.utils] atomic_torch_save -> outputs/03_models/densenet121_finetune/seed_42/last.ckpt
2026-03-24 13:12:32 INFO [cinic10.utils] Writing JSON to outputs/03_models/densenet121_finetune/seed_42/epoch_metrics.json
2026-03-24 13:12:32 INFO [cinic10.utils] Writing JSON to outputs/03_models/densenet121_finetune/seed_42/epoch_resource_stats.json
2026-03-24 13:12:32 INFO [cinic10.training.engine] Saving checkpoint outputs/03_models/densenet121_finetune/seed_42/last.ckpt status=running epoch=12
2026-03-24 13:12:32 INFO [cinic10.utils] atomic_torch_save -> outputs/03_models/densenet121_finetune/seed_42/last.ckpt
2026-03-24 13:13:54 INFO [cinic10.utils] Writing JSON to outputs/03_models/densenet121_finetune/seed_42/epoch_metrics.json
2026-03-24 13:13:54 INFO [cinic10.utils] Writing JSON to outputs/03_models/densenet121_finetune/seed_42/epoch_resource_stats.json
2026-03-24 13:13:54 INFO [cinic10.training.engine] Saving checkpoint outputs/03_models/densenet121_finetune/seed_42/last.ckpt status=running epoch=13
2026-03-24 13:13:54 INFO [cinic10.utils] atomic_torch_save -> outputs/03_models/densenet121_finetune/seed_42/last.ckpt
2026-03-24 13:15:16 INFO [cinic10.utils] Writing JSON to outputs/03_models/densenet121_finetune/seed_42/epoch_metrics.json
2026-03-24 13:15:16 INFO [cinic10.utils] Writing JSON to outputs/03_models/densenet121_finetune/seed_42/epoch_resource_stats.json
2026-03-24 13:15:16 INFO [cinic10.training.engine] Saving checkpoint outputs/03_models/densenet121_finetune/seed_42/best.pt status=best epoch=14
2026-03-24 13:15:16 INFO [cinic10.utils] atomic_torch_save -> outputs/03_models/densenet121_finetune/seed_42/best.pt
2026-03-24 13:15:16 INFO [cinic10.utils] save_model_weights_optimized -> outputs/03_models/densenet121_finetune/seed_42/best.safetensors
2026-03-24 13:15:16 INFO [cinic10.training.engine] New best checkpoint at epoch 14 best_val_acc=0.7598
2026-03-24 13:15:16 INFO [cinic10.training.engine] Saving checkpoint outputs/03_models/densenet121_finetune/seed_42/last.ckpt status=running epoch=14
2026-03-24 13:15:16 INFO [cinic10.utils] atomic_torch_save -> outputs/03_models/densenet121_finetune/seed_42/last.ckpt
2026-03-24 13:16:38 INFO [cinic10.utils] Writing JSON to outputs/03_models/densenet121_finetune/seed_42/epoch_metrics.json
2026-03-24 13:16:38 INFO [cinic10.utils] Writing JSON to outputs/03_models/densenet121_finetune/seed_42/epoch_resource_stats.json
2026-03-24 13:16:38 INFO [cinic10.training.engine] Saving checkpoint outputs/03_models/densenet121_finetune/seed_42/last.ckpt status=running epoch=15
2026-03-24 13:16:38 INFO [cinic10.utils] atomic_torch_save -> outputs/03_models/densenet121_finetune/seed_42/last.ckpt
2026-03-24 13:18:00 INFO [cinic10.utils] Writing JSON to outputs/03_models/densenet121_finetune/seed_42/epoch_metrics.json
2026-03-24 13:18:00 INFO [cinic10.utils] Writing JSON to outputs/03_models/densenet121_finetune/seed_42/epoch_resource_stats.json
2026-03-24 13:18:00 INFO [cinic10.training.engine] Saving checkpoint outputs/03_models/densenet121_finetune/seed_42/last.ckpt status=running epoch=16
2026-03-24 13:18:00 INFO [cinic10.utils] atomic_torch_save -> outputs/03_models/densenet121_finetune/seed_42/last.ckpt
2026-03-24 13:19:22 INFO [cinic10.utils] Writing JSON to outputs/03_models/densenet121_finetune/seed_42/epoch_metrics.json
2026-03-24 13:19:22 INFO [cinic10.utils] Writing JSON to outputs/03_models/densenet121_finetune/seed_42/epoch_resource_stats.json
2026-03-24 13:19:22 INFO [cinic10.training.engine] Saving checkpoint outputs/03_models/densenet121_finetune/seed_42/last.ckpt status=running epoch=17
2026-03-24 13:19:22 INFO [cinic10.utils] atomic_torch_save -> outputs/03_models/densenet121_finetune/seed_42/last.ckpt
2026-03-24 13:20:44 INFO [cinic10.utils] Writing JSON to outputs/03_models/densenet121_finetune/seed_42/epoch_metrics.json
2026-03-24 13:20:44 INFO [cinic10.utils] Writing JSON to outputs/03_models/densenet121_finetune/seed_42/epoch_resource_stats.json
2026-03-24 13:20:44 INFO [cinic10.training.engine] Saving checkpoint outputs/03_models/densenet121_finetune/seed_42/last.ckpt status=running epoch=18
2026-03-24 13:20:44 INFO [cinic10.utils] atomic_torch_save -> outputs/03_models/densenet121_finetune/seed_42/last.ckpt
2026-03-24 13:22:06 INFO [cinic10.utils] Writing JSON to outputs/03_models/densenet121_finetune/seed_42/epoch_metrics.json
2026-03-24 13:22:06 INFO [cinic10.training.engine] Early stopping triggered at epoch 19: val_loss=0.811378 did not improve by >= 0.01 (best in last 10: 0.707488, best before: 0.690302)
2026-03-24 13:22:06 INFO [cinic10.training.engine] Saving checkpoint outputs/03_models/densenet121_finetune/seed_42/last.ckpt status=completed epoch=18
2026-03-24 13:22:06 INFO [cinic10.utils] atomic_torch_save -> outputs/03_models/densenet121_finetune/seed_42/last.ckpt
2026-03-24 13:22:06 INFO [cinic10.training.engine] fit: completed run output=outputs/03_models/densenet121_finetune/seed_42 best_val_acc=0.7598
2026-03-24 13:22:06 INFO [cinic10.utils] Writing JSON to outputs/03_models/densenet121_finetune/seed_42/metrics.json
2026-03-24 13:22:06 INFO [__main__] Fit finished
2026-03-24 13:22:28 INFO [__main__] Test metrics: loss=0.7247936147636838 accuracy=0.7605777777777778
2026-03-24 13:22:28 INFO [cinic10.utils] Writing JSON to outputs/03_models/densenet121_finetune/seed_42/test_metrics.json
