2026-03-24 12:14:25 INFO [__main__] Starting training run: architecture=resnet18 seed=3407 output=outputs/03_models/resnet18_finetune/seed_3407
2026-03-24 12:14:25 INFO [__main__] Resolved device: mps
2026-03-24 12:14:26 INFO [cinic10.models.factory] create_model: resnet18 pretrained=True dropout=0.5
2026-03-24 12:14:26 INFO [__main__] Model created: resnet18
2026-03-24 12:14:26 INFO [__main__] Beginning fit
2026-03-24 12:14:26 INFO [cinic10.training.engine] fit: starting run output=outputs/03_models/resnet18_finetune/seed_3407 epochs=60 device=mps
2026-03-24 12:15:15 INFO [cinic10.utils] Writing JSON to outputs/03_models/resnet18_finetune/seed_3407/epoch_metrics.json
2026-03-24 12:15:15 INFO [cinic10.utils] Writing JSON to outputs/03_models/resnet18_finetune/seed_3407/epoch_resource_stats.json
2026-03-24 12:15:15 INFO [cinic10.training.engine] Saving checkpoint outputs/03_models/resnet18_finetune/seed_3407/best.pt status=best epoch=1
2026-03-24 12:15:15 INFO [cinic10.utils] atomic_torch_save -> outputs/03_models/resnet18_finetune/seed_3407/best.pt
2026-03-24 12:15:15 INFO [cinic10.utils] save_model_weights_optimized -> outputs/03_models/resnet18_finetune/seed_3407/best.safetensors
2026-03-24 12:15:15 INFO [cinic10.training.engine] New best checkpoint at epoch 1 best_val_acc=0.6213
2026-03-24 12:15:15 INFO [cinic10.training.engine] Saving checkpoint outputs/03_models/resnet18_finetune/seed_3407/last.ckpt status=running epoch=1
2026-03-24 12:15:15 INFO [cinic10.utils] atomic_torch_save -> outputs/03_models/resnet18_finetune/seed_3407/last.ckpt
2026-03-24 12:15:56 INFO [cinic10.utils] Writing JSON to outputs/03_models/resnet18_finetune/seed_3407/epoch_metrics.json
2026-03-24 12:15:56 INFO [cinic10.utils] Writing JSON to outputs/03_models/resnet18_finetune/seed_3407/epoch_resource_stats.json
2026-03-24 12:15:56 INFO [cinic10.training.engine] Saving checkpoint outputs/03_models/resnet18_finetune/seed_3407/best.pt status=best epoch=2
2026-03-24 12:15:56 INFO [cinic10.utils] atomic_torch_save -> outputs/03_models/resnet18_finetune/seed_3407/best.pt
2026-03-24 12:15:56 INFO [cinic10.utils] save_model_weights_optimized -> outputs/03_models/resnet18_finetune/seed_3407/best.safetensors
2026-03-24 12:15:56 INFO [cinic10.training.engine] New best checkpoint at epoch 2 best_val_acc=0.6610
2026-03-24 12:15:56 INFO [cinic10.training.engine] Saving checkpoint outputs/03_models/resnet18_finetune/seed_3407/last.ckpt status=running epoch=2
2026-03-24 12:15:56 INFO [cinic10.utils] atomic_torch_save -> outputs/03_models/resnet18_finetune/seed_3407/last.ckpt
2026-03-24 12:16:37 INFO [cinic10.utils] Writing JSON to outputs/03_models/resnet18_finetune/seed_3407/epoch_metrics.json
2026-03-24 12:16:37 INFO [cinic10.utils] Writing JSON to outputs/03_models/resnet18_finetune/seed_3407/epoch_resource_stats.json
2026-03-24 12:16:37 INFO [cinic10.training.engine] Saving checkpoint outputs/03_models/resnet18_finetune/seed_3407/best.pt status=best epoch=3
2026-03-24 12:16:37 INFO [cinic10.utils] atomic_torch_save -> outputs/03_models/resnet18_finetune/seed_3407/best.pt
2026-03-24 12:16:37 INFO [cinic10.utils] save_model_weights_optimized -> outputs/03_models/resnet18_finetune/seed_3407/best.safetensors
2026-03-24 12:16:37 INFO [cinic10.training.engine] New best checkpoint at epoch 3 best_val_acc=0.6787
2026-03-24 12:16:37 INFO [cinic10.training.engine] Saving checkpoint outputs/03_models/resnet18_finetune/seed_3407/last.ckpt status=running epoch=3
2026-03-24 12:16:37 INFO [cinic10.utils] atomic_torch_save -> outputs/03_models/resnet18_finetune/seed_3407/last.ckpt
2026-03-24 12:17:18 INFO [cinic10.utils] Writing JSON to outputs/03_models/resnet18_finetune/seed_3407/epoch_metrics.json
2026-03-24 12:17:18 INFO [cinic10.utils] Writing JSON to outputs/03_models/resnet18_finetune/seed_3407/epoch_resource_stats.json
2026-03-24 12:17:18 INFO [cinic10.training.engine] Saving checkpoint outputs/03_models/resnet18_finetune/seed_3407/best.pt status=best epoch=4
2026-03-24 12:17:18 INFO [cinic10.utils] atomic_torch_save -> outputs/03_models/resnet18_finetune/seed_3407/best.pt
2026-03-24 12:17:18 INFO [cinic10.utils] save_model_weights_optimized -> outputs/03_models/resnet18_finetune/seed_3407/best.safetensors
2026-03-24 12:17:18 INFO [cinic10.training.engine] New best checkpoint at epoch 4 best_val_acc=0.6904
2026-03-24 12:17:18 INFO [cinic10.training.engine] Saving checkpoint outputs/03_models/resnet18_finetune/seed_3407/last.ckpt status=running epoch=4
2026-03-24 12:17:18 INFO [cinic10.utils] atomic_torch_save -> outputs/03_models/resnet18_finetune/seed_3407/last.ckpt
2026-03-24 12:18:00 INFO [cinic10.utils] Writing JSON to outputs/03_models/resnet18_finetune/seed_3407/epoch_metrics.json
2026-03-24 12:18:00 INFO [cinic10.utils] Writing JSON to outputs/03_models/resnet18_finetune/seed_3407/epoch_resource_stats.json
2026-03-24 12:18:00 INFO [cinic10.training.engine] Saving checkpoint outputs/03_models/resnet18_finetune/seed_3407/best.pt status=best epoch=5
2026-03-24 12:18:00 INFO [cinic10.utils] atomic_torch_save -> outputs/03_models/resnet18_finetune/seed_3407/best.pt
2026-03-24 12:18:00 INFO [cinic10.utils] save_model_weights_optimized -> outputs/03_models/resnet18_finetune/seed_3407/best.safetensors
2026-03-24 12:18:00 INFO [cinic10.training.engine] New best checkpoint at epoch 5 best_val_acc=0.6925
2026-03-24 12:18:00 INFO [cinic10.training.engine] Saving checkpoint outputs/03_models/resnet18_finetune/seed_3407/last.ckpt status=running epoch=5
2026-03-24 12:18:00 INFO [cinic10.utils] atomic_torch_save -> outputs/03_models/resnet18_finetune/seed_3407/last.ckpt
2026-03-24 12:18:42 INFO [cinic10.utils] Writing JSON to outputs/03_models/resnet18_finetune/seed_3407/epoch_metrics.json
2026-03-24 12:18:42 INFO [cinic10.utils] Writing JSON to outputs/03_models/resnet18_finetune/seed_3407/epoch_resource_stats.json
2026-03-24 12:18:42 INFO [cinic10.training.engine] Saving checkpoint outputs/03_models/resnet18_finetune/seed_3407/best.pt status=best epoch=6
2026-03-24 12:18:42 INFO [cinic10.utils] atomic_torch_save -> outputs/03_models/resnet18_finetune/seed_3407/best.pt
2026-03-24 12:18:42 INFO [cinic10.utils] save_model_weights_optimized -> outputs/03_models/resnet18_finetune/seed_3407/best.safetensors
2026-03-24 12:18:42 INFO [cinic10.training.engine] New best checkpoint at epoch 6 best_val_acc=0.6988
2026-03-24 12:18:42 INFO [cinic10.training.engine] Saving checkpoint outputs/03_models/resnet18_finetune/seed_3407/last.ckpt status=running epoch=6
2026-03-24 12:18:42 INFO [cinic10.utils] atomic_torch_save -> outputs/03_models/resnet18_finetune/seed_3407/last.ckpt
2026-03-24 12:19:23 INFO [cinic10.utils] Writing JSON to outputs/03_models/resnet18_finetune/seed_3407/epoch_metrics.json
2026-03-24 12:19:23 INFO [cinic10.utils] Writing JSON to outputs/03_models/resnet18_finetune/seed_3407/epoch_resource_stats.json
2026-03-24 12:19:23 INFO [cinic10.training.engine] Saving checkpoint outputs/03_models/resnet18_finetune/seed_3407/best.pt status=best epoch=7
2026-03-24 12:19:23 INFO [cinic10.utils] atomic_torch_save -> outputs/03_models/resnet18_finetune/seed_3407/best.pt
2026-03-24 12:19:23 INFO [cinic10.utils] save_model_weights_optimized -> outputs/03_models/resnet18_finetune/seed_3407/best.safetensors
2026-03-24 12:19:23 INFO [cinic10.training.engine] New best checkpoint at epoch 7 best_val_acc=0.7062
2026-03-24 12:19:23 INFO [cinic10.training.engine] Saving checkpoint outputs/03_models/resnet18_finetune/seed_3407/last.ckpt status=running epoch=7
2026-03-24 12:19:23 INFO [cinic10.utils] atomic_torch_save -> outputs/03_models/resnet18_finetune/seed_3407/last.ckpt
2026-03-24 12:20:05 INFO [cinic10.utils] Writing JSON to outputs/03_models/resnet18_finetune/seed_3407/epoch_metrics.json
2026-03-24 12:20:05 INFO [cinic10.utils] Writing JSON to outputs/03_models/resnet18_finetune/seed_3407/epoch_resource_stats.json
2026-03-24 12:20:05 INFO [cinic10.training.engine] Saving checkpoint outputs/03_models/resnet18_finetune/seed_3407/best.pt status=best epoch=8
2026-03-24 12:20:05 INFO [cinic10.utils] atomic_torch_save -> outputs/03_models/resnet18_finetune/seed_3407/best.pt
2026-03-24 12:20:05 INFO [cinic10.utils] save_model_weights_optimized -> outputs/03_models/resnet18_finetune/seed_3407/best.safetensors
2026-03-24 12:20:05 INFO [cinic10.training.engine] New best checkpoint at epoch 8 best_val_acc=0.7125
2026-03-24 12:20:05 INFO [cinic10.training.engine] Saving checkpoint outputs/03_models/resnet18_finetune/seed_3407/last.ckpt status=running epoch=8
2026-03-24 12:20:05 INFO [cinic10.utils] atomic_torch_save -> outputs/03_models/resnet18_finetune/seed_3407/last.ckpt
2026-03-24 12:20:46 INFO [cinic10.utils] Writing JSON to outputs/03_models/resnet18_finetune/seed_3407/epoch_metrics.json
2026-03-24 12:20:46 INFO [cinic10.utils] Writing JSON to outputs/03_models/resnet18_finetune/seed_3407/epoch_resource_stats.json
2026-03-24 12:20:46 INFO [cinic10.training.engine] Saving checkpoint outputs/03_models/resnet18_finetune/seed_3407/last.ckpt status=running epoch=9
2026-03-24 12:20:46 INFO [cinic10.utils] atomic_torch_save -> outputs/03_models/resnet18_finetune/seed_3407/last.ckpt
2026-03-24 12:21:27 INFO [cinic10.utils] Writing JSON to outputs/03_models/resnet18_finetune/seed_3407/epoch_metrics.json
2026-03-24 12:21:28 INFO [cinic10.utils] Writing JSON to outputs/03_models/resnet18_finetune/seed_3407/epoch_resource_stats.json
2026-03-24 12:21:28 INFO [cinic10.training.engine] Saving checkpoint outputs/03_models/resnet18_finetune/seed_3407/best.pt status=best epoch=10
2026-03-24 12:21:28 INFO [cinic10.utils] atomic_torch_save -> outputs/03_models/resnet18_finetune/seed_3407/best.pt
2026-03-24 12:21:28 INFO [cinic10.utils] save_model_weights_optimized -> outputs/03_models/resnet18_finetune/seed_3407/best.safetensors
2026-03-24 12:21:28 INFO [cinic10.training.engine] New best checkpoint at epoch 10 best_val_acc=0.7127
2026-03-24 12:21:28 INFO [cinic10.training.engine] Saving checkpoint outputs/03_models/resnet18_finetune/seed_3407/last.ckpt status=running epoch=10
2026-03-24 12:21:28 INFO [cinic10.utils] atomic_torch_save -> outputs/03_models/resnet18_finetune/seed_3407/last.ckpt
2026-03-24 12:22:07 INFO [cinic10.utils] Writing JSON to outputs/03_models/resnet18_finetune/seed_3407/epoch_metrics.json
2026-03-24 12:22:07 INFO [cinic10.utils] Writing JSON to outputs/03_models/resnet18_finetune/seed_3407/epoch_resource_stats.json
2026-03-24 12:22:07 INFO [cinic10.training.engine] Saving checkpoint outputs/03_models/resnet18_finetune/seed_3407/best.pt status=best epoch=11
2026-03-24 12:22:07 INFO [cinic10.utils] atomic_torch_save -> outputs/03_models/resnet18_finetune/seed_3407/best.pt
2026-03-24 12:22:08 INFO [cinic10.utils] save_model_weights_optimized -> outputs/03_models/resnet18_finetune/seed_3407/best.safetensors
2026-03-24 12:22:08 INFO [cinic10.training.engine] New best checkpoint at epoch 11 best_val_acc=0.7156
2026-03-24 12:22:08 INFO [cinic10.training.engine] Saving checkpoint outputs/03_models/resnet18_finetune/seed_3407/last.ckpt status=running epoch=11
2026-03-24 12:22:08 INFO [cinic10.utils] atomic_torch_save -> outputs/03_models/resnet18_finetune/seed_3407/last.ckpt
2026-03-24 12:22:47 INFO [cinic10.utils] Writing JSON to outputs/03_models/resnet18_finetune/seed_3407/epoch_metrics.json
2026-03-24 12:22:47 INFO [cinic10.utils] Writing JSON to outputs/03_models/resnet18_finetune/seed_3407/epoch_resource_stats.json
2026-03-24 12:22:47 INFO [cinic10.training.engine] Saving checkpoint outputs/03_models/resnet18_finetune/seed_3407/best.pt status=best epoch=12
2026-03-24 12:22:47 INFO [cinic10.utils] atomic_torch_save -> outputs/03_models/resnet18_finetune/seed_3407/best.pt
2026-03-24 12:22:48 INFO [cinic10.utils] save_model_weights_optimized -> outputs/03_models/resnet18_finetune/seed_3407/best.safetensors
2026-03-24 12:22:48 INFO [cinic10.training.engine] New best checkpoint at epoch 12 best_val_acc=0.7189
2026-03-24 12:22:48 INFO [cinic10.training.engine] Saving checkpoint outputs/03_models/resnet18_finetune/seed_3407/last.ckpt status=running epoch=12
2026-03-24 12:22:48 INFO [cinic10.utils] atomic_torch_save -> outputs/03_models/resnet18_finetune/seed_3407/last.ckpt
2026-03-24 12:23:27 INFO [cinic10.utils] Writing JSON to outputs/03_models/resnet18_finetune/seed_3407/epoch_metrics.json
2026-03-24 12:23:27 INFO [cinic10.utils] Writing JSON to outputs/03_models/resnet18_finetune/seed_3407/epoch_resource_stats.json
2026-03-24 12:23:27 INFO [cinic10.training.engine] Saving checkpoint outputs/03_models/resnet18_finetune/seed_3407/best.pt status=best epoch=13
2026-03-24 12:23:27 INFO [cinic10.utils] atomic_torch_save -> outputs/03_models/resnet18_finetune/seed_3407/best.pt
2026-03-24 12:23:27 INFO [cinic10.utils] save_model_weights_optimized -> outputs/03_models/resnet18_finetune/seed_3407/best.safetensors
2026-03-24 12:23:27 INFO [cinic10.training.engine] New best checkpoint at epoch 13 best_val_acc=0.7226
2026-03-24 12:23:27 INFO [cinic10.training.engine] Saving checkpoint outputs/03_models/resnet18_finetune/seed_3407/last.ckpt status=running epoch=13
2026-03-24 12:23:27 INFO [cinic10.utils] atomic_torch_save -> outputs/03_models/resnet18_finetune/seed_3407/last.ckpt
2026-03-24 12:24:07 INFO [cinic10.utils] Writing JSON to outputs/03_models/resnet18_finetune/seed_3407/epoch_metrics.json
2026-03-24 12:24:07 INFO [cinic10.utils] Writing JSON to outputs/03_models/resnet18_finetune/seed_3407/epoch_resource_stats.json
2026-03-24 12:24:07 INFO [cinic10.training.engine] Saving checkpoint outputs/03_models/resnet18_finetune/seed_3407/last.ckpt status=running epoch=14
2026-03-24 12:24:07 INFO [cinic10.utils] atomic_torch_save -> outputs/03_models/resnet18_finetune/seed_3407/last.ckpt
2026-03-24 12:24:47 INFO [cinic10.utils] Writing JSON to outputs/03_models/resnet18_finetune/seed_3407/epoch_metrics.json
2026-03-24 12:24:47 INFO [cinic10.utils] Writing JSON to outputs/03_models/resnet18_finetune/seed_3407/epoch_resource_stats.json
2026-03-24 12:24:47 INFO [cinic10.training.engine] Saving checkpoint outputs/03_models/resnet18_finetune/seed_3407/last.ckpt status=running epoch=15
2026-03-24 12:24:47 INFO [cinic10.utils] atomic_torch_save -> outputs/03_models/resnet18_finetune/seed_3407/last.ckpt
2026-03-24 12:25:27 INFO [cinic10.utils] Writing JSON to outputs/03_models/resnet18_finetune/seed_3407/epoch_metrics.json
2026-03-24 12:25:27 INFO [cinic10.utils] Writing JSON to outputs/03_models/resnet18_finetune/seed_3407/epoch_resource_stats.json
2026-03-24 12:25:27 INFO [cinic10.training.engine] Saving checkpoint outputs/03_models/resnet18_finetune/seed_3407/last.ckpt status=running epoch=16
2026-03-24 12:25:27 INFO [cinic10.utils] atomic_torch_save -> outputs/03_models/resnet18_finetune/seed_3407/last.ckpt
2026-03-24 12:26:06 INFO [cinic10.utils] Writing JSON to outputs/03_models/resnet18_finetune/seed_3407/epoch_metrics.json
2026-03-24 12:26:06 INFO [cinic10.utils] Writing JSON to outputs/03_models/resnet18_finetune/seed_3407/epoch_resource_stats.json
2026-03-24 12:26:06 INFO [cinic10.training.engine] Saving checkpoint outputs/03_models/resnet18_finetune/seed_3407/last.ckpt status=running epoch=17
2026-03-24 12:26:06 INFO [cinic10.utils] atomic_torch_save -> outputs/03_models/resnet18_finetune/seed_3407/last.ckpt
2026-03-24 12:26:46 INFO [cinic10.utils] Writing JSON to outputs/03_models/resnet18_finetune/seed_3407/epoch_metrics.json
2026-03-24 12:26:46 INFO [cinic10.training.engine] Early stopping triggered at epoch 18: val_loss=0.870355 did not improve by >= 0.01 (best in last 10: 0.817976, best before: 0.822918)
2026-03-24 12:26:46 INFO [cinic10.training.engine] Saving checkpoint outputs/03_models/resnet18_finetune/seed_3407/last.ckpt status=completed epoch=17
2026-03-24 12:26:46 INFO [cinic10.utils] atomic_torch_save -> outputs/03_models/resnet18_finetune/seed_3407/last.ckpt
2026-03-24 12:26:46 INFO [cinic10.training.engine] fit: completed run output=outputs/03_models/resnet18_finetune/seed_3407 best_val_acc=0.7226
2026-03-24 12:26:46 INFO [cinic10.utils] Writing JSON to outputs/03_models/resnet18_finetune/seed_3407/metrics.json
2026-03-24 12:26:46 INFO [__main__] Fit finished
2026-03-24 12:26:59 INFO [__main__] Test metrics: loss=0.8326707489013672 accuracy=0.7195444444444444
2026-03-24 12:26:59 INFO [cinic10.utils] Writing JSON to outputs/03_models/resnet18_finetune/seed_3407/test_metrics.json
