2026-03-21 13:05:34 INFO [__main__] run_grid_search: data=data output=outputs/01_grid__epochs_mobilenet/seed_42
2026-03-21 13:05:34 INFO [cinic10.config] build_mobilenet_grid: data_root=data seed=42 epochs=100
2026-03-21 13:05:34 INFO [__main__] Starting run 0 with config: TrainingConfig(data_root=PosixPath('data'), output_dir=PosixPath('outputs/01_grid__epochs_mobilenet/seed_42/run_000'), architecture='mobilenet_v3_small', seed=42, epochs=100, batch_size=128, learning_rate=0.0003, optimizer='sgd', momentum=0.9, weight_decay=0.0, dropout=0.0, num_workers=4, augmentation='standard', mix_alpha=1.0, pretrained=True, train_fraction=1.0, checkpoint_interval=1, nas_entropy_weight=0.001, nas_temperature_start=5.0, nas_temperature_end=0.5, arch_learning_rate=0.0003, arch_weight_decay=0.0, device='cpu')
2026-03-21 13:05:35 INFO [cinic10.models.factory] create_model: mobilenet_v3_small pretrained=False dropout=0.0
2026-03-21 13:05:35 INFO [cinic10.training.engine] fit: starting run output=outputs/01_grid__epochs_mobilenet/seed_42/run_000 epochs=100 device=mps
2026-03-21 13:06:08 INFO [cinic10.utils] Writing JSON to outputs/01_grid__epochs_mobilenet/seed_42/run_000/epoch_metrics.json
2026-03-21 13:06:08 INFO [cinic10.utils] Writing JSON to outputs/01_grid__epochs_mobilenet/seed_42/run_000/epoch_resource_stats.json
2026-03-21 13:06:08 INFO [cinic10.training.engine] Saving checkpoint outputs/01_grid__epochs_mobilenet/seed_42/run_000/best.pt status=best epoch=1
2026-03-21 13:06:08 INFO [cinic10.utils] atomic_torch_save -> outputs/01_grid__epochs_mobilenet/seed_42/run_000/best.pt
2026-03-21 13:06:08 INFO [cinic10.utils] save_model_weights_optimized -> outputs/01_grid__epochs_mobilenet/seed_42/run_000/best.safetensors
2026-03-21 13:06:09 INFO [cinic10.training.engine] New best checkpoint at epoch 1 best_val_acc=0.1693
2026-03-21 13:06:09 INFO [cinic10.training.engine] Saving checkpoint outputs/01_grid__epochs_mobilenet/seed_42/run_000/last.ckpt status=running epoch=1
2026-03-21 13:06:09 INFO [cinic10.utils] atomic_torch_save -> outputs/01_grid__epochs_mobilenet/seed_42/run_000/last.ckpt
2026-03-21 13:06:31 INFO [cinic10.utils] Writing JSON to outputs/01_grid__epochs_mobilenet/seed_42/run_000/epoch_metrics.json
2026-03-21 13:06:31 INFO [cinic10.utils] Writing JSON to outputs/01_grid__epochs_mobilenet/seed_42/run_000/epoch_resource_stats.json
2026-03-21 13:06:31 INFO [cinic10.training.engine] Saving checkpoint outputs/01_grid__epochs_mobilenet/seed_42/run_000/best.pt status=best epoch=2
2026-03-21 13:06:31 INFO [cinic10.utils] atomic_torch_save -> outputs/01_grid__epochs_mobilenet/seed_42/run_000/best.pt
2026-03-21 13:06:31 INFO [cinic10.utils] save_model_weights_optimized -> outputs/01_grid__epochs_mobilenet/seed_42/run_000/best.safetensors
2026-03-21 13:06:31 INFO [cinic10.training.engine] New best checkpoint at epoch 2 best_val_acc=0.2245
2026-03-21 13:06:31 INFO [cinic10.training.engine] Saving checkpoint outputs/01_grid__epochs_mobilenet/seed_42/run_000/last.ckpt status=running epoch=2
2026-03-21 13:06:31 INFO [cinic10.utils] atomic_torch_save -> outputs/01_grid__epochs_mobilenet/seed_42/run_000/last.ckpt
2026-03-21 13:06:53 INFO [cinic10.utils] Writing JSON to outputs/01_grid__epochs_mobilenet/seed_42/run_000/epoch_metrics.json
2026-03-21 13:06:53 INFO [cinic10.utils] Writing JSON to outputs/01_grid__epochs_mobilenet/seed_42/run_000/epoch_resource_stats.json
2026-03-21 13:06:53 INFO [cinic10.training.engine] Saving checkpoint outputs/01_grid__epochs_mobilenet/seed_42/run_000/best.pt status=best epoch=3
2026-03-21 13:06:53 INFO [cinic10.utils] atomic_torch_save -> outputs/01_grid__epochs_mobilenet/seed_42/run_000/best.pt
2026-03-21 13:06:53 INFO [cinic10.utils] save_model_weights_optimized -> outputs/01_grid__epochs_mobilenet/seed_42/run_000/best.safetensors
2026-03-21 13:06:54 INFO [cinic10.training.engine] New best checkpoint at epoch 3 best_val_acc=0.2683
2026-03-21 13:06:54 INFO [cinic10.training.engine] Saving checkpoint outputs/01_grid__epochs_mobilenet/seed_42/run_000/last.ckpt status=running epoch=3
2026-03-21 13:06:54 INFO [cinic10.utils] atomic_torch_save -> outputs/01_grid__epochs_mobilenet/seed_42/run_000/last.ckpt
2026-03-21 13:07:19 INFO [cinic10.utils] Writing JSON to outputs/01_grid__epochs_mobilenet/seed_42/run_000/epoch_metrics.json
2026-03-21 13:07:19 INFO [cinic10.utils] Writing JSON to outputs/01_grid__epochs_mobilenet/seed_42/run_000/epoch_resource_stats.json
2026-03-21 13:07:19 INFO [cinic10.training.engine] Saving checkpoint outputs/01_grid__epochs_mobilenet/seed_42/run_000/best.pt status=best epoch=4
2026-03-21 13:07:19 INFO [cinic10.utils] atomic_torch_save -> outputs/01_grid__epochs_mobilenet/seed_42/run_000/best.pt
2026-03-21 13:07:19 INFO [cinic10.utils] save_model_weights_optimized -> outputs/01_grid__epochs_mobilenet/seed_42/run_000/best.safetensors
2026-03-21 13:07:19 INFO [cinic10.training.engine] New best checkpoint at epoch 4 best_val_acc=0.3001
2026-03-21 13:07:19 INFO [cinic10.training.engine] Saving checkpoint outputs/01_grid__epochs_mobilenet/seed_42/run_000/last.ckpt status=running epoch=4
2026-03-21 13:07:19 INFO [cinic10.utils] atomic_torch_save -> outputs/01_grid__epochs_mobilenet/seed_42/run_000/last.ckpt
2026-03-21 13:07:44 INFO [cinic10.utils] Writing JSON to outputs/01_grid__epochs_mobilenet/seed_42/run_000/epoch_metrics.json
2026-03-21 13:07:44 INFO [cinic10.utils] Writing JSON to outputs/01_grid__epochs_mobilenet/seed_42/run_000/epoch_resource_stats.json
2026-03-21 13:07:44 INFO [cinic10.training.engine] Saving checkpoint outputs/01_grid__epochs_mobilenet/seed_42/run_000/best.pt status=best epoch=5
2026-03-21 13:07:44 INFO [cinic10.utils] atomic_torch_save -> outputs/01_grid__epochs_mobilenet/seed_42/run_000/best.pt
2026-03-21 13:07:44 INFO [cinic10.utils] save_model_weights_optimized -> outputs/01_grid__epochs_mobilenet/seed_42/run_000/best.safetensors
2026-03-21 13:07:44 INFO [cinic10.training.engine] New best checkpoint at epoch 5 best_val_acc=0.3269
2026-03-21 13:07:44 INFO [cinic10.training.engine] Saving checkpoint outputs/01_grid__epochs_mobilenet/seed_42/run_000/last.ckpt status=running epoch=5
2026-03-21 13:07:44 INFO [cinic10.utils] atomic_torch_save -> outputs/01_grid__epochs_mobilenet/seed_42/run_000/last.ckpt
2026-03-21 13:08:05 INFO [cinic10.utils] Writing JSON to outputs/01_grid__epochs_mobilenet/seed_42/run_000/epoch_metrics.json
2026-03-21 13:08:05 INFO [cinic10.utils] Writing JSON to outputs/01_grid__epochs_mobilenet/seed_42/run_000/epoch_resource_stats.json
2026-03-21 13:08:05 INFO [cinic10.training.engine] Saving checkpoint outputs/01_grid__epochs_mobilenet/seed_42/run_000/best.pt status=best epoch=6
2026-03-21 13:08:05 INFO [cinic10.utils] atomic_torch_save -> outputs/01_grid__epochs_mobilenet/seed_42/run_000/best.pt
2026-03-21 13:08:05 INFO [cinic10.utils] save_model_weights_optimized -> outputs/01_grid__epochs_mobilenet/seed_42/run_000/best.safetensors
2026-03-21 13:08:05 INFO [cinic10.training.engine] New best checkpoint at epoch 6 best_val_acc=0.3499
2026-03-21 13:08:05 INFO [cinic10.training.engine] Saving checkpoint outputs/01_grid__epochs_mobilenet/seed_42/run_000/last.ckpt status=running epoch=6
2026-03-21 13:08:05 INFO [cinic10.utils] atomic_torch_save -> outputs/01_grid__epochs_mobilenet/seed_42/run_000/last.ckpt
2026-03-21 13:08:26 INFO [cinic10.utils] Writing JSON to outputs/01_grid__epochs_mobilenet/seed_42/run_000/epoch_metrics.json
2026-03-21 13:08:26 INFO [cinic10.utils] Writing JSON to outputs/01_grid__epochs_mobilenet/seed_42/run_000/epoch_resource_stats.json
2026-03-21 13:08:26 INFO [cinic10.training.engine] Saving checkpoint outputs/01_grid__epochs_mobilenet/seed_42/run_000/best.pt status=best epoch=7
2026-03-21 13:08:26 INFO [cinic10.utils] atomic_torch_save -> outputs/01_grid__epochs_mobilenet/seed_42/run_000/best.pt
2026-03-21 13:08:26 INFO [cinic10.utils] save_model_weights_optimized -> outputs/01_grid__epochs_mobilenet/seed_42/run_000/best.safetensors
2026-03-21 13:08:26 INFO [cinic10.training.engine] New best checkpoint at epoch 7 best_val_acc=0.3672
2026-03-21 13:08:26 INFO [cinic10.training.engine] Saving checkpoint outputs/01_grid__epochs_mobilenet/seed_42/run_000/last.ckpt status=running epoch=7
2026-03-21 13:08:26 INFO [cinic10.utils] atomic_torch_save -> outputs/01_grid__epochs_mobilenet/seed_42/run_000/last.ckpt
2026-03-21 13:08:46 INFO [cinic10.utils] Writing JSON to outputs/01_grid__epochs_mobilenet/seed_42/run_000/epoch_metrics.json
2026-03-21 13:08:46 INFO [cinic10.utils] Writing JSON to outputs/01_grid__epochs_mobilenet/seed_42/run_000/epoch_resource_stats.json
2026-03-21 13:08:46 INFO [cinic10.training.engine] Saving checkpoint outputs/01_grid__epochs_mobilenet/seed_42/run_000/best.pt status=best epoch=8
2026-03-21 13:08:46 INFO [cinic10.utils] atomic_torch_save -> outputs/01_grid__epochs_mobilenet/seed_42/run_000/best.pt
2026-03-21 13:08:46 INFO [cinic10.utils] save_model_weights_optimized -> outputs/01_grid__epochs_mobilenet/seed_42/run_000/best.safetensors
2026-03-21 13:08:46 INFO [cinic10.training.engine] New best checkpoint at epoch 8 best_val_acc=0.3829
2026-03-21 13:08:46 INFO [cinic10.training.engine] Saving checkpoint outputs/01_grid__epochs_mobilenet/seed_42/run_000/last.ckpt status=running epoch=8
2026-03-21 13:08:46 INFO [cinic10.utils] atomic_torch_save -> outputs/01_grid__epochs_mobilenet/seed_42/run_000/last.ckpt
2026-03-21 13:09:05 INFO [cinic10.utils] Writing JSON to outputs/01_grid__epochs_mobilenet/seed_42/run_000/epoch_metrics.json
2026-03-21 13:09:05 INFO [cinic10.utils] Writing JSON to outputs/01_grid__epochs_mobilenet/seed_42/run_000/epoch_resource_stats.json
2026-03-21 13:09:05 INFO [cinic10.training.engine] Saving checkpoint outputs/01_grid__epochs_mobilenet/seed_42/run_000/best.pt status=best epoch=9
2026-03-21 13:09:05 INFO [cinic10.utils] atomic_torch_save -> outputs/01_grid__epochs_mobilenet/seed_42/run_000/best.pt
2026-03-21 13:09:05 INFO [cinic10.utils] save_model_weights_optimized -> outputs/01_grid__epochs_mobilenet/seed_42/run_000/best.safetensors
2026-03-21 13:09:05 INFO [cinic10.training.engine] New best checkpoint at epoch 9 best_val_acc=0.3893
2026-03-21 13:09:05 INFO [cinic10.training.engine] Saving checkpoint outputs/01_grid__epochs_mobilenet/seed_42/run_000/last.ckpt status=running epoch=9
2026-03-21 13:09:05 INFO [cinic10.utils] atomic_torch_save -> outputs/01_grid__epochs_mobilenet/seed_42/run_000/last.ckpt
2026-03-21 13:09:25 INFO [cinic10.utils] Writing JSON to outputs/01_grid__epochs_mobilenet/seed_42/run_000/epoch_metrics.json
2026-03-21 13:09:25 INFO [cinic10.utils] Writing JSON to outputs/01_grid__epochs_mobilenet/seed_42/run_000/epoch_resource_stats.json
2026-03-21 13:09:25 INFO [cinic10.training.engine] Saving checkpoint outputs/01_grid__epochs_mobilenet/seed_42/run_000/best.pt status=best epoch=10
2026-03-21 13:09:25 INFO [cinic10.utils] atomic_torch_save -> outputs/01_grid__epochs_mobilenet/seed_42/run_000/best.pt
2026-03-21 13:09:25 INFO [cinic10.utils] save_model_weights_optimized -> outputs/01_grid__epochs_mobilenet/seed_42/run_000/best.safetensors
2026-03-21 13:09:25 INFO [cinic10.training.engine] New best checkpoint at epoch 10 best_val_acc=0.3996
2026-03-21 13:09:25 INFO [cinic10.training.engine] Saving checkpoint outputs/01_grid__epochs_mobilenet/seed_42/run_000/last.ckpt status=running epoch=10
2026-03-21 13:09:25 INFO [cinic10.utils] atomic_torch_save -> outputs/01_grid__epochs_mobilenet/seed_42/run_000/last.ckpt
2026-03-21 13:09:45 INFO [cinic10.utils] Writing JSON to outputs/01_grid__epochs_mobilenet/seed_42/run_000/epoch_metrics.json
2026-03-21 13:09:45 INFO [cinic10.utils] Writing JSON to outputs/01_grid__epochs_mobilenet/seed_42/run_000/epoch_resource_stats.json
2026-03-21 13:09:45 INFO [cinic10.training.engine] Saving checkpoint outputs/01_grid__epochs_mobilenet/seed_42/run_000/best.pt status=best epoch=11
2026-03-21 13:09:45 INFO [cinic10.utils] atomic_torch_save -> outputs/01_grid__epochs_mobilenet/seed_42/run_000/best.pt
2026-03-21 13:09:45 INFO [cinic10.utils] save_model_weights_optimized -> outputs/01_grid__epochs_mobilenet/seed_42/run_000/best.safetensors
2026-03-21 13:09:45 INFO [cinic10.training.engine] New best checkpoint at epoch 11 best_val_acc=0.4072
2026-03-21 13:09:45 INFO [cinic10.training.engine] Saving checkpoint outputs/01_grid__epochs_mobilenet/seed_42/run_000/last.ckpt status=running epoch=11
2026-03-21 13:09:45 INFO [cinic10.utils] atomic_torch_save -> outputs/01_grid__epochs_mobilenet/seed_42/run_000/last.ckpt
2026-03-21 13:10:08 INFO [cinic10.utils] Writing JSON to outputs/01_grid__epochs_mobilenet/seed_42/run_000/epoch_metrics.json
2026-03-21 13:10:08 INFO [cinic10.utils] Writing JSON to outputs/01_grid__epochs_mobilenet/seed_42/run_000/epoch_resource_stats.json
2026-03-21 13:10:08 INFO [cinic10.training.engine] Saving checkpoint outputs/01_grid__epochs_mobilenet/seed_42/run_000/best.pt status=best epoch=12
2026-03-21 13:10:08 INFO [cinic10.utils] atomic_torch_save -> outputs/01_grid__epochs_mobilenet/seed_42/run_000/best.pt
2026-03-21 13:10:08 INFO [cinic10.utils] save_model_weights_optimized -> outputs/01_grid__epochs_mobilenet/seed_42/run_000/best.safetensors
2026-03-21 13:10:08 INFO [cinic10.training.engine] New best checkpoint at epoch 12 best_val_acc=0.4152
2026-03-21 13:10:08 INFO [cinic10.training.engine] Saving checkpoint outputs/01_grid__epochs_mobilenet/seed_42/run_000/last.ckpt status=running epoch=12
2026-03-21 13:10:08 INFO [cinic10.utils] atomic_torch_save -> outputs/01_grid__epochs_mobilenet/seed_42/run_000/last.ckpt
2026-03-21 13:10:31 INFO [cinic10.utils] Writing JSON to outputs/01_grid__epochs_mobilenet/seed_42/run_000/epoch_metrics.json
2026-03-21 13:10:31 INFO [cinic10.utils] Writing JSON to outputs/01_grid__epochs_mobilenet/seed_42/run_000/epoch_resource_stats.json
2026-03-21 13:10:31 INFO [cinic10.training.engine] Saving checkpoint outputs/01_grid__epochs_mobilenet/seed_42/run_000/best.pt status=best epoch=13
2026-03-21 13:10:31 INFO [cinic10.utils] atomic_torch_save -> outputs/01_grid__epochs_mobilenet/seed_42/run_000/best.pt
2026-03-21 13:10:31 INFO [cinic10.utils] save_model_weights_optimized -> outputs/01_grid__epochs_mobilenet/seed_42/run_000/best.safetensors
2026-03-21 13:10:31 INFO [cinic10.training.engine] New best checkpoint at epoch 13 best_val_acc=0.4203
2026-03-21 13:10:31 INFO [cinic10.training.engine] Saving checkpoint outputs/01_grid__epochs_mobilenet/seed_42/run_000/last.ckpt status=running epoch=13
2026-03-21 13:10:31 INFO [cinic10.utils] atomic_torch_save -> outputs/01_grid__epochs_mobilenet/seed_42/run_000/last.ckpt
2026-03-21 13:10:54 INFO [cinic10.utils] Writing JSON to outputs/01_grid__epochs_mobilenet/seed_42/run_000/epoch_metrics.json
2026-03-21 13:10:54 INFO [cinic10.utils] Writing JSON to outputs/01_grid__epochs_mobilenet/seed_42/run_000/epoch_resource_stats.json
2026-03-21 13:10:54 INFO [cinic10.training.engine] Saving checkpoint outputs/01_grid__epochs_mobilenet/seed_42/run_000/best.pt status=best epoch=14
2026-03-21 13:10:54 INFO [cinic10.utils] atomic_torch_save -> outputs/01_grid__epochs_mobilenet/seed_42/run_000/best.pt
2026-03-21 13:10:54 INFO [cinic10.utils] save_model_weights_optimized -> outputs/01_grid__epochs_mobilenet/seed_42/run_000/best.safetensors
2026-03-21 13:10:54 INFO [cinic10.training.engine] New best checkpoint at epoch 14 best_val_acc=0.4247
2026-03-21 13:10:54 INFO [cinic10.training.engine] Saving checkpoint outputs/01_grid__epochs_mobilenet/seed_42/run_000/last.ckpt status=running epoch=14
2026-03-21 13:10:54 INFO [cinic10.utils] atomic_torch_save -> outputs/01_grid__epochs_mobilenet/seed_42/run_000/last.ckpt
2026-03-21 13:11:16 INFO [cinic10.utils] Writing JSON to outputs/01_grid__epochs_mobilenet/seed_42/run_000/epoch_metrics.json
2026-03-21 13:11:16 INFO [cinic10.utils] Writing JSON to outputs/01_grid__epochs_mobilenet/seed_42/run_000/epoch_resource_stats.json
2026-03-21 13:11:16 INFO [cinic10.training.engine] Saving checkpoint outputs/01_grid__epochs_mobilenet/seed_42/run_000/best.pt status=best epoch=15
2026-03-21 13:11:16 INFO [cinic10.utils] atomic_torch_save -> outputs/01_grid__epochs_mobilenet/seed_42/run_000/best.pt
2026-03-21 13:11:17 INFO [cinic10.utils] save_model_weights_optimized -> outputs/01_grid__epochs_mobilenet/seed_42/run_000/best.safetensors
2026-03-21 13:11:17 INFO [cinic10.training.engine] New best checkpoint at epoch 15 best_val_acc=0.4302
2026-03-21 13:11:17 INFO [cinic10.training.engine] Saving checkpoint outputs/01_grid__epochs_mobilenet/seed_42/run_000/last.ckpt status=running epoch=15
2026-03-21 13:11:17 INFO [cinic10.utils] atomic_torch_save -> outputs/01_grid__epochs_mobilenet/seed_42/run_000/last.ckpt
2026-03-21 13:11:40 INFO [cinic10.utils] Writing JSON to outputs/01_grid__epochs_mobilenet/seed_42/run_000/epoch_metrics.json
2026-03-21 13:11:40 INFO [cinic10.utils] Writing JSON to outputs/01_grid__epochs_mobilenet/seed_42/run_000/epoch_resource_stats.json
2026-03-21 13:11:40 INFO [cinic10.training.engine] Saving checkpoint outputs/01_grid__epochs_mobilenet/seed_42/run_000/best.pt status=best epoch=16
2026-03-21 13:11:40 INFO [cinic10.utils] atomic_torch_save -> outputs/01_grid__epochs_mobilenet/seed_42/run_000/best.pt
2026-03-21 13:11:40 INFO [cinic10.utils] save_model_weights_optimized -> outputs/01_grid__epochs_mobilenet/seed_42/run_000/best.safetensors
2026-03-21 13:11:40 INFO [cinic10.training.engine] New best checkpoint at epoch 16 best_val_acc=0.4347
2026-03-21 13:11:40 INFO [cinic10.training.engine] Saving checkpoint outputs/01_grid__epochs_mobilenet/seed_42/run_000/last.ckpt status=running epoch=16
2026-03-21 13:11:40 INFO [cinic10.utils] atomic_torch_save -> outputs/01_grid__epochs_mobilenet/seed_42/run_000/last.ckpt
2026-03-21 13:12:03 INFO [cinic10.utils] Writing JSON to outputs/01_grid__epochs_mobilenet/seed_42/run_000/epoch_metrics.json
2026-03-21 13:12:03 INFO [cinic10.utils] Writing JSON to outputs/01_grid__epochs_mobilenet/seed_42/run_000/epoch_resource_stats.json
2026-03-21 13:12:03 INFO [cinic10.training.engine] Saving checkpoint outputs/01_grid__epochs_mobilenet/seed_42/run_000/best.pt status=best epoch=17
2026-03-21 13:12:03 INFO [cinic10.utils] atomic_torch_save -> outputs/01_grid__epochs_mobilenet/seed_42/run_000/best.pt
2026-03-21 13:12:03 INFO [cinic10.utils] save_model_weights_optimized -> outputs/01_grid__epochs_mobilenet/seed_42/run_000/best.safetensors
2026-03-21 13:12:03 INFO [cinic10.training.engine] New best checkpoint at epoch 17 best_val_acc=0.4349
2026-03-21 13:12:03 INFO [cinic10.training.engine] Saving checkpoint outputs/01_grid__epochs_mobilenet/seed_42/run_000/last.ckpt status=running epoch=17
2026-03-21 13:12:03 INFO [cinic10.utils] atomic_torch_save -> outputs/01_grid__epochs_mobilenet/seed_42/run_000/last.ckpt
2026-03-21 13:12:26 INFO [cinic10.utils] Writing JSON to outputs/01_grid__epochs_mobilenet/seed_42/run_000/epoch_metrics.json
2026-03-21 13:12:26 INFO [cinic10.utils] Writing JSON to outputs/01_grid__epochs_mobilenet/seed_42/run_000/epoch_resource_stats.json
2026-03-21 13:12:26 INFO [cinic10.training.engine] Saving checkpoint outputs/01_grid__epochs_mobilenet/seed_42/run_000/best.pt status=best epoch=18
2026-03-21 13:12:26 INFO [cinic10.utils] atomic_torch_save -> outputs/01_grid__epochs_mobilenet/seed_42/run_000/best.pt
2026-03-21 13:12:26 INFO [cinic10.utils] save_model_weights_optimized -> outputs/01_grid__epochs_mobilenet/seed_42/run_000/best.safetensors
2026-03-21 13:12:26 INFO [cinic10.training.engine] New best checkpoint at epoch 18 best_val_acc=0.4365
2026-03-21 13:12:26 INFO [cinic10.training.engine] Saving checkpoint outputs/01_grid__epochs_mobilenet/seed_42/run_000/last.ckpt status=running epoch=18
2026-03-21 13:12:26 INFO [cinic10.utils] atomic_torch_save -> outputs/01_grid__epochs_mobilenet/seed_42/run_000/last.ckpt
2026-03-21 13:12:48 INFO [cinic10.utils] Writing JSON to outputs/01_grid__epochs_mobilenet/seed_42/run_000/epoch_metrics.json
2026-03-21 13:12:48 INFO [cinic10.utils] Writing JSON to outputs/01_grid__epochs_mobilenet/seed_42/run_000/epoch_resource_stats.json
2026-03-21 13:12:48 INFO [cinic10.training.engine] Saving checkpoint outputs/01_grid__epochs_mobilenet/seed_42/run_000/best.pt status=best epoch=19
2026-03-21 13:12:48 INFO [cinic10.utils] atomic_torch_save -> outputs/01_grid__epochs_mobilenet/seed_42/run_000/best.pt
2026-03-21 13:12:48 INFO [cinic10.utils] save_model_weights_optimized -> outputs/01_grid__epochs_mobilenet/seed_42/run_000/best.safetensors
2026-03-21 13:12:48 INFO [cinic10.training.engine] New best checkpoint at epoch 19 best_val_acc=0.4409
2026-03-21 13:12:48 INFO [cinic10.training.engine] Saving checkpoint outputs/01_grid__epochs_mobilenet/seed_42/run_000/last.ckpt status=running epoch=19
2026-03-21 13:12:48 INFO [cinic10.utils] atomic_torch_save -> outputs/01_grid__epochs_mobilenet/seed_42/run_000/last.ckpt
2026-03-21 13:13:08 INFO [cinic10.utils] Writing JSON to outputs/01_grid__epochs_mobilenet/seed_42/run_000/epoch_metrics.json
2026-03-21 13:13:08 INFO [cinic10.utils] Writing JSON to outputs/01_grid__epochs_mobilenet/seed_42/run_000/epoch_resource_stats.json
2026-03-21 13:13:08 INFO [cinic10.training.engine] Saving checkpoint outputs/01_grid__epochs_mobilenet/seed_42/run_000/best.pt status=best epoch=20
2026-03-21 13:13:08 INFO [cinic10.utils] atomic_torch_save -> outputs/01_grid__epochs_mobilenet/seed_42/run_000/best.pt
2026-03-21 13:13:08 INFO [cinic10.utils] save_model_weights_optimized -> outputs/01_grid__epochs_mobilenet/seed_42/run_000/best.safetensors
2026-03-21 13:13:08 INFO [cinic10.training.engine] New best checkpoint at epoch 20 best_val_acc=0.4443
2026-03-21 13:13:08 INFO [cinic10.training.engine] Saving checkpoint outputs/01_grid__epochs_mobilenet/seed_42/run_000/last.ckpt status=running epoch=20
2026-03-21 13:13:08 INFO [cinic10.utils] atomic_torch_save -> outputs/01_grid__epochs_mobilenet/seed_42/run_000/last.ckpt
2026-03-21 13:13:29 INFO [cinic10.utils] Writing JSON to outputs/01_grid__epochs_mobilenet/seed_42/run_000/epoch_metrics.json
2026-03-21 13:13:29 INFO [cinic10.utils] Writing JSON to outputs/01_grid__epochs_mobilenet/seed_42/run_000/epoch_resource_stats.json
2026-03-21 13:13:29 INFO [cinic10.training.engine] Saving checkpoint outputs/01_grid__epochs_mobilenet/seed_42/run_000/best.pt status=best epoch=21
2026-03-21 13:13:29 INFO [cinic10.utils] atomic_torch_save -> outputs/01_grid__epochs_mobilenet/seed_42/run_000/best.pt
2026-03-21 13:13:29 INFO [cinic10.utils] save_model_weights_optimized -> outputs/01_grid__epochs_mobilenet/seed_42/run_000/best.safetensors
2026-03-21 13:13:29 INFO [cinic10.training.engine] New best checkpoint at epoch 21 best_val_acc=0.4452
2026-03-21 13:13:29 INFO [cinic10.training.engine] Saving checkpoint outputs/01_grid__epochs_mobilenet/seed_42/run_000/last.ckpt status=running epoch=21
2026-03-21 13:13:29 INFO [cinic10.utils] atomic_torch_save -> outputs/01_grid__epochs_mobilenet/seed_42/run_000/last.ckpt
2026-03-21 13:13:49 INFO [cinic10.utils] Writing JSON to outputs/01_grid__epochs_mobilenet/seed_42/run_000/epoch_metrics.json
2026-03-21 13:13:49 INFO [cinic10.utils] Writing JSON to outputs/01_grid__epochs_mobilenet/seed_42/run_000/epoch_resource_stats.json
2026-03-21 13:13:49 INFO [cinic10.training.engine] Saving checkpoint outputs/01_grid__epochs_mobilenet/seed_42/run_000/best.pt status=best epoch=22
2026-03-21 13:13:49 INFO [cinic10.utils] atomic_torch_save -> outputs/01_grid__epochs_mobilenet/seed_42/run_000/best.pt
2026-03-21 13:13:49 INFO [cinic10.utils] save_model_weights_optimized -> outputs/01_grid__epochs_mobilenet/seed_42/run_000/best.safetensors
2026-03-21 13:13:49 INFO [cinic10.training.engine] New best checkpoint at epoch 22 best_val_acc=0.4481
2026-03-21 13:13:49 INFO [cinic10.training.engine] Saving checkpoint outputs/01_grid__epochs_mobilenet/seed_42/run_000/last.ckpt status=running epoch=22
2026-03-21 13:13:49 INFO [cinic10.utils] atomic_torch_save -> outputs/01_grid__epochs_mobilenet/seed_42/run_000/last.ckpt
2026-03-21 13:14:12 INFO [cinic10.utils] Writing JSON to outputs/01_grid__epochs_mobilenet/seed_42/run_000/epoch_metrics.json
2026-03-21 13:14:12 INFO [cinic10.utils] Writing JSON to outputs/01_grid__epochs_mobilenet/seed_42/run_000/epoch_resource_stats.json
2026-03-21 13:14:12 INFO [cinic10.training.engine] Saving checkpoint outputs/01_grid__epochs_mobilenet/seed_42/run_000/best.pt status=best epoch=23
2026-03-21 13:14:12 INFO [cinic10.utils] atomic_torch_save -> outputs/01_grid__epochs_mobilenet/seed_42/run_000/best.pt
2026-03-21 13:14:12 INFO [cinic10.utils] save_model_weights_optimized -> outputs/01_grid__epochs_mobilenet/seed_42/run_000/best.safetensors
2026-03-21 13:14:13 INFO [cinic10.training.engine] New best checkpoint at epoch 23 best_val_acc=0.4493
2026-03-21 13:14:13 INFO [cinic10.training.engine] Saving checkpoint outputs/01_grid__epochs_mobilenet/seed_42/run_000/last.ckpt status=running epoch=23
2026-03-21 13:14:13 INFO [cinic10.utils] atomic_torch_save -> outputs/01_grid__epochs_mobilenet/seed_42/run_000/last.ckpt
2026-03-21 13:14:35 INFO [cinic10.utils] Writing JSON to outputs/01_grid__epochs_mobilenet/seed_42/run_000/epoch_metrics.json
2026-03-21 13:14:35 INFO [cinic10.utils] Writing JSON to outputs/01_grid__epochs_mobilenet/seed_42/run_000/epoch_resource_stats.json
2026-03-21 13:14:35 INFO [cinic10.training.engine] Saving checkpoint outputs/01_grid__epochs_mobilenet/seed_42/run_000/best.pt status=best epoch=24
2026-03-21 13:14:35 INFO [cinic10.utils] atomic_torch_save -> outputs/01_grid__epochs_mobilenet/seed_42/run_000/best.pt
2026-03-21 13:14:35 INFO [cinic10.utils] save_model_weights_optimized -> outputs/01_grid__epochs_mobilenet/seed_42/run_000/best.safetensors
2026-03-21 13:14:35 INFO [cinic10.training.engine] New best checkpoint at epoch 24 best_val_acc=0.4497
2026-03-21 13:14:35 INFO [cinic10.training.engine] Saving checkpoint outputs/01_grid__epochs_mobilenet/seed_42/run_000/last.ckpt status=running epoch=24
2026-03-21 13:14:35 INFO [cinic10.utils] atomic_torch_save -> outputs/01_grid__epochs_mobilenet/seed_42/run_000/last.ckpt
2026-03-21 13:14:57 INFO [cinic10.utils] Writing JSON to outputs/01_grid__epochs_mobilenet/seed_42/run_000/epoch_metrics.json
2026-03-21 13:14:57 INFO [cinic10.utils] Writing JSON to outputs/01_grid__epochs_mobilenet/seed_42/run_000/epoch_resource_stats.json
2026-03-21 13:14:57 INFO [cinic10.training.engine] Saving checkpoint outputs/01_grid__epochs_mobilenet/seed_42/run_000/last.ckpt status=running epoch=25
2026-03-21 13:14:57 INFO [cinic10.utils] atomic_torch_save -> outputs/01_grid__epochs_mobilenet/seed_42/run_000/last.ckpt
2026-03-21 13:15:17 INFO [cinic10.utils] Writing JSON to outputs/01_grid__epochs_mobilenet/seed_42/run_000/epoch_metrics.json
2026-03-21 13:15:17 INFO [cinic10.utils] Writing JSON to outputs/01_grid__epochs_mobilenet/seed_42/run_000/epoch_resource_stats.json
2026-03-21 13:15:17 INFO [cinic10.training.engine] Saving checkpoint outputs/01_grid__epochs_mobilenet/seed_42/run_000/best.pt status=best epoch=26
2026-03-21 13:15:17 INFO [cinic10.utils] atomic_torch_save -> outputs/01_grid__epochs_mobilenet/seed_42/run_000/best.pt
2026-03-21 13:15:18 INFO [cinic10.utils] save_model_weights_optimized -> outputs/01_grid__epochs_mobilenet/seed_42/run_000/best.safetensors
2026-03-21 13:15:18 INFO [cinic10.training.engine] New best checkpoint at epoch 26 best_val_acc=0.4520
2026-03-21 13:15:18 INFO [cinic10.training.engine] Saving checkpoint outputs/01_grid__epochs_mobilenet/seed_42/run_000/last.ckpt status=running epoch=26
2026-03-21 13:15:18 INFO [cinic10.utils] atomic_torch_save -> outputs/01_grid__epochs_mobilenet/seed_42/run_000/last.ckpt
2026-03-21 13:15:39 INFO [cinic10.utils] Writing JSON to outputs/01_grid__epochs_mobilenet/seed_42/run_000/epoch_metrics.json
2026-03-21 13:15:39 INFO [cinic10.utils] Writing JSON to outputs/01_grid__epochs_mobilenet/seed_42/run_000/epoch_resource_stats.json
2026-03-21 13:15:39 INFO [cinic10.training.engine] Saving checkpoint outputs/01_grid__epochs_mobilenet/seed_42/run_000/best.pt status=best epoch=27
2026-03-21 13:15:39 INFO [cinic10.utils] atomic_torch_save -> outputs/01_grid__epochs_mobilenet/seed_42/run_000/best.pt
2026-03-21 13:15:39 INFO [cinic10.utils] save_model_weights_optimized -> outputs/01_grid__epochs_mobilenet/seed_42/run_000/best.safetensors
2026-03-21 13:15:39 INFO [cinic10.training.engine] New best checkpoint at epoch 27 best_val_acc=0.4521
2026-03-21 13:15:39 INFO [cinic10.training.engine] Saving checkpoint outputs/01_grid__epochs_mobilenet/seed_42/run_000/last.ckpt status=running epoch=27
2026-03-21 13:15:39 INFO [cinic10.utils] atomic_torch_save -> outputs/01_grid__epochs_mobilenet/seed_42/run_000/last.ckpt
2026-03-21 13:16:02 INFO [cinic10.utils] Writing JSON to outputs/01_grid__epochs_mobilenet/seed_42/run_000/epoch_metrics.json
2026-03-21 13:16:02 INFO [cinic10.utils] Writing JSON to outputs/01_grid__epochs_mobilenet/seed_42/run_000/epoch_resource_stats.json
2026-03-21 13:16:02 INFO [cinic10.training.engine] Saving checkpoint outputs/01_grid__epochs_mobilenet/seed_42/run_000/best.pt status=best epoch=28
2026-03-21 13:16:02 INFO [cinic10.utils] atomic_torch_save -> outputs/01_grid__epochs_mobilenet/seed_42/run_000/best.pt
2026-03-21 13:16:02 INFO [cinic10.utils] save_model_weights_optimized -> outputs/01_grid__epochs_mobilenet/seed_42/run_000/best.safetensors
2026-03-21 13:16:02 INFO [cinic10.training.engine] New best checkpoint at epoch 28 best_val_acc=0.4543
2026-03-21 13:16:02 INFO [cinic10.training.engine] Saving checkpoint outputs/01_grid__epochs_mobilenet/seed_42/run_000/last.ckpt status=running epoch=28
2026-03-21 13:16:02 INFO [cinic10.utils] atomic_torch_save -> outputs/01_grid__epochs_mobilenet/seed_42/run_000/last.ckpt
2026-03-21 13:16:22 INFO [cinic10.utils] Writing JSON to outputs/01_grid__epochs_mobilenet/seed_42/run_000/epoch_metrics.json
2026-03-21 13:16:22 INFO [cinic10.utils] Writing JSON to outputs/01_grid__epochs_mobilenet/seed_42/run_000/epoch_resource_stats.json
2026-03-21 13:16:22 INFO [cinic10.training.engine] Saving checkpoint outputs/01_grid__epochs_mobilenet/seed_42/run_000/last.ckpt status=running epoch=29
2026-03-21 13:16:22 INFO [cinic10.utils] atomic_torch_save -> outputs/01_grid__epochs_mobilenet/seed_42/run_000/last.ckpt
2026-03-21 13:16:45 INFO [cinic10.utils] Writing JSON to outputs/01_grid__epochs_mobilenet/seed_42/run_000/epoch_metrics.json
2026-03-21 13:16:45 INFO [cinic10.utils] Writing JSON to outputs/01_grid__epochs_mobilenet/seed_42/run_000/epoch_resource_stats.json
2026-03-21 13:16:45 INFO [cinic10.training.engine] Saving checkpoint outputs/01_grid__epochs_mobilenet/seed_42/run_000/best.pt status=best epoch=30
2026-03-21 13:16:45 INFO [cinic10.utils] atomic_torch_save -> outputs/01_grid__epochs_mobilenet/seed_42/run_000/best.pt
2026-03-21 13:16:45 INFO [cinic10.utils] save_model_weights_optimized -> outputs/01_grid__epochs_mobilenet/seed_42/run_000/best.safetensors
2026-03-21 13:16:45 INFO [cinic10.training.engine] New best checkpoint at epoch 30 best_val_acc=0.4556
2026-03-21 13:16:45 INFO [cinic10.training.engine] Saving checkpoint outputs/01_grid__epochs_mobilenet/seed_42/run_000/last.ckpt status=running epoch=30
2026-03-21 13:16:45 INFO [cinic10.utils] atomic_torch_save -> outputs/01_grid__epochs_mobilenet/seed_42/run_000/last.ckpt
2026-03-21 13:17:06 INFO [cinic10.utils] Writing JSON to outputs/01_grid__epochs_mobilenet/seed_42/run_000/epoch_metrics.json
2026-03-21 13:17:06 INFO [cinic10.utils] Writing JSON to outputs/01_grid__epochs_mobilenet/seed_42/run_000/epoch_resource_stats.json
2026-03-21 13:17:06 INFO [cinic10.training.engine] Saving checkpoint outputs/01_grid__epochs_mobilenet/seed_42/run_000/best.pt status=best epoch=31
2026-03-21 13:17:06 INFO [cinic10.utils] atomic_torch_save -> outputs/01_grid__epochs_mobilenet/seed_42/run_000/best.pt
2026-03-21 13:17:06 INFO [cinic10.utils] save_model_weights_optimized -> outputs/01_grid__epochs_mobilenet/seed_42/run_000/best.safetensors
2026-03-21 13:17:06 INFO [cinic10.training.engine] New best checkpoint at epoch 31 best_val_acc=0.4581
2026-03-21 13:17:06 INFO [cinic10.training.engine] Saving checkpoint outputs/01_grid__epochs_mobilenet/seed_42/run_000/last.ckpt status=running epoch=31
2026-03-21 13:17:06 INFO [cinic10.utils] atomic_torch_save -> outputs/01_grid__epochs_mobilenet/seed_42/run_000/last.ckpt
2026-03-21 13:17:28 INFO [cinic10.utils] Writing JSON to outputs/01_grid__epochs_mobilenet/seed_42/run_000/epoch_metrics.json
2026-03-21 13:17:28 INFO [cinic10.utils] Writing JSON to outputs/01_grid__epochs_mobilenet/seed_42/run_000/epoch_resource_stats.json
2026-03-21 13:17:28 INFO [cinic10.training.engine] Saving checkpoint outputs/01_grid__epochs_mobilenet/seed_42/run_000/last.ckpt status=running epoch=32
2026-03-21 13:17:28 INFO [cinic10.utils] atomic_torch_save -> outputs/01_grid__epochs_mobilenet/seed_42/run_000/last.ckpt
2026-03-21 13:17:50 INFO [cinic10.utils] Writing JSON to outputs/01_grid__epochs_mobilenet/seed_42/run_000/epoch_metrics.json
2026-03-21 13:17:50 INFO [cinic10.utils] Writing JSON to outputs/01_grid__epochs_mobilenet/seed_42/run_000/epoch_resource_stats.json
2026-03-21 13:17:50 INFO [cinic10.training.engine] Saving checkpoint outputs/01_grid__epochs_mobilenet/seed_42/run_000/best.pt status=best epoch=33
2026-03-21 13:17:50 INFO [cinic10.utils] atomic_torch_save -> outputs/01_grid__epochs_mobilenet/seed_42/run_000/best.pt
2026-03-21 13:17:50 INFO [cinic10.utils] save_model_weights_optimized -> outputs/01_grid__epochs_mobilenet/seed_42/run_000/best.safetensors
2026-03-21 13:17:50 INFO [cinic10.training.engine] New best checkpoint at epoch 33 best_val_acc=0.4584
2026-03-21 13:17:50 INFO [cinic10.training.engine] Saving checkpoint outputs/01_grid__epochs_mobilenet/seed_42/run_000/last.ckpt status=running epoch=33
2026-03-21 13:17:50 INFO [cinic10.utils] atomic_torch_save -> outputs/01_grid__epochs_mobilenet/seed_42/run_000/last.ckpt
2026-03-21 13:18:10 INFO [cinic10.utils] Writing JSON to outputs/01_grid__epochs_mobilenet/seed_42/run_000/epoch_metrics.json
2026-03-21 13:18:10 INFO [cinic10.utils] Writing JSON to outputs/01_grid__epochs_mobilenet/seed_42/run_000/epoch_resource_stats.json
2026-03-21 13:18:10 INFO [cinic10.training.engine] Saving checkpoint outputs/01_grid__epochs_mobilenet/seed_42/run_000/last.ckpt status=running epoch=34
2026-03-21 13:18:10 INFO [cinic10.utils] atomic_torch_save -> outputs/01_grid__epochs_mobilenet/seed_42/run_000/last.ckpt
2026-03-21 13:18:30 INFO [cinic10.utils] Writing JSON to outputs/01_grid__epochs_mobilenet/seed_42/run_000/epoch_metrics.json
2026-03-21 13:18:30 INFO [cinic10.utils] Writing JSON to outputs/01_grid__epochs_mobilenet/seed_42/run_000/epoch_resource_stats.json
2026-03-21 13:18:30 INFO [cinic10.training.engine] Saving checkpoint outputs/01_grid__epochs_mobilenet/seed_42/run_000/best.pt status=best epoch=35
2026-03-21 13:18:30 INFO [cinic10.utils] atomic_torch_save -> outputs/01_grid__epochs_mobilenet/seed_42/run_000/best.pt
2026-03-21 13:18:30 INFO [cinic10.utils] save_model_weights_optimized -> outputs/01_grid__epochs_mobilenet/seed_42/run_000/best.safetensors
2026-03-21 13:18:30 INFO [cinic10.training.engine] New best checkpoint at epoch 35 best_val_acc=0.4603
2026-03-21 13:18:30 INFO [cinic10.training.engine] Saving checkpoint outputs/01_grid__epochs_mobilenet/seed_42/run_000/last.ckpt status=running epoch=35
2026-03-21 13:18:30 INFO [cinic10.utils] atomic_torch_save -> outputs/01_grid__epochs_mobilenet/seed_42/run_000/last.ckpt
2026-03-21 13:18:51 INFO [cinic10.utils] Writing JSON to outputs/01_grid__epochs_mobilenet/seed_42/run_000/epoch_metrics.json
2026-03-21 13:18:51 INFO [cinic10.utils] Writing JSON to outputs/01_grid__epochs_mobilenet/seed_42/run_000/epoch_resource_stats.json
2026-03-21 13:18:51 INFO [cinic10.training.engine] Saving checkpoint outputs/01_grid__epochs_mobilenet/seed_42/run_000/last.ckpt status=running epoch=36
2026-03-21 13:18:51 INFO [cinic10.utils] atomic_torch_save -> outputs/01_grid__epochs_mobilenet/seed_42/run_000/last.ckpt
2026-03-21 13:19:12 INFO [cinic10.utils] Writing JSON to outputs/01_grid__epochs_mobilenet/seed_42/run_000/epoch_metrics.json
2026-03-21 13:19:12 INFO [cinic10.utils] Writing JSON to outputs/01_grid__epochs_mobilenet/seed_42/run_000/epoch_resource_stats.json
2026-03-21 13:19:12 INFO [cinic10.training.engine] Saving checkpoint outputs/01_grid__epochs_mobilenet/seed_42/run_000/best.pt status=best epoch=37
2026-03-21 13:19:12 INFO [cinic10.utils] atomic_torch_save -> outputs/01_grid__epochs_mobilenet/seed_42/run_000/best.pt
2026-03-21 13:19:12 INFO [cinic10.utils] save_model_weights_optimized -> outputs/01_grid__epochs_mobilenet/seed_42/run_000/best.safetensors
2026-03-21 13:19:12 INFO [cinic10.training.engine] New best checkpoint at epoch 37 best_val_acc=0.4616
2026-03-21 13:19:12 INFO [cinic10.training.engine] Saving checkpoint outputs/01_grid__epochs_mobilenet/seed_42/run_000/last.ckpt status=running epoch=37
2026-03-21 13:19:12 INFO [cinic10.utils] atomic_torch_save -> outputs/01_grid__epochs_mobilenet/seed_42/run_000/last.ckpt
2026-03-21 13:19:34 INFO [cinic10.utils] Writing JSON to outputs/01_grid__epochs_mobilenet/seed_42/run_000/epoch_metrics.json
2026-03-21 13:19:34 INFO [cinic10.utils] Writing JSON to outputs/01_grid__epochs_mobilenet/seed_42/run_000/epoch_resource_stats.json
2026-03-21 13:19:34 INFO [cinic10.training.engine] Saving checkpoint outputs/01_grid__epochs_mobilenet/seed_42/run_000/last.ckpt status=running epoch=38
2026-03-21 13:19:34 INFO [cinic10.utils] atomic_torch_save -> outputs/01_grid__epochs_mobilenet/seed_42/run_000/last.ckpt
2026-03-21 13:19:55 INFO [cinic10.utils] Writing JSON to outputs/01_grid__epochs_mobilenet/seed_42/run_000/epoch_metrics.json
2026-03-21 13:19:55 INFO [cinic10.utils] Writing JSON to outputs/01_grid__epochs_mobilenet/seed_42/run_000/epoch_resource_stats.json
2026-03-21 13:19:55 INFO [cinic10.training.engine] Saving checkpoint outputs/01_grid__epochs_mobilenet/seed_42/run_000/last.ckpt status=running epoch=39
2026-03-21 13:19:55 INFO [cinic10.utils] atomic_torch_save -> outputs/01_grid__epochs_mobilenet/seed_42/run_000/last.ckpt
2026-03-21 13:20:20 INFO [cinic10.utils] Writing JSON to outputs/01_grid__epochs_mobilenet/seed_42/run_000/epoch_metrics.json
2026-03-21 13:20:20 INFO [cinic10.utils] Writing JSON to outputs/01_grid__epochs_mobilenet/seed_42/run_000/epoch_resource_stats.json
2026-03-21 13:20:20 INFO [cinic10.training.engine] Saving checkpoint outputs/01_grid__epochs_mobilenet/seed_42/run_000/last.ckpt status=running epoch=40
2026-03-21 13:20:20 INFO [cinic10.utils] atomic_torch_save -> outputs/01_grid__epochs_mobilenet/seed_42/run_000/last.ckpt
2026-03-21 13:20:43 INFO [cinic10.utils] Writing JSON to outputs/01_grid__epochs_mobilenet/seed_42/run_000/epoch_metrics.json
2026-03-21 13:20:43 INFO [cinic10.utils] Writing JSON to outputs/01_grid__epochs_mobilenet/seed_42/run_000/epoch_resource_stats.json
2026-03-21 13:20:43 INFO [cinic10.training.engine] Saving checkpoint outputs/01_grid__epochs_mobilenet/seed_42/run_000/last.ckpt status=running epoch=41
2026-03-21 13:20:43 INFO [cinic10.utils] atomic_torch_save -> outputs/01_grid__epochs_mobilenet/seed_42/run_000/last.ckpt
2026-03-21 13:21:06 INFO [cinic10.utils] Writing JSON to outputs/01_grid__epochs_mobilenet/seed_42/run_000/epoch_metrics.json
2026-03-21 13:21:06 INFO [cinic10.utils] Writing JSON to outputs/01_grid__epochs_mobilenet/seed_42/run_000/epoch_resource_stats.json
2026-03-21 13:21:06 INFO [cinic10.training.engine] Saving checkpoint outputs/01_grid__epochs_mobilenet/seed_42/run_000/last.ckpt status=running epoch=42
2026-03-21 13:21:06 INFO [cinic10.utils] atomic_torch_save -> outputs/01_grid__epochs_mobilenet/seed_42/run_000/last.ckpt
2026-03-21 13:21:27 INFO [cinic10.utils] Writing JSON to outputs/01_grid__epochs_mobilenet/seed_42/run_000/epoch_metrics.json
2026-03-21 13:21:27 INFO [cinic10.utils] Writing JSON to outputs/01_grid__epochs_mobilenet/seed_42/run_000/epoch_resource_stats.json
2026-03-21 13:21:27 INFO [cinic10.training.engine] Saving checkpoint outputs/01_grid__epochs_mobilenet/seed_42/run_000/best.pt status=best epoch=43
2026-03-21 13:21:27 INFO [cinic10.utils] atomic_torch_save -> outputs/01_grid__epochs_mobilenet/seed_42/run_000/best.pt
2026-03-21 13:21:27 INFO [cinic10.utils] save_model_weights_optimized -> outputs/01_grid__epochs_mobilenet/seed_42/run_000/best.safetensors
2026-03-21 13:21:28 INFO [cinic10.training.engine] New best checkpoint at epoch 43 best_val_acc=0.4621
2026-03-21 13:21:28 INFO [cinic10.training.engine] Saving checkpoint outputs/01_grid__epochs_mobilenet/seed_42/run_000/last.ckpt status=running epoch=43
2026-03-21 13:21:28 INFO [cinic10.utils] atomic_torch_save -> outputs/01_grid__epochs_mobilenet/seed_42/run_000/last.ckpt
2026-03-21 13:21:48 INFO [cinic10.utils] Writing JSON to outputs/01_grid__epochs_mobilenet/seed_42/run_000/epoch_metrics.json
2026-03-21 13:21:48 INFO [cinic10.utils] Writing JSON to outputs/01_grid__epochs_mobilenet/seed_42/run_000/epoch_resource_stats.json
2026-03-21 13:21:48 INFO [cinic10.training.engine] Saving checkpoint outputs/01_grid__epochs_mobilenet/seed_42/run_000/best.pt status=best epoch=44
2026-03-21 13:21:48 INFO [cinic10.utils] atomic_torch_save -> outputs/01_grid__epochs_mobilenet/seed_42/run_000/best.pt
2026-03-21 13:21:48 INFO [cinic10.utils] save_model_weights_optimized -> outputs/01_grid__epochs_mobilenet/seed_42/run_000/best.safetensors
2026-03-21 13:21:48 INFO [cinic10.training.engine] New best checkpoint at epoch 44 best_val_acc=0.4627
2026-03-21 13:21:48 INFO [cinic10.training.engine] Saving checkpoint outputs/01_grid__epochs_mobilenet/seed_42/run_000/last.ckpt status=running epoch=44
2026-03-21 13:21:48 INFO [cinic10.utils] atomic_torch_save -> outputs/01_grid__epochs_mobilenet/seed_42/run_000/last.ckpt
2026-03-21 13:22:09 INFO [cinic10.utils] Writing JSON to outputs/01_grid__epochs_mobilenet/seed_42/run_000/epoch_metrics.json
2026-03-21 13:22:09 INFO [cinic10.utils] Writing JSON to outputs/01_grid__epochs_mobilenet/seed_42/run_000/epoch_resource_stats.json
2026-03-21 13:22:09 INFO [cinic10.training.engine] Saving checkpoint outputs/01_grid__epochs_mobilenet/seed_42/run_000/last.ckpt status=running epoch=45
2026-03-21 13:22:09 INFO [cinic10.utils] atomic_torch_save -> outputs/01_grid__epochs_mobilenet/seed_42/run_000/last.ckpt
2026-03-21 13:22:33 INFO [cinic10.utils] Writing JSON to outputs/01_grid__epochs_mobilenet/seed_42/run_000/epoch_metrics.json
2026-03-21 13:22:33 INFO [cinic10.utils] Writing JSON to outputs/01_grid__epochs_mobilenet/seed_42/run_000/epoch_resource_stats.json
2026-03-21 13:22:33 INFO [cinic10.training.engine] Saving checkpoint outputs/01_grid__epochs_mobilenet/seed_42/run_000/last.ckpt status=running epoch=46
2026-03-21 13:22:33 INFO [cinic10.utils] atomic_torch_save -> outputs/01_grid__epochs_mobilenet/seed_42/run_000/last.ckpt
2026-03-21 13:22:53 INFO [cinic10.utils] Writing JSON to outputs/01_grid__epochs_mobilenet/seed_42/run_000/epoch_metrics.json
2026-03-21 13:22:53 INFO [cinic10.utils] Writing JSON to outputs/01_grid__epochs_mobilenet/seed_42/run_000/epoch_resource_stats.json
2026-03-21 13:22:53 INFO [cinic10.training.engine] Saving checkpoint outputs/01_grid__epochs_mobilenet/seed_42/run_000/best.pt status=best epoch=47
2026-03-21 13:22:53 INFO [cinic10.utils] atomic_torch_save -> outputs/01_grid__epochs_mobilenet/seed_42/run_000/best.pt
2026-03-21 13:22:53 INFO [cinic10.utils] save_model_weights_optimized -> outputs/01_grid__epochs_mobilenet/seed_42/run_000/best.safetensors
2026-03-21 13:22:53 INFO [cinic10.training.engine] New best checkpoint at epoch 47 best_val_acc=0.4640
2026-03-21 13:22:53 INFO [cinic10.training.engine] Saving checkpoint outputs/01_grid__epochs_mobilenet/seed_42/run_000/last.ckpt status=running epoch=47
2026-03-21 13:22:53 INFO [cinic10.utils] atomic_torch_save -> outputs/01_grid__epochs_mobilenet/seed_42/run_000/last.ckpt
2026-03-21 13:23:15 INFO [cinic10.utils] Writing JSON to outputs/01_grid__epochs_mobilenet/seed_42/run_000/epoch_metrics.json
2026-03-21 13:23:15 INFO [cinic10.utils] Writing JSON to outputs/01_grid__epochs_mobilenet/seed_42/run_000/epoch_resource_stats.json
2026-03-21 13:23:15 INFO [cinic10.training.engine] Saving checkpoint outputs/01_grid__epochs_mobilenet/seed_42/run_000/last.ckpt status=running epoch=48
2026-03-21 13:23:15 INFO [cinic10.utils] atomic_torch_save -> outputs/01_grid__epochs_mobilenet/seed_42/run_000/last.ckpt
2026-03-21 13:23:36 INFO [cinic10.utils] Writing JSON to outputs/01_grid__epochs_mobilenet/seed_42/run_000/epoch_metrics.json
2026-03-21 13:23:36 INFO [cinic10.utils] Writing JSON to outputs/01_grid__epochs_mobilenet/seed_42/run_000/epoch_resource_stats.json
2026-03-21 13:23:36 INFO [cinic10.training.engine] Saving checkpoint outputs/01_grid__epochs_mobilenet/seed_42/run_000/last.ckpt status=running epoch=49
2026-03-21 13:23:36 INFO [cinic10.utils] atomic_torch_save -> outputs/01_grid__epochs_mobilenet/seed_42/run_000/last.ckpt
2026-03-21 13:23:56 INFO [cinic10.utils] Writing JSON to outputs/01_grid__epochs_mobilenet/seed_42/run_000/epoch_metrics.json
2026-03-21 13:23:56 INFO [cinic10.utils] Writing JSON to outputs/01_grid__epochs_mobilenet/seed_42/run_000/epoch_resource_stats.json
2026-03-21 13:23:56 INFO [cinic10.training.engine] Saving checkpoint outputs/01_grid__epochs_mobilenet/seed_42/run_000/last.ckpt status=running epoch=50
2026-03-21 13:23:56 INFO [cinic10.utils] atomic_torch_save -> outputs/01_grid__epochs_mobilenet/seed_42/run_000/last.ckpt
2026-03-21 13:24:20 INFO [cinic10.utils] Writing JSON to outputs/01_grid__epochs_mobilenet/seed_42/run_000/epoch_metrics.json
2026-03-21 13:24:20 INFO [cinic10.utils] Writing JSON to outputs/01_grid__epochs_mobilenet/seed_42/run_000/epoch_resource_stats.json
2026-03-21 13:24:20 INFO [cinic10.training.engine] Saving checkpoint outputs/01_grid__epochs_mobilenet/seed_42/run_000/last.ckpt status=running epoch=51
2026-03-21 13:24:20 INFO [cinic10.utils] atomic_torch_save -> outputs/01_grid__epochs_mobilenet/seed_42/run_000/last.ckpt
2026-03-21 13:24:44 INFO [cinic10.utils] Writing JSON to outputs/01_grid__epochs_mobilenet/seed_42/run_000/epoch_metrics.json
2026-03-21 13:24:44 INFO [cinic10.utils] Writing JSON to outputs/01_grid__epochs_mobilenet/seed_42/run_000/epoch_resource_stats.json
2026-03-21 13:24:44 INFO [cinic10.training.engine] Saving checkpoint outputs/01_grid__epochs_mobilenet/seed_42/run_000/best.pt status=best epoch=52
2026-03-21 13:24:44 INFO [cinic10.utils] atomic_torch_save -> outputs/01_grid__epochs_mobilenet/seed_42/run_000/best.pt
2026-03-21 13:24:44 INFO [cinic10.utils] save_model_weights_optimized -> outputs/01_grid__epochs_mobilenet/seed_42/run_000/best.safetensors
2026-03-21 13:24:44 INFO [cinic10.training.engine] New best checkpoint at epoch 52 best_val_acc=0.4644
2026-03-21 13:24:44 INFO [cinic10.training.engine] Saving checkpoint outputs/01_grid__epochs_mobilenet/seed_42/run_000/last.ckpt status=running epoch=52
2026-03-21 13:24:44 INFO [cinic10.utils] atomic_torch_save -> outputs/01_grid__epochs_mobilenet/seed_42/run_000/last.ckpt
2026-03-21 13:25:06 INFO [cinic10.utils] Writing JSON to outputs/01_grid__epochs_mobilenet/seed_42/run_000/epoch_metrics.json
2026-03-21 13:25:06 INFO [cinic10.utils] Writing JSON to outputs/01_grid__epochs_mobilenet/seed_42/run_000/epoch_resource_stats.json
2026-03-21 13:25:06 INFO [cinic10.training.engine] Saving checkpoint outputs/01_grid__epochs_mobilenet/seed_42/run_000/last.ckpt status=running epoch=53
2026-03-21 13:25:06 INFO [cinic10.utils] atomic_torch_save -> outputs/01_grid__epochs_mobilenet/seed_42/run_000/last.ckpt
2026-03-21 13:25:29 INFO [cinic10.utils] Writing JSON to outputs/01_grid__epochs_mobilenet/seed_42/run_000/epoch_metrics.json
2026-03-21 13:25:29 INFO [cinic10.utils] Writing JSON to outputs/01_grid__epochs_mobilenet/seed_42/run_000/epoch_resource_stats.json
2026-03-21 13:25:29 INFO [cinic10.training.engine] Saving checkpoint outputs/01_grid__epochs_mobilenet/seed_42/run_000/last.ckpt status=running epoch=54
2026-03-21 13:25:29 INFO [cinic10.utils] atomic_torch_save -> outputs/01_grid__epochs_mobilenet/seed_42/run_000/last.ckpt
2026-03-21 13:25:52 INFO [cinic10.utils] Writing JSON to outputs/01_grid__epochs_mobilenet/seed_42/run_000/epoch_metrics.json
2026-03-21 13:25:52 INFO [cinic10.utils] Writing JSON to outputs/01_grid__epochs_mobilenet/seed_42/run_000/epoch_resource_stats.json
2026-03-21 13:25:52 INFO [cinic10.training.engine] Saving checkpoint outputs/01_grid__epochs_mobilenet/seed_42/run_000/last.ckpt status=running epoch=55
2026-03-21 13:25:52 INFO [cinic10.utils] atomic_torch_save -> outputs/01_grid__epochs_mobilenet/seed_42/run_000/last.ckpt
2026-03-21 13:26:14 INFO [cinic10.utils] Writing JSON to outputs/01_grid__epochs_mobilenet/seed_42/run_000/epoch_metrics.json
2026-03-21 13:26:14 INFO [cinic10.utils] Writing JSON to outputs/01_grid__epochs_mobilenet/seed_42/run_000/epoch_resource_stats.json
2026-03-21 13:26:14 INFO [cinic10.training.engine] Saving checkpoint outputs/01_grid__epochs_mobilenet/seed_42/run_000/last.ckpt status=running epoch=56
2026-03-21 13:26:14 INFO [cinic10.utils] atomic_torch_save -> outputs/01_grid__epochs_mobilenet/seed_42/run_000/last.ckpt
2026-03-21 13:26:35 INFO [cinic10.utils] Writing JSON to outputs/01_grid__epochs_mobilenet/seed_42/run_000/epoch_metrics.json
2026-03-21 13:26:35 INFO [cinic10.utils] Writing JSON to outputs/01_grid__epochs_mobilenet/seed_42/run_000/epoch_resource_stats.json
2026-03-21 13:26:35 INFO [cinic10.training.engine] Saving checkpoint outputs/01_grid__epochs_mobilenet/seed_42/run_000/last.ckpt status=running epoch=57
2026-03-21 13:26:35 INFO [cinic10.utils] atomic_torch_save -> outputs/01_grid__epochs_mobilenet/seed_42/run_000/last.ckpt
2026-03-21 13:27:01 INFO [cinic10.utils] Writing JSON to outputs/01_grid__epochs_mobilenet/seed_42/run_000/epoch_metrics.json
2026-03-21 13:27:01 INFO [cinic10.utils] Writing JSON to outputs/01_grid__epochs_mobilenet/seed_42/run_000/epoch_resource_stats.json
2026-03-21 13:27:01 INFO [cinic10.training.engine] Saving checkpoint outputs/01_grid__epochs_mobilenet/seed_42/run_000/last.ckpt status=running epoch=58
2026-03-21 13:27:01 INFO [cinic10.utils] atomic_torch_save -> outputs/01_grid__epochs_mobilenet/seed_42/run_000/last.ckpt
2026-03-21 13:27:22 INFO [cinic10.utils] Writing JSON to outputs/01_grid__epochs_mobilenet/seed_42/run_000/epoch_metrics.json
2026-03-21 13:27:22 INFO [cinic10.utils] Writing JSON to outputs/01_grid__epochs_mobilenet/seed_42/run_000/epoch_resource_stats.json
2026-03-21 13:27:22 INFO [cinic10.training.engine] Saving checkpoint outputs/01_grid__epochs_mobilenet/seed_42/run_000/last.ckpt status=running epoch=59
2026-03-21 13:27:22 INFO [cinic10.utils] atomic_torch_save -> outputs/01_grid__epochs_mobilenet/seed_42/run_000/last.ckpt
2026-03-21 13:27:44 INFO [cinic10.utils] Writing JSON to outputs/01_grid__epochs_mobilenet/seed_42/run_000/epoch_metrics.json
2026-03-21 13:27:44 INFO [cinic10.utils] Writing JSON to outputs/01_grid__epochs_mobilenet/seed_42/run_000/epoch_resource_stats.json
2026-03-21 13:27:44 INFO [cinic10.training.engine] Saving checkpoint outputs/01_grid__epochs_mobilenet/seed_42/run_000/last.ckpt status=running epoch=60
2026-03-21 13:27:44 INFO [cinic10.utils] atomic_torch_save -> outputs/01_grid__epochs_mobilenet/seed_42/run_000/last.ckpt
2026-03-21 13:28:05 INFO [cinic10.utils] Writing JSON to outputs/01_grid__epochs_mobilenet/seed_42/run_000/epoch_metrics.json
2026-03-21 13:28:05 INFO [cinic10.utils] Writing JSON to outputs/01_grid__epochs_mobilenet/seed_42/run_000/epoch_resource_stats.json
2026-03-21 13:28:05 INFO [cinic10.training.engine] Saving checkpoint outputs/01_grid__epochs_mobilenet/seed_42/run_000/last.ckpt status=running epoch=61
2026-03-21 13:28:05 INFO [cinic10.utils] atomic_torch_save -> outputs/01_grid__epochs_mobilenet/seed_42/run_000/last.ckpt
2026-03-21 13:28:26 INFO [cinic10.utils] Writing JSON to outputs/01_grid__epochs_mobilenet/seed_42/run_000/epoch_metrics.json
2026-03-21 13:28:26 INFO [cinic10.utils] Writing JSON to outputs/01_grid__epochs_mobilenet/seed_42/run_000/epoch_resource_stats.json
2026-03-21 13:28:26 INFO [cinic10.training.engine] Saving checkpoint outputs/01_grid__epochs_mobilenet/seed_42/run_000/best.pt status=best epoch=62
2026-03-21 13:28:26 INFO [cinic10.utils] atomic_torch_save -> outputs/01_grid__epochs_mobilenet/seed_42/run_000/best.pt
2026-03-21 13:28:27 INFO [cinic10.utils] save_model_weights_optimized -> outputs/01_grid__epochs_mobilenet/seed_42/run_000/best.safetensors
2026-03-21 13:28:27 INFO [cinic10.training.engine] New best checkpoint at epoch 62 best_val_acc=0.4644
2026-03-21 13:28:27 INFO [cinic10.training.engine] Saving checkpoint outputs/01_grid__epochs_mobilenet/seed_42/run_000/last.ckpt status=running epoch=62
2026-03-21 13:28:27 INFO [cinic10.utils] atomic_torch_save -> outputs/01_grid__epochs_mobilenet/seed_42/run_000/last.ckpt
2026-03-21 13:28:49 INFO [cinic10.utils] Writing JSON to outputs/01_grid__epochs_mobilenet/seed_42/run_000/epoch_metrics.json
2026-03-21 13:28:49 INFO [cinic10.utils] Writing JSON to outputs/01_grid__epochs_mobilenet/seed_42/run_000/epoch_resource_stats.json
2026-03-21 13:28:49 INFO [cinic10.training.engine] Saving checkpoint outputs/01_grid__epochs_mobilenet/seed_42/run_000/best.pt status=best epoch=63
2026-03-21 13:28:49 INFO [cinic10.utils] atomic_torch_save -> outputs/01_grid__epochs_mobilenet/seed_42/run_000/best.pt
2026-03-21 13:28:50 INFO [cinic10.utils] save_model_weights_optimized -> outputs/01_grid__epochs_mobilenet/seed_42/run_000/best.safetensors
2026-03-21 13:28:50 INFO [cinic10.training.engine] New best checkpoint at epoch 63 best_val_acc=0.4648
2026-03-21 13:28:50 INFO [cinic10.training.engine] Saving checkpoint outputs/01_grid__epochs_mobilenet/seed_42/run_000/last.ckpt status=running epoch=63
2026-03-21 13:28:50 INFO [cinic10.utils] atomic_torch_save -> outputs/01_grid__epochs_mobilenet/seed_42/run_000/last.ckpt
2026-03-21 13:29:14 INFO [cinic10.utils] Writing JSON to outputs/01_grid__epochs_mobilenet/seed_42/run_000/epoch_metrics.json
2026-03-21 13:29:14 INFO [cinic10.utils] Writing JSON to outputs/01_grid__epochs_mobilenet/seed_42/run_000/epoch_resource_stats.json
2026-03-21 13:29:14 INFO [cinic10.training.engine] Saving checkpoint outputs/01_grid__epochs_mobilenet/seed_42/run_000/last.ckpt status=running epoch=64
2026-03-21 13:29:14 INFO [cinic10.utils] atomic_torch_save -> outputs/01_grid__epochs_mobilenet/seed_42/run_000/last.ckpt
2026-03-21 13:29:38 INFO [cinic10.utils] Writing JSON to outputs/01_grid__epochs_mobilenet/seed_42/run_000/epoch_metrics.json
2026-03-21 13:29:38 INFO [cinic10.utils] Writing JSON to outputs/01_grid__epochs_mobilenet/seed_42/run_000/epoch_resource_stats.json
2026-03-21 13:29:38 INFO [cinic10.training.engine] Saving checkpoint outputs/01_grid__epochs_mobilenet/seed_42/run_000/last.ckpt status=running epoch=65
2026-03-21 13:29:38 INFO [cinic10.utils] atomic_torch_save -> outputs/01_grid__epochs_mobilenet/seed_42/run_000/last.ckpt
2026-03-21 13:30:04 INFO [cinic10.utils] Writing JSON to outputs/01_grid__epochs_mobilenet/seed_42/run_000/epoch_metrics.json
2026-03-21 13:30:04 INFO [cinic10.utils] Writing JSON to outputs/01_grid__epochs_mobilenet/seed_42/run_000/epoch_resource_stats.json
2026-03-21 13:30:04 INFO [cinic10.training.engine] Saving checkpoint outputs/01_grid__epochs_mobilenet/seed_42/run_000/last.ckpt status=running epoch=66
2026-03-21 13:30:04 INFO [cinic10.utils] atomic_torch_save -> outputs/01_grid__epochs_mobilenet/seed_42/run_000/last.ckpt
2026-03-21 13:30:25 INFO [cinic10.utils] Writing JSON to outputs/01_grid__epochs_mobilenet/seed_42/run_000/epoch_metrics.json
2026-03-21 13:30:25 INFO [cinic10.utils] Writing JSON to outputs/01_grid__epochs_mobilenet/seed_42/run_000/epoch_resource_stats.json
2026-03-21 13:30:25 INFO [cinic10.training.engine] Saving checkpoint outputs/01_grid__epochs_mobilenet/seed_42/run_000/last.ckpt status=running epoch=67
2026-03-21 13:30:25 INFO [cinic10.utils] atomic_torch_save -> outputs/01_grid__epochs_mobilenet/seed_42/run_000/last.ckpt
2026-03-21 13:30:46 INFO [cinic10.utils] Writing JSON to outputs/01_grid__epochs_mobilenet/seed_42/run_000/epoch_metrics.json
2026-03-21 13:30:46 INFO [cinic10.utils] Writing JSON to outputs/01_grid__epochs_mobilenet/seed_42/run_000/epoch_resource_stats.json
2026-03-21 13:30:46 INFO [cinic10.training.engine] Saving checkpoint outputs/01_grid__epochs_mobilenet/seed_42/run_000/last.ckpt status=running epoch=68
2026-03-21 13:30:46 INFO [cinic10.utils] atomic_torch_save -> outputs/01_grid__epochs_mobilenet/seed_42/run_000/last.ckpt
2026-03-21 13:31:06 INFO [cinic10.utils] Writing JSON to outputs/01_grid__epochs_mobilenet/seed_42/run_000/epoch_metrics.json
2026-03-21 13:31:06 INFO [cinic10.utils] Writing JSON to outputs/01_grid__epochs_mobilenet/seed_42/run_000/epoch_resource_stats.json
2026-03-21 13:31:06 INFO [cinic10.training.engine] Saving checkpoint outputs/01_grid__epochs_mobilenet/seed_42/run_000/last.ckpt status=running epoch=69
2026-03-21 13:31:06 INFO [cinic10.utils] atomic_torch_save -> outputs/01_grid__epochs_mobilenet/seed_42/run_000/last.ckpt
2026-03-21 13:31:27 INFO [cinic10.utils] Writing JSON to outputs/01_grid__epochs_mobilenet/seed_42/run_000/epoch_metrics.json
2026-03-21 13:31:27 INFO [cinic10.utils] Writing JSON to outputs/01_grid__epochs_mobilenet/seed_42/run_000/epoch_resource_stats.json
2026-03-21 13:31:27 INFO [cinic10.training.engine] Saving checkpoint outputs/01_grid__epochs_mobilenet/seed_42/run_000/last.ckpt status=running epoch=70
2026-03-21 13:31:27 INFO [cinic10.utils] atomic_torch_save -> outputs/01_grid__epochs_mobilenet/seed_42/run_000/last.ckpt
2026-03-21 13:31:48 INFO [cinic10.utils] Writing JSON to outputs/01_grid__epochs_mobilenet/seed_42/run_000/epoch_metrics.json
2026-03-21 13:31:48 INFO [cinic10.utils] Writing JSON to outputs/01_grid__epochs_mobilenet/seed_42/run_000/epoch_resource_stats.json
2026-03-21 13:31:48 INFO [cinic10.training.engine] Saving checkpoint outputs/01_grid__epochs_mobilenet/seed_42/run_000/last.ckpt status=running epoch=71
2026-03-21 13:31:48 INFO [cinic10.utils] atomic_torch_save -> outputs/01_grid__epochs_mobilenet/seed_42/run_000/last.ckpt
2026-03-21 13:32:10 INFO [cinic10.utils] Writing JSON to outputs/01_grid__epochs_mobilenet/seed_42/run_000/epoch_metrics.json
2026-03-21 13:32:10 INFO [cinic10.utils] Writing JSON to outputs/01_grid__epochs_mobilenet/seed_42/run_000/epoch_resource_stats.json
2026-03-21 13:32:10 INFO [cinic10.training.engine] Saving checkpoint outputs/01_grid__epochs_mobilenet/seed_42/run_000/last.ckpt status=running epoch=72
2026-03-21 13:32:10 INFO [cinic10.utils] atomic_torch_save -> outputs/01_grid__epochs_mobilenet/seed_42/run_000/last.ckpt
2026-03-21 13:32:32 INFO [cinic10.utils] Writing JSON to outputs/01_grid__epochs_mobilenet/seed_42/run_000/epoch_metrics.json
2026-03-21 13:32:32 INFO [cinic10.utils] Writing JSON to outputs/01_grid__epochs_mobilenet/seed_42/run_000/epoch_resource_stats.json
2026-03-21 13:32:32 INFO [cinic10.training.engine] Saving checkpoint outputs/01_grid__epochs_mobilenet/seed_42/run_000/last.ckpt status=running epoch=73
2026-03-21 13:32:32 INFO [cinic10.utils] atomic_torch_save -> outputs/01_grid__epochs_mobilenet/seed_42/run_000/last.ckpt
2026-03-21 13:32:53 INFO [cinic10.utils] Writing JSON to outputs/01_grid__epochs_mobilenet/seed_42/run_000/epoch_metrics.json
2026-03-21 13:32:53 INFO [cinic10.utils] Writing JSON to outputs/01_grid__epochs_mobilenet/seed_42/run_000/epoch_resource_stats.json
2026-03-21 13:32:53 INFO [cinic10.training.engine] Saving checkpoint outputs/01_grid__epochs_mobilenet/seed_42/run_000/last.ckpt status=running epoch=74
2026-03-21 13:32:53 INFO [cinic10.utils] atomic_torch_save -> outputs/01_grid__epochs_mobilenet/seed_42/run_000/last.ckpt
2026-03-21 13:33:14 INFO [cinic10.utils] Writing JSON to outputs/01_grid__epochs_mobilenet/seed_42/run_000/epoch_metrics.json
2026-03-21 13:33:14 INFO [cinic10.utils] Writing JSON to outputs/01_grid__epochs_mobilenet/seed_42/run_000/epoch_resource_stats.json
2026-03-21 13:33:14 INFO [cinic10.training.engine] Saving checkpoint outputs/01_grid__epochs_mobilenet/seed_42/run_000/last.ckpt status=running epoch=75
2026-03-21 13:33:14 INFO [cinic10.utils] atomic_torch_save -> outputs/01_grid__epochs_mobilenet/seed_42/run_000/last.ckpt
2026-03-21 13:33:34 INFO [cinic10.utils] Writing JSON to outputs/01_grid__epochs_mobilenet/seed_42/run_000/epoch_metrics.json
2026-03-21 13:33:34 INFO [cinic10.utils] Writing JSON to outputs/01_grid__epochs_mobilenet/seed_42/run_000/epoch_resource_stats.json
2026-03-21 13:33:34 INFO [cinic10.training.engine] Saving checkpoint outputs/01_grid__epochs_mobilenet/seed_42/run_000/last.ckpt status=running epoch=76
2026-03-21 13:33:34 INFO [cinic10.utils] atomic_torch_save -> outputs/01_grid__epochs_mobilenet/seed_42/run_000/last.ckpt
2026-03-21 13:33:55 INFO [cinic10.utils] Writing JSON to outputs/01_grid__epochs_mobilenet/seed_42/run_000/epoch_metrics.json
2026-03-21 13:33:55 INFO [cinic10.utils] Writing JSON to outputs/01_grid__epochs_mobilenet/seed_42/run_000/epoch_resource_stats.json
2026-03-21 13:33:55 INFO [cinic10.training.engine] Saving checkpoint outputs/01_grid__epochs_mobilenet/seed_42/run_000/last.ckpt status=running epoch=77
2026-03-21 13:33:55 INFO [cinic10.utils] atomic_torch_save -> outputs/01_grid__epochs_mobilenet/seed_42/run_000/last.ckpt
2026-03-21 13:34:17 INFO [cinic10.utils] Writing JSON to outputs/01_grid__epochs_mobilenet/seed_42/run_000/epoch_metrics.json
2026-03-21 13:34:17 INFO [cinic10.utils] Writing JSON to outputs/01_grid__epochs_mobilenet/seed_42/run_000/epoch_resource_stats.json
2026-03-21 13:34:17 INFO [cinic10.training.engine] Saving checkpoint outputs/01_grid__epochs_mobilenet/seed_42/run_000/last.ckpt status=running epoch=78
2026-03-21 13:34:17 INFO [cinic10.utils] atomic_torch_save -> outputs/01_grid__epochs_mobilenet/seed_42/run_000/last.ckpt
2026-03-21 13:34:38 INFO [cinic10.utils] Writing JSON to outputs/01_grid__epochs_mobilenet/seed_42/run_000/epoch_metrics.json
2026-03-21 13:34:38 INFO [cinic10.utils] Writing JSON to outputs/01_grid__epochs_mobilenet/seed_42/run_000/epoch_resource_stats.json
2026-03-21 13:34:38 INFO [cinic10.training.engine] Saving checkpoint outputs/01_grid__epochs_mobilenet/seed_42/run_000/last.ckpt status=running epoch=79
2026-03-21 13:34:38 INFO [cinic10.utils] atomic_torch_save -> outputs/01_grid__epochs_mobilenet/seed_42/run_000/last.ckpt
2026-03-21 13:35:06 INFO [cinic10.utils] Writing JSON to outputs/01_grid__epochs_mobilenet/seed_42/run_000/epoch_metrics.json
2026-03-21 13:35:06 INFO [cinic10.utils] Writing JSON to outputs/01_grid__epochs_mobilenet/seed_42/run_000/epoch_resource_stats.json
2026-03-21 13:35:06 INFO [cinic10.training.engine] Saving checkpoint outputs/01_grid__epochs_mobilenet/seed_42/run_000/last.ckpt status=running epoch=80
2026-03-21 13:35:06 INFO [cinic10.utils] atomic_torch_save -> outputs/01_grid__epochs_mobilenet/seed_42/run_000/last.ckpt
2026-03-21 13:35:31 INFO [cinic10.utils] Writing JSON to outputs/01_grid__epochs_mobilenet/seed_42/run_000/epoch_metrics.json
2026-03-21 13:35:31 INFO [cinic10.utils] Writing JSON to outputs/01_grid__epochs_mobilenet/seed_42/run_000/epoch_resource_stats.json
2026-03-21 13:35:31 INFO [cinic10.training.engine] Saving checkpoint outputs/01_grid__epochs_mobilenet/seed_42/run_000/last.ckpt status=running epoch=81
2026-03-21 13:35:31 INFO [cinic10.utils] atomic_torch_save -> outputs/01_grid__epochs_mobilenet/seed_42/run_000/last.ckpt
2026-03-21 13:35:53 INFO [cinic10.utils] Writing JSON to outputs/01_grid__epochs_mobilenet/seed_42/run_000/epoch_metrics.json
2026-03-21 13:35:53 INFO [cinic10.utils] Writing JSON to outputs/01_grid__epochs_mobilenet/seed_42/run_000/epoch_resource_stats.json
2026-03-21 13:35:53 INFO [cinic10.training.engine] Saving checkpoint outputs/01_grid__epochs_mobilenet/seed_42/run_000/last.ckpt status=running epoch=82
2026-03-21 13:35:53 INFO [cinic10.utils] atomic_torch_save -> outputs/01_grid__epochs_mobilenet/seed_42/run_000/last.ckpt
2026-03-21 13:36:15 INFO [cinic10.utils] Writing JSON to outputs/01_grid__epochs_mobilenet/seed_42/run_000/epoch_metrics.json
2026-03-21 13:36:15 INFO [cinic10.utils] Writing JSON to outputs/01_grid__epochs_mobilenet/seed_42/run_000/epoch_resource_stats.json
2026-03-21 13:36:15 INFO [cinic10.training.engine] Saving checkpoint outputs/01_grid__epochs_mobilenet/seed_42/run_000/last.ckpt status=running epoch=83
2026-03-21 13:36:15 INFO [cinic10.utils] atomic_torch_save -> outputs/01_grid__epochs_mobilenet/seed_42/run_000/last.ckpt
2026-03-21 13:36:37 INFO [cinic10.utils] Writing JSON to outputs/01_grid__epochs_mobilenet/seed_42/run_000/epoch_metrics.json
2026-03-21 13:36:37 INFO [cinic10.utils] Writing JSON to outputs/01_grid__epochs_mobilenet/seed_42/run_000/epoch_resource_stats.json
2026-03-21 13:36:37 INFO [cinic10.training.engine] Saving checkpoint outputs/01_grid__epochs_mobilenet/seed_42/run_000/last.ckpt status=running epoch=84
2026-03-21 13:36:37 INFO [cinic10.utils] atomic_torch_save -> outputs/01_grid__epochs_mobilenet/seed_42/run_000/last.ckpt
2026-03-21 13:37:01 INFO [cinic10.utils] Writing JSON to outputs/01_grid__epochs_mobilenet/seed_42/run_000/epoch_metrics.json
2026-03-21 13:37:01 INFO [cinic10.utils] Writing JSON to outputs/01_grid__epochs_mobilenet/seed_42/run_000/epoch_resource_stats.json
2026-03-21 13:37:01 INFO [cinic10.training.engine] Saving checkpoint outputs/01_grid__epochs_mobilenet/seed_42/run_000/last.ckpt status=running epoch=85
2026-03-21 13:37:01 INFO [cinic10.utils] atomic_torch_save -> outputs/01_grid__epochs_mobilenet/seed_42/run_000/last.ckpt
2026-03-21 13:37:22 INFO [cinic10.utils] Writing JSON to outputs/01_grid__epochs_mobilenet/seed_42/run_000/epoch_metrics.json
2026-03-21 13:37:22 INFO [cinic10.utils] Writing JSON to outputs/01_grid__epochs_mobilenet/seed_42/run_000/epoch_resource_stats.json
2026-03-21 13:37:22 INFO [cinic10.training.engine] Saving checkpoint outputs/01_grid__epochs_mobilenet/seed_42/run_000/last.ckpt status=running epoch=86
2026-03-21 13:37:22 INFO [cinic10.utils] atomic_torch_save -> outputs/01_grid__epochs_mobilenet/seed_42/run_000/last.ckpt
2026-03-21 13:37:44 INFO [cinic10.utils] Writing JSON to outputs/01_grid__epochs_mobilenet/seed_42/run_000/epoch_metrics.json
2026-03-21 13:37:44 INFO [cinic10.utils] Writing JSON to outputs/01_grid__epochs_mobilenet/seed_42/run_000/epoch_resource_stats.json
2026-03-21 13:37:44 INFO [cinic10.training.engine] Saving checkpoint outputs/01_grid__epochs_mobilenet/seed_42/run_000/last.ckpt status=running epoch=87
2026-03-21 13:37:44 INFO [cinic10.utils] atomic_torch_save -> outputs/01_grid__epochs_mobilenet/seed_42/run_000/last.ckpt
2026-03-21 13:38:05 INFO [cinic10.utils] Writing JSON to outputs/01_grid__epochs_mobilenet/seed_42/run_000/epoch_metrics.json
2026-03-21 13:38:05 INFO [cinic10.utils] Writing JSON to outputs/01_grid__epochs_mobilenet/seed_42/run_000/epoch_resource_stats.json
2026-03-21 13:38:05 INFO [cinic10.training.engine] Saving checkpoint outputs/01_grid__epochs_mobilenet/seed_42/run_000/last.ckpt status=running epoch=88
2026-03-21 13:38:05 INFO [cinic10.utils] atomic_torch_save -> outputs/01_grid__epochs_mobilenet/seed_42/run_000/last.ckpt
2026-03-21 13:38:27 INFO [cinic10.utils] Writing JSON to outputs/01_grid__epochs_mobilenet/seed_42/run_000/epoch_metrics.json
2026-03-21 13:38:27 INFO [cinic10.utils] Writing JSON to outputs/01_grid__epochs_mobilenet/seed_42/run_000/epoch_resource_stats.json
2026-03-21 13:38:27 INFO [cinic10.training.engine] Saving checkpoint outputs/01_grid__epochs_mobilenet/seed_42/run_000/last.ckpt status=running epoch=89
2026-03-21 13:38:27 INFO [cinic10.utils] atomic_torch_save -> outputs/01_grid__epochs_mobilenet/seed_42/run_000/last.ckpt
2026-03-21 13:38:49 INFO [cinic10.utils] Writing JSON to outputs/01_grid__epochs_mobilenet/seed_42/run_000/epoch_metrics.json
2026-03-21 13:38:49 INFO [cinic10.utils] Writing JSON to outputs/01_grid__epochs_mobilenet/seed_42/run_000/epoch_resource_stats.json
2026-03-21 13:38:49 INFO [cinic10.training.engine] Saving checkpoint outputs/01_grid__epochs_mobilenet/seed_42/run_000/last.ckpt status=running epoch=90
2026-03-21 13:38:49 INFO [cinic10.utils] atomic_torch_save -> outputs/01_grid__epochs_mobilenet/seed_42/run_000/last.ckpt
2026-03-21 13:39:11 INFO [cinic10.utils] Writing JSON to outputs/01_grid__epochs_mobilenet/seed_42/run_000/epoch_metrics.json
2026-03-21 13:39:11 INFO [cinic10.utils] Writing JSON to outputs/01_grid__epochs_mobilenet/seed_42/run_000/epoch_resource_stats.json
2026-03-21 13:39:11 INFO [cinic10.training.engine] Saving checkpoint outputs/01_grid__epochs_mobilenet/seed_42/run_000/last.ckpt status=running epoch=91
2026-03-21 13:39:11 INFO [cinic10.utils] atomic_torch_save -> outputs/01_grid__epochs_mobilenet/seed_42/run_000/last.ckpt
2026-03-21 13:39:31 INFO [cinic10.utils] Writing JSON to outputs/01_grid__epochs_mobilenet/seed_42/run_000/epoch_metrics.json
2026-03-21 13:39:31 INFO [cinic10.utils] Writing JSON to outputs/01_grid__epochs_mobilenet/seed_42/run_000/epoch_resource_stats.json
2026-03-21 13:39:31 INFO [cinic10.training.engine] Saving checkpoint outputs/01_grid__epochs_mobilenet/seed_42/run_000/last.ckpt status=running epoch=92
2026-03-21 13:39:31 INFO [cinic10.utils] atomic_torch_save -> outputs/01_grid__epochs_mobilenet/seed_42/run_000/last.ckpt
2026-03-21 13:39:51 INFO [cinic10.utils] Writing JSON to outputs/01_grid__epochs_mobilenet/seed_42/run_000/epoch_metrics.json
2026-03-21 13:39:51 INFO [cinic10.utils] Writing JSON to outputs/01_grid__epochs_mobilenet/seed_42/run_000/epoch_resource_stats.json
2026-03-21 13:39:51 INFO [cinic10.training.engine] Saving checkpoint outputs/01_grid__epochs_mobilenet/seed_42/run_000/last.ckpt status=running epoch=93
2026-03-21 13:39:51 INFO [cinic10.utils] atomic_torch_save -> outputs/01_grid__epochs_mobilenet/seed_42/run_000/last.ckpt
2026-03-21 13:40:12 INFO [cinic10.utils] Writing JSON to outputs/01_grid__epochs_mobilenet/seed_42/run_000/epoch_metrics.json
2026-03-21 13:40:12 INFO [cinic10.utils] Writing JSON to outputs/01_grid__epochs_mobilenet/seed_42/run_000/epoch_resource_stats.json
2026-03-21 13:40:12 INFO [cinic10.training.engine] Saving checkpoint outputs/01_grid__epochs_mobilenet/seed_42/run_000/last.ckpt status=running epoch=94
2026-03-21 13:40:12 INFO [cinic10.utils] atomic_torch_save -> outputs/01_grid__epochs_mobilenet/seed_42/run_000/last.ckpt
2026-03-21 13:40:33 INFO [cinic10.utils] Writing JSON to outputs/01_grid__epochs_mobilenet/seed_42/run_000/epoch_metrics.json
2026-03-21 13:40:33 INFO [cinic10.utils] Writing JSON to outputs/01_grid__epochs_mobilenet/seed_42/run_000/epoch_resource_stats.json
2026-03-21 13:40:33 INFO [cinic10.training.engine] Saving checkpoint outputs/01_grid__epochs_mobilenet/seed_42/run_000/last.ckpt status=running epoch=95
2026-03-21 13:40:33 INFO [cinic10.utils] atomic_torch_save -> outputs/01_grid__epochs_mobilenet/seed_42/run_000/last.ckpt
2026-03-21 13:40:54 INFO [cinic10.utils] Writing JSON to outputs/01_grid__epochs_mobilenet/seed_42/run_000/epoch_metrics.json
2026-03-21 13:40:54 INFO [cinic10.utils] Writing JSON to outputs/01_grid__epochs_mobilenet/seed_42/run_000/epoch_resource_stats.json
2026-03-21 13:40:54 INFO [cinic10.training.engine] Saving checkpoint outputs/01_grid__epochs_mobilenet/seed_42/run_000/last.ckpt status=running epoch=96
2026-03-21 13:40:54 INFO [cinic10.utils] atomic_torch_save -> outputs/01_grid__epochs_mobilenet/seed_42/run_000/last.ckpt
2026-03-21 13:41:15 INFO [cinic10.utils] Writing JSON to outputs/01_grid__epochs_mobilenet/seed_42/run_000/epoch_metrics.json
2026-03-21 13:41:15 INFO [cinic10.utils] Writing JSON to outputs/01_grid__epochs_mobilenet/seed_42/run_000/epoch_resource_stats.json
2026-03-21 13:41:15 INFO [cinic10.training.engine] Saving checkpoint outputs/01_grid__epochs_mobilenet/seed_42/run_000/last.ckpt status=running epoch=97
2026-03-21 13:41:15 INFO [cinic10.utils] atomic_torch_save -> outputs/01_grid__epochs_mobilenet/seed_42/run_000/last.ckpt
2026-03-21 13:41:35 INFO [cinic10.utils] Writing JSON to outputs/01_grid__epochs_mobilenet/seed_42/run_000/epoch_metrics.json
2026-03-21 13:41:35 INFO [cinic10.utils] Writing JSON to outputs/01_grid__epochs_mobilenet/seed_42/run_000/epoch_resource_stats.json
2026-03-21 13:41:35 INFO [cinic10.training.engine] Saving checkpoint outputs/01_grid__epochs_mobilenet/seed_42/run_000/last.ckpt status=running epoch=98
2026-03-21 13:41:35 INFO [cinic10.utils] atomic_torch_save -> outputs/01_grid__epochs_mobilenet/seed_42/run_000/last.ckpt
2026-03-21 13:41:56 INFO [cinic10.utils] Writing JSON to outputs/01_grid__epochs_mobilenet/seed_42/run_000/epoch_metrics.json
2026-03-21 13:41:56 INFO [cinic10.utils] Writing JSON to outputs/01_grid__epochs_mobilenet/seed_42/run_000/epoch_resource_stats.json
2026-03-21 13:41:56 INFO [cinic10.training.engine] Saving checkpoint outputs/01_grid__epochs_mobilenet/seed_42/run_000/last.ckpt status=running epoch=99
2026-03-21 13:41:56 INFO [cinic10.utils] atomic_torch_save -> outputs/01_grid__epochs_mobilenet/seed_42/run_000/last.ckpt
2026-03-21 13:42:16 INFO [cinic10.utils] Writing JSON to outputs/01_grid__epochs_mobilenet/seed_42/run_000/epoch_metrics.json
2026-03-21 13:42:16 INFO [cinic10.utils] Writing JSON to outputs/01_grid__epochs_mobilenet/seed_42/run_000/epoch_resource_stats.json
2026-03-21 13:42:16 INFO [cinic10.training.engine] Saving checkpoint outputs/01_grid__epochs_mobilenet/seed_42/run_000/last.ckpt status=running epoch=100
2026-03-21 13:42:16 INFO [cinic10.utils] atomic_torch_save -> outputs/01_grid__epochs_mobilenet/seed_42/run_000/last.ckpt
2026-03-21 13:42:16 INFO [cinic10.training.engine] Saving checkpoint outputs/01_grid__epochs_mobilenet/seed_42/run_000/last.ckpt status=completed epoch=100
2026-03-21 13:42:16 INFO [cinic10.utils] atomic_torch_save -> outputs/01_grid__epochs_mobilenet/seed_42/run_000/last.ckpt
2026-03-21 13:42:16 INFO [cinic10.training.engine] fit: completed run output=outputs/01_grid__epochs_mobilenet/seed_42/run_000 best_val_acc=0.4648
2026-03-21 13:42:16 INFO [cinic10.utils] Writing JSON to outputs/01_grid__epochs_mobilenet/seed_42/run_000/metrics.json
2026-03-21 13:42:29 INFO [cinic10.utils] Writing JSON to outputs/01_grid__epochs_mobilenet/seed_42/run_000/test_metrics.json
2026-03-21 13:43:29 INFO [__main__] Grid search completed with 1 runs. Saving summary CSV and JSON.
2026-03-21 13:43:29 INFO [cinic10.utils] Writing JSON to outputs/01_grid__epochs_mobilenet/seed_42/grid_results.json
2026-03-21 13:43:29 INFO [__main__] All done! Summary saved to outputs/01_grid__epochs_mobilenet/seed_42
