2026-03-21 13:43:31 INFO [__main__] run_grid_search: data=data output=outputs/01_grid__epochs_mobilenet/seed_3407
2026-03-21 13:43:31 INFO [cinic10.config] build_mobilenet_grid: data_root=data seed=3407 epochs=100
2026-03-21 13:43:31 INFO [__main__] Starting run 0 with config: TrainingConfig(data_root=PosixPath('data'), output_dir=PosixPath('outputs/01_grid__epochs_mobilenet/seed_3407/run_000'), architecture='mobilenet_v3_small', seed=3407, epochs=100, batch_size=128, learning_rate=0.0003, optimizer='sgd', momentum=0.9, weight_decay=0.0, dropout=0.0, num_workers=4, augmentation='standard', mix_alpha=1.0, pretrained=True, train_fraction=1.0, checkpoint_interval=1, nas_entropy_weight=0.001, nas_temperature_start=5.0, nas_temperature_end=0.5, arch_learning_rate=0.0003, arch_weight_decay=0.0, device='cpu')
2026-03-21 13:43:32 INFO [cinic10.models.factory] create_model: mobilenet_v3_small pretrained=False dropout=0.0
2026-03-21 13:43:32 INFO [cinic10.training.engine] fit: starting run output=outputs/01_grid__epochs_mobilenet/seed_3407/run_000 epochs=100 device=mps
2026-03-21 13:44:03 INFO [cinic10.utils] Writing JSON to outputs/01_grid__epochs_mobilenet/seed_3407/run_000/epoch_metrics.json
2026-03-21 13:44:03 INFO [cinic10.utils] Writing JSON to outputs/01_grid__epochs_mobilenet/seed_3407/run_000/epoch_resource_stats.json
2026-03-21 13:44:03 INFO [cinic10.training.engine] Saving checkpoint outputs/01_grid__epochs_mobilenet/seed_3407/run_000/best.pt status=best epoch=1
2026-03-21 13:44:03 INFO [cinic10.utils] atomic_torch_save -> outputs/01_grid__epochs_mobilenet/seed_3407/run_000/best.pt
2026-03-21 13:44:03 INFO [cinic10.utils] save_model_weights_optimized -> outputs/01_grid__epochs_mobilenet/seed_3407/run_000/best.safetensors
2026-03-21 13:44:03 INFO [cinic10.training.engine] New best checkpoint at epoch 1 best_val_acc=0.1653
2026-03-21 13:44:03 INFO [cinic10.training.engine] Saving checkpoint outputs/01_grid__epochs_mobilenet/seed_3407/run_000/last.ckpt status=running epoch=1
2026-03-21 13:44:03 INFO [cinic10.utils] atomic_torch_save -> outputs/01_grid__epochs_mobilenet/seed_3407/run_000/last.ckpt
2026-03-21 13:44:22 INFO [cinic10.utils] Writing JSON to outputs/01_grid__epochs_mobilenet/seed_3407/run_000/epoch_metrics.json
2026-03-21 13:44:22 INFO [cinic10.utils] Writing JSON to outputs/01_grid__epochs_mobilenet/seed_3407/run_000/epoch_resource_stats.json
2026-03-21 13:44:22 INFO [cinic10.training.engine] Saving checkpoint outputs/01_grid__epochs_mobilenet/seed_3407/run_000/best.pt status=best epoch=2
2026-03-21 13:44:22 INFO [cinic10.utils] atomic_torch_save -> outputs/01_grid__epochs_mobilenet/seed_3407/run_000/best.pt
2026-03-21 13:44:22 INFO [cinic10.utils] save_model_weights_optimized -> outputs/01_grid__epochs_mobilenet/seed_3407/run_000/best.safetensors
2026-03-21 13:44:22 INFO [cinic10.training.engine] New best checkpoint at epoch 2 best_val_acc=0.2404
2026-03-21 13:44:22 INFO [cinic10.training.engine] Saving checkpoint outputs/01_grid__epochs_mobilenet/seed_3407/run_000/last.ckpt status=running epoch=2
2026-03-21 13:44:22 INFO [cinic10.utils] atomic_torch_save -> outputs/01_grid__epochs_mobilenet/seed_3407/run_000/last.ckpt
2026-03-21 13:44:41 INFO [cinic10.utils] Writing JSON to outputs/01_grid__epochs_mobilenet/seed_3407/run_000/epoch_metrics.json
2026-03-21 13:44:41 INFO [cinic10.utils] Writing JSON to outputs/01_grid__epochs_mobilenet/seed_3407/run_000/epoch_resource_stats.json
2026-03-21 13:44:41 INFO [cinic10.training.engine] Saving checkpoint outputs/01_grid__epochs_mobilenet/seed_3407/run_000/best.pt status=best epoch=3
2026-03-21 13:44:41 INFO [cinic10.utils] atomic_torch_save -> outputs/01_grid__epochs_mobilenet/seed_3407/run_000/best.pt
2026-03-21 13:44:41 INFO [cinic10.utils] save_model_weights_optimized -> outputs/01_grid__epochs_mobilenet/seed_3407/run_000/best.safetensors
2026-03-21 13:44:41 INFO [cinic10.training.engine] New best checkpoint at epoch 3 best_val_acc=0.2811
2026-03-21 13:44:41 INFO [cinic10.training.engine] Saving checkpoint outputs/01_grid__epochs_mobilenet/seed_3407/run_000/last.ckpt status=running epoch=3
2026-03-21 13:44:41 INFO [cinic10.utils] atomic_torch_save -> outputs/01_grid__epochs_mobilenet/seed_3407/run_000/last.ckpt
2026-03-21 13:45:00 INFO [cinic10.utils] Writing JSON to outputs/01_grid__epochs_mobilenet/seed_3407/run_000/epoch_metrics.json
2026-03-21 13:45:00 INFO [cinic10.utils] Writing JSON to outputs/01_grid__epochs_mobilenet/seed_3407/run_000/epoch_resource_stats.json
2026-03-21 13:45:00 INFO [cinic10.training.engine] Saving checkpoint outputs/01_grid__epochs_mobilenet/seed_3407/run_000/best.pt status=best epoch=4
2026-03-21 13:45:00 INFO [cinic10.utils] atomic_torch_save -> outputs/01_grid__epochs_mobilenet/seed_3407/run_000/best.pt
2026-03-21 13:45:01 INFO [cinic10.utils] save_model_weights_optimized -> outputs/01_grid__epochs_mobilenet/seed_3407/run_000/best.safetensors
2026-03-21 13:45:01 INFO [cinic10.training.engine] New best checkpoint at epoch 4 best_val_acc=0.3076
2026-03-21 13:45:01 INFO [cinic10.training.engine] Saving checkpoint outputs/01_grid__epochs_mobilenet/seed_3407/run_000/last.ckpt status=running epoch=4
2026-03-21 13:45:01 INFO [cinic10.utils] atomic_torch_save -> outputs/01_grid__epochs_mobilenet/seed_3407/run_000/last.ckpt
2026-03-21 13:45:20 INFO [cinic10.utils] Writing JSON to outputs/01_grid__epochs_mobilenet/seed_3407/run_000/epoch_metrics.json
2026-03-21 13:45:20 INFO [cinic10.utils] Writing JSON to outputs/01_grid__epochs_mobilenet/seed_3407/run_000/epoch_resource_stats.json
2026-03-21 13:45:20 INFO [cinic10.training.engine] Saving checkpoint outputs/01_grid__epochs_mobilenet/seed_3407/run_000/best.pt status=best epoch=5
2026-03-21 13:45:20 INFO [cinic10.utils] atomic_torch_save -> outputs/01_grid__epochs_mobilenet/seed_3407/run_000/best.pt
2026-03-21 13:45:20 INFO [cinic10.utils] save_model_weights_optimized -> outputs/01_grid__epochs_mobilenet/seed_3407/run_000/best.safetensors
2026-03-21 13:45:20 INFO [cinic10.training.engine] New best checkpoint at epoch 5 best_val_acc=0.3385
2026-03-21 13:45:20 INFO [cinic10.training.engine] Saving checkpoint outputs/01_grid__epochs_mobilenet/seed_3407/run_000/last.ckpt status=running epoch=5
2026-03-21 13:45:20 INFO [cinic10.utils] atomic_torch_save -> outputs/01_grid__epochs_mobilenet/seed_3407/run_000/last.ckpt
2026-03-21 13:45:39 INFO [cinic10.utils] Writing JSON to outputs/01_grid__epochs_mobilenet/seed_3407/run_000/epoch_metrics.json
2026-03-21 13:45:39 INFO [cinic10.utils] Writing JSON to outputs/01_grid__epochs_mobilenet/seed_3407/run_000/epoch_resource_stats.json
2026-03-21 13:45:39 INFO [cinic10.training.engine] Saving checkpoint outputs/01_grid__epochs_mobilenet/seed_3407/run_000/best.pt status=best epoch=6
2026-03-21 13:45:39 INFO [cinic10.utils] atomic_torch_save -> outputs/01_grid__epochs_mobilenet/seed_3407/run_000/best.pt
2026-03-21 13:45:39 INFO [cinic10.utils] save_model_weights_optimized -> outputs/01_grid__epochs_mobilenet/seed_3407/run_000/best.safetensors
2026-03-21 13:45:39 INFO [cinic10.training.engine] New best checkpoint at epoch 6 best_val_acc=0.3578
2026-03-21 13:45:39 INFO [cinic10.training.engine] Saving checkpoint outputs/01_grid__epochs_mobilenet/seed_3407/run_000/last.ckpt status=running epoch=6
2026-03-21 13:45:39 INFO [cinic10.utils] atomic_torch_save -> outputs/01_grid__epochs_mobilenet/seed_3407/run_000/last.ckpt
2026-03-21 13:45:58 INFO [cinic10.utils] Writing JSON to outputs/01_grid__epochs_mobilenet/seed_3407/run_000/epoch_metrics.json
2026-03-21 13:45:58 INFO [cinic10.utils] Writing JSON to outputs/01_grid__epochs_mobilenet/seed_3407/run_000/epoch_resource_stats.json
2026-03-21 13:45:58 INFO [cinic10.training.engine] Saving checkpoint outputs/01_grid__epochs_mobilenet/seed_3407/run_000/best.pt status=best epoch=7
2026-03-21 13:45:58 INFO [cinic10.utils] atomic_torch_save -> outputs/01_grid__epochs_mobilenet/seed_3407/run_000/best.pt
2026-03-21 13:45:58 INFO [cinic10.utils] save_model_weights_optimized -> outputs/01_grid__epochs_mobilenet/seed_3407/run_000/best.safetensors
2026-03-21 13:45:58 INFO [cinic10.training.engine] New best checkpoint at epoch 7 best_val_acc=0.3709
2026-03-21 13:45:58 INFO [cinic10.training.engine] Saving checkpoint outputs/01_grid__epochs_mobilenet/seed_3407/run_000/last.ckpt status=running epoch=7
2026-03-21 13:45:58 INFO [cinic10.utils] atomic_torch_save -> outputs/01_grid__epochs_mobilenet/seed_3407/run_000/last.ckpt
2026-03-21 13:46:17 INFO [cinic10.utils] Writing JSON to outputs/01_grid__epochs_mobilenet/seed_3407/run_000/epoch_metrics.json
2026-03-21 13:46:17 INFO [cinic10.utils] Writing JSON to outputs/01_grid__epochs_mobilenet/seed_3407/run_000/epoch_resource_stats.json
2026-03-21 13:46:17 INFO [cinic10.training.engine] Saving checkpoint outputs/01_grid__epochs_mobilenet/seed_3407/run_000/best.pt status=best epoch=8
2026-03-21 13:46:17 INFO [cinic10.utils] atomic_torch_save -> outputs/01_grid__epochs_mobilenet/seed_3407/run_000/best.pt
2026-03-21 13:46:17 INFO [cinic10.utils] save_model_weights_optimized -> outputs/01_grid__epochs_mobilenet/seed_3407/run_000/best.safetensors
2026-03-21 13:46:17 INFO [cinic10.training.engine] New best checkpoint at epoch 8 best_val_acc=0.3824
2026-03-21 13:46:17 INFO [cinic10.training.engine] Saving checkpoint outputs/01_grid__epochs_mobilenet/seed_3407/run_000/last.ckpt status=running epoch=8
2026-03-21 13:46:17 INFO [cinic10.utils] atomic_torch_save -> outputs/01_grid__epochs_mobilenet/seed_3407/run_000/last.ckpt
2026-03-21 13:46:36 INFO [cinic10.utils] Writing JSON to outputs/01_grid__epochs_mobilenet/seed_3407/run_000/epoch_metrics.json
2026-03-21 13:46:36 INFO [cinic10.utils] Writing JSON to outputs/01_grid__epochs_mobilenet/seed_3407/run_000/epoch_resource_stats.json
2026-03-21 13:46:36 INFO [cinic10.training.engine] Saving checkpoint outputs/01_grid__epochs_mobilenet/seed_3407/run_000/best.pt status=best epoch=9
2026-03-21 13:46:36 INFO [cinic10.utils] atomic_torch_save -> outputs/01_grid__epochs_mobilenet/seed_3407/run_000/best.pt
2026-03-21 13:46:36 INFO [cinic10.utils] save_model_weights_optimized -> outputs/01_grid__epochs_mobilenet/seed_3407/run_000/best.safetensors
2026-03-21 13:46:36 INFO [cinic10.training.engine] New best checkpoint at epoch 9 best_val_acc=0.3881
2026-03-21 13:46:36 INFO [cinic10.training.engine] Saving checkpoint outputs/01_grid__epochs_mobilenet/seed_3407/run_000/last.ckpt status=running epoch=9
2026-03-21 13:46:36 INFO [cinic10.utils] atomic_torch_save -> outputs/01_grid__epochs_mobilenet/seed_3407/run_000/last.ckpt
2026-03-21 13:46:56 INFO [cinic10.utils] Writing JSON to outputs/01_grid__epochs_mobilenet/seed_3407/run_000/epoch_metrics.json
2026-03-21 13:46:56 INFO [cinic10.utils] Writing JSON to outputs/01_grid__epochs_mobilenet/seed_3407/run_000/epoch_resource_stats.json
2026-03-21 13:46:56 INFO [cinic10.training.engine] Saving checkpoint outputs/01_grid__epochs_mobilenet/seed_3407/run_000/best.pt status=best epoch=10
2026-03-21 13:46:56 INFO [cinic10.utils] atomic_torch_save -> outputs/01_grid__epochs_mobilenet/seed_3407/run_000/best.pt
2026-03-21 13:46:56 INFO [cinic10.utils] save_model_weights_optimized -> outputs/01_grid__epochs_mobilenet/seed_3407/run_000/best.safetensors
2026-03-21 13:46:56 INFO [cinic10.training.engine] New best checkpoint at epoch 10 best_val_acc=0.3972
2026-03-21 13:46:56 INFO [cinic10.training.engine] Saving checkpoint outputs/01_grid__epochs_mobilenet/seed_3407/run_000/last.ckpt status=running epoch=10
2026-03-21 13:46:56 INFO [cinic10.utils] atomic_torch_save -> outputs/01_grid__epochs_mobilenet/seed_3407/run_000/last.ckpt
2026-03-21 13:47:15 INFO [cinic10.utils] Writing JSON to outputs/01_grid__epochs_mobilenet/seed_3407/run_000/epoch_metrics.json
2026-03-21 13:47:15 INFO [cinic10.utils] Writing JSON to outputs/01_grid__epochs_mobilenet/seed_3407/run_000/epoch_resource_stats.json
2026-03-21 13:47:15 INFO [cinic10.training.engine] Saving checkpoint outputs/01_grid__epochs_mobilenet/seed_3407/run_000/best.pt status=best epoch=11
2026-03-21 13:47:15 INFO [cinic10.utils] atomic_torch_save -> outputs/01_grid__epochs_mobilenet/seed_3407/run_000/best.pt
2026-03-21 13:47:15 INFO [cinic10.utils] save_model_weights_optimized -> outputs/01_grid__epochs_mobilenet/seed_3407/run_000/best.safetensors
2026-03-21 13:47:15 INFO [cinic10.training.engine] New best checkpoint at epoch 11 best_val_acc=0.4032
2026-03-21 13:47:15 INFO [cinic10.training.engine] Saving checkpoint outputs/01_grid__epochs_mobilenet/seed_3407/run_000/last.ckpt status=running epoch=11
2026-03-21 13:47:15 INFO [cinic10.utils] atomic_torch_save -> outputs/01_grid__epochs_mobilenet/seed_3407/run_000/last.ckpt
2026-03-21 13:47:34 INFO [cinic10.utils] Writing JSON to outputs/01_grid__epochs_mobilenet/seed_3407/run_000/epoch_metrics.json
2026-03-21 13:47:34 INFO [cinic10.utils] Writing JSON to outputs/01_grid__epochs_mobilenet/seed_3407/run_000/epoch_resource_stats.json
2026-03-21 13:47:34 INFO [cinic10.training.engine] Saving checkpoint outputs/01_grid__epochs_mobilenet/seed_3407/run_000/best.pt status=best epoch=12
2026-03-21 13:47:34 INFO [cinic10.utils] atomic_torch_save -> outputs/01_grid__epochs_mobilenet/seed_3407/run_000/best.pt
2026-03-21 13:47:34 INFO [cinic10.utils] save_model_weights_optimized -> outputs/01_grid__epochs_mobilenet/seed_3407/run_000/best.safetensors
2026-03-21 13:47:34 INFO [cinic10.training.engine] New best checkpoint at epoch 12 best_val_acc=0.4062
2026-03-21 13:47:34 INFO [cinic10.training.engine] Saving checkpoint outputs/01_grid__epochs_mobilenet/seed_3407/run_000/last.ckpt status=running epoch=12
2026-03-21 13:47:34 INFO [cinic10.utils] atomic_torch_save -> outputs/01_grid__epochs_mobilenet/seed_3407/run_000/last.ckpt
2026-03-21 13:47:53 INFO [cinic10.utils] Writing JSON to outputs/01_grid__epochs_mobilenet/seed_3407/run_000/epoch_metrics.json
2026-03-21 13:47:53 INFO [cinic10.utils] Writing JSON to outputs/01_grid__epochs_mobilenet/seed_3407/run_000/epoch_resource_stats.json
2026-03-21 13:47:53 INFO [cinic10.training.engine] Saving checkpoint outputs/01_grid__epochs_mobilenet/seed_3407/run_000/best.pt status=best epoch=13
2026-03-21 13:47:53 INFO [cinic10.utils] atomic_torch_save -> outputs/01_grid__epochs_mobilenet/seed_3407/run_000/best.pt
2026-03-21 13:47:53 INFO [cinic10.utils] save_model_weights_optimized -> outputs/01_grid__epochs_mobilenet/seed_3407/run_000/best.safetensors
2026-03-21 13:47:53 INFO [cinic10.training.engine] New best checkpoint at epoch 13 best_val_acc=0.4109
2026-03-21 13:47:53 INFO [cinic10.training.engine] Saving checkpoint outputs/01_grid__epochs_mobilenet/seed_3407/run_000/last.ckpt status=running epoch=13
2026-03-21 13:47:53 INFO [cinic10.utils] atomic_torch_save -> outputs/01_grid__epochs_mobilenet/seed_3407/run_000/last.ckpt
2026-03-21 13:48:13 INFO [cinic10.utils] Writing JSON to outputs/01_grid__epochs_mobilenet/seed_3407/run_000/epoch_metrics.json
2026-03-21 13:48:13 INFO [cinic10.utils] Writing JSON to outputs/01_grid__epochs_mobilenet/seed_3407/run_000/epoch_resource_stats.json
2026-03-21 13:48:13 INFO [cinic10.training.engine] Saving checkpoint outputs/01_grid__epochs_mobilenet/seed_3407/run_000/best.pt status=best epoch=14
2026-03-21 13:48:13 INFO [cinic10.utils] atomic_torch_save -> outputs/01_grid__epochs_mobilenet/seed_3407/run_000/best.pt
2026-03-21 13:48:13 INFO [cinic10.utils] save_model_weights_optimized -> outputs/01_grid__epochs_mobilenet/seed_3407/run_000/best.safetensors
2026-03-21 13:48:13 INFO [cinic10.training.engine] New best checkpoint at epoch 14 best_val_acc=0.4116
2026-03-21 13:48:13 INFO [cinic10.training.engine] Saving checkpoint outputs/01_grid__epochs_mobilenet/seed_3407/run_000/last.ckpt status=running epoch=14
2026-03-21 13:48:13 INFO [cinic10.utils] atomic_torch_save -> outputs/01_grid__epochs_mobilenet/seed_3407/run_000/last.ckpt
2026-03-21 13:48:32 INFO [cinic10.utils] Writing JSON to outputs/01_grid__epochs_mobilenet/seed_3407/run_000/epoch_metrics.json
2026-03-21 13:48:32 INFO [cinic10.utils] Writing JSON to outputs/01_grid__epochs_mobilenet/seed_3407/run_000/epoch_resource_stats.json
2026-03-21 13:48:32 INFO [cinic10.training.engine] Saving checkpoint outputs/01_grid__epochs_mobilenet/seed_3407/run_000/best.pt status=best epoch=15
2026-03-21 13:48:32 INFO [cinic10.utils] atomic_torch_save -> outputs/01_grid__epochs_mobilenet/seed_3407/run_000/best.pt
2026-03-21 13:48:32 INFO [cinic10.utils] save_model_weights_optimized -> outputs/01_grid__epochs_mobilenet/seed_3407/run_000/best.safetensors
2026-03-21 13:48:32 INFO [cinic10.training.engine] New best checkpoint at epoch 15 best_val_acc=0.4196
2026-03-21 13:48:32 INFO [cinic10.training.engine] Saving checkpoint outputs/01_grid__epochs_mobilenet/seed_3407/run_000/last.ckpt status=running epoch=15
2026-03-21 13:48:32 INFO [cinic10.utils] atomic_torch_save -> outputs/01_grid__epochs_mobilenet/seed_3407/run_000/last.ckpt
2026-03-21 13:48:51 INFO [cinic10.utils] Writing JSON to outputs/01_grid__epochs_mobilenet/seed_3407/run_000/epoch_metrics.json
2026-03-21 13:48:51 INFO [cinic10.utils] Writing JSON to outputs/01_grid__epochs_mobilenet/seed_3407/run_000/epoch_resource_stats.json
2026-03-21 13:48:51 INFO [cinic10.training.engine] Saving checkpoint outputs/01_grid__epochs_mobilenet/seed_3407/run_000/best.pt status=best epoch=16
2026-03-21 13:48:51 INFO [cinic10.utils] atomic_torch_save -> outputs/01_grid__epochs_mobilenet/seed_3407/run_000/best.pt
2026-03-21 13:48:51 INFO [cinic10.utils] save_model_weights_optimized -> outputs/01_grid__epochs_mobilenet/seed_3407/run_000/best.safetensors
2026-03-21 13:48:51 INFO [cinic10.training.engine] New best checkpoint at epoch 16 best_val_acc=0.4208
2026-03-21 13:48:51 INFO [cinic10.training.engine] Saving checkpoint outputs/01_grid__epochs_mobilenet/seed_3407/run_000/last.ckpt status=running epoch=16
2026-03-21 13:48:51 INFO [cinic10.utils] atomic_torch_save -> outputs/01_grid__epochs_mobilenet/seed_3407/run_000/last.ckpt
2026-03-21 13:49:10 INFO [cinic10.utils] Writing JSON to outputs/01_grid__epochs_mobilenet/seed_3407/run_000/epoch_metrics.json
2026-03-21 13:49:10 INFO [cinic10.utils] Writing JSON to outputs/01_grid__epochs_mobilenet/seed_3407/run_000/epoch_resource_stats.json
2026-03-21 13:49:10 INFO [cinic10.training.engine] Saving checkpoint outputs/01_grid__epochs_mobilenet/seed_3407/run_000/best.pt status=best epoch=17
2026-03-21 13:49:10 INFO [cinic10.utils] atomic_torch_save -> outputs/01_grid__epochs_mobilenet/seed_3407/run_000/best.pt
2026-03-21 13:49:11 INFO [cinic10.utils] save_model_weights_optimized -> outputs/01_grid__epochs_mobilenet/seed_3407/run_000/best.safetensors
2026-03-21 13:49:11 INFO [cinic10.training.engine] New best checkpoint at epoch 17 best_val_acc=0.4243
2026-03-21 13:49:11 INFO [cinic10.training.engine] Saving checkpoint outputs/01_grid__epochs_mobilenet/seed_3407/run_000/last.ckpt status=running epoch=17
2026-03-21 13:49:11 INFO [cinic10.utils] atomic_torch_save -> outputs/01_grid__epochs_mobilenet/seed_3407/run_000/last.ckpt
2026-03-21 13:49:30 INFO [cinic10.utils] Writing JSON to outputs/01_grid__epochs_mobilenet/seed_3407/run_000/epoch_metrics.json
2026-03-21 13:49:30 INFO [cinic10.utils] Writing JSON to outputs/01_grid__epochs_mobilenet/seed_3407/run_000/epoch_resource_stats.json
2026-03-21 13:49:30 INFO [cinic10.training.engine] Saving checkpoint outputs/01_grid__epochs_mobilenet/seed_3407/run_000/best.pt status=best epoch=18
2026-03-21 13:49:30 INFO [cinic10.utils] atomic_torch_save -> outputs/01_grid__epochs_mobilenet/seed_3407/run_000/best.pt
2026-03-21 13:49:30 INFO [cinic10.utils] save_model_weights_optimized -> outputs/01_grid__epochs_mobilenet/seed_3407/run_000/best.safetensors
2026-03-21 13:49:30 INFO [cinic10.training.engine] New best checkpoint at epoch 18 best_val_acc=0.4276
2026-03-21 13:49:30 INFO [cinic10.training.engine] Saving checkpoint outputs/01_grid__epochs_mobilenet/seed_3407/run_000/last.ckpt status=running epoch=18
2026-03-21 13:49:30 INFO [cinic10.utils] atomic_torch_save -> outputs/01_grid__epochs_mobilenet/seed_3407/run_000/last.ckpt
2026-03-21 13:49:49 INFO [cinic10.utils] Writing JSON to outputs/01_grid__epochs_mobilenet/seed_3407/run_000/epoch_metrics.json
2026-03-21 13:49:49 INFO [cinic10.utils] Writing JSON to outputs/01_grid__epochs_mobilenet/seed_3407/run_000/epoch_resource_stats.json
2026-03-21 13:49:49 INFO [cinic10.training.engine] Saving checkpoint outputs/01_grid__epochs_mobilenet/seed_3407/run_000/best.pt status=best epoch=19
2026-03-21 13:49:49 INFO [cinic10.utils] atomic_torch_save -> outputs/01_grid__epochs_mobilenet/seed_3407/run_000/best.pt
2026-03-21 13:49:49 INFO [cinic10.utils] save_model_weights_optimized -> outputs/01_grid__epochs_mobilenet/seed_3407/run_000/best.safetensors
2026-03-21 13:49:49 INFO [cinic10.training.engine] New best checkpoint at epoch 19 best_val_acc=0.4278
2026-03-21 13:49:49 INFO [cinic10.training.engine] Saving checkpoint outputs/01_grid__epochs_mobilenet/seed_3407/run_000/last.ckpt status=running epoch=19
2026-03-21 13:49:49 INFO [cinic10.utils] atomic_torch_save -> outputs/01_grid__epochs_mobilenet/seed_3407/run_000/last.ckpt
2026-03-21 13:50:08 INFO [cinic10.utils] Writing JSON to outputs/01_grid__epochs_mobilenet/seed_3407/run_000/epoch_metrics.json
2026-03-21 13:50:08 INFO [cinic10.utils] Writing JSON to outputs/01_grid__epochs_mobilenet/seed_3407/run_000/epoch_resource_stats.json
2026-03-21 13:50:08 INFO [cinic10.training.engine] Saving checkpoint outputs/01_grid__epochs_mobilenet/seed_3407/run_000/best.pt status=best epoch=20
2026-03-21 13:50:08 INFO [cinic10.utils] atomic_torch_save -> outputs/01_grid__epochs_mobilenet/seed_3407/run_000/best.pt
2026-03-21 13:50:08 INFO [cinic10.utils] save_model_weights_optimized -> outputs/01_grid__epochs_mobilenet/seed_3407/run_000/best.safetensors
2026-03-21 13:50:08 INFO [cinic10.training.engine] New best checkpoint at epoch 20 best_val_acc=0.4290
2026-03-21 13:50:08 INFO [cinic10.training.engine] Saving checkpoint outputs/01_grid__epochs_mobilenet/seed_3407/run_000/last.ckpt status=running epoch=20
2026-03-21 13:50:08 INFO [cinic10.utils] atomic_torch_save -> outputs/01_grid__epochs_mobilenet/seed_3407/run_000/last.ckpt
2026-03-21 13:50:27 INFO [cinic10.utils] Writing JSON to outputs/01_grid__epochs_mobilenet/seed_3407/run_000/epoch_metrics.json
2026-03-21 13:50:27 INFO [cinic10.utils] Writing JSON to outputs/01_grid__epochs_mobilenet/seed_3407/run_000/epoch_resource_stats.json
2026-03-21 13:50:27 INFO [cinic10.training.engine] Saving checkpoint outputs/01_grid__epochs_mobilenet/seed_3407/run_000/best.pt status=best epoch=21
2026-03-21 13:50:27 INFO [cinic10.utils] atomic_torch_save -> outputs/01_grid__epochs_mobilenet/seed_3407/run_000/best.pt
2026-03-21 13:50:27 INFO [cinic10.utils] save_model_weights_optimized -> outputs/01_grid__epochs_mobilenet/seed_3407/run_000/best.safetensors
2026-03-21 13:50:27 INFO [cinic10.training.engine] New best checkpoint at epoch 21 best_val_acc=0.4324
2026-03-21 13:50:27 INFO [cinic10.training.engine] Saving checkpoint outputs/01_grid__epochs_mobilenet/seed_3407/run_000/last.ckpt status=running epoch=21
2026-03-21 13:50:27 INFO [cinic10.utils] atomic_torch_save -> outputs/01_grid__epochs_mobilenet/seed_3407/run_000/last.ckpt
2026-03-21 13:50:47 INFO [cinic10.utils] Writing JSON to outputs/01_grid__epochs_mobilenet/seed_3407/run_000/epoch_metrics.json
2026-03-21 13:50:47 INFO [cinic10.utils] Writing JSON to outputs/01_grid__epochs_mobilenet/seed_3407/run_000/epoch_resource_stats.json
2026-03-21 13:50:47 INFO [cinic10.training.engine] Saving checkpoint outputs/01_grid__epochs_mobilenet/seed_3407/run_000/best.pt status=best epoch=22
2026-03-21 13:50:47 INFO [cinic10.utils] atomic_torch_save -> outputs/01_grid__epochs_mobilenet/seed_3407/run_000/best.pt
2026-03-21 13:50:47 INFO [cinic10.utils] save_model_weights_optimized -> outputs/01_grid__epochs_mobilenet/seed_3407/run_000/best.safetensors
2026-03-21 13:50:47 INFO [cinic10.training.engine] New best checkpoint at epoch 22 best_val_acc=0.4335
2026-03-21 13:50:47 INFO [cinic10.training.engine] Saving checkpoint outputs/01_grid__epochs_mobilenet/seed_3407/run_000/last.ckpt status=running epoch=22
2026-03-21 13:50:47 INFO [cinic10.utils] atomic_torch_save -> outputs/01_grid__epochs_mobilenet/seed_3407/run_000/last.ckpt
2026-03-21 13:51:06 INFO [cinic10.utils] Writing JSON to outputs/01_grid__epochs_mobilenet/seed_3407/run_000/epoch_metrics.json
2026-03-21 13:51:06 INFO [cinic10.utils] Writing JSON to outputs/01_grid__epochs_mobilenet/seed_3407/run_000/epoch_resource_stats.json
2026-03-21 13:51:06 INFO [cinic10.training.engine] Saving checkpoint outputs/01_grid__epochs_mobilenet/seed_3407/run_000/best.pt status=best epoch=23
2026-03-21 13:51:06 INFO [cinic10.utils] atomic_torch_save -> outputs/01_grid__epochs_mobilenet/seed_3407/run_000/best.pt
2026-03-21 13:51:06 INFO [cinic10.utils] save_model_weights_optimized -> outputs/01_grid__epochs_mobilenet/seed_3407/run_000/best.safetensors
2026-03-21 13:51:06 INFO [cinic10.training.engine] New best checkpoint at epoch 23 best_val_acc=0.4343
2026-03-21 13:51:06 INFO [cinic10.training.engine] Saving checkpoint outputs/01_grid__epochs_mobilenet/seed_3407/run_000/last.ckpt status=running epoch=23
2026-03-21 13:51:06 INFO [cinic10.utils] atomic_torch_save -> outputs/01_grid__epochs_mobilenet/seed_3407/run_000/last.ckpt
2026-03-21 13:51:25 INFO [cinic10.utils] Writing JSON to outputs/01_grid__epochs_mobilenet/seed_3407/run_000/epoch_metrics.json
2026-03-21 13:51:25 INFO [cinic10.utils] Writing JSON to outputs/01_grid__epochs_mobilenet/seed_3407/run_000/epoch_resource_stats.json
2026-03-21 13:51:25 INFO [cinic10.training.engine] Saving checkpoint outputs/01_grid__epochs_mobilenet/seed_3407/run_000/best.pt status=best epoch=24
2026-03-21 13:51:25 INFO [cinic10.utils] atomic_torch_save -> outputs/01_grid__epochs_mobilenet/seed_3407/run_000/best.pt
2026-03-21 13:51:25 INFO [cinic10.utils] save_model_weights_optimized -> outputs/01_grid__epochs_mobilenet/seed_3407/run_000/best.safetensors
2026-03-21 13:51:25 INFO [cinic10.training.engine] New best checkpoint at epoch 24 best_val_acc=0.4368
2026-03-21 13:51:25 INFO [cinic10.training.engine] Saving checkpoint outputs/01_grid__epochs_mobilenet/seed_3407/run_000/last.ckpt status=running epoch=24
2026-03-21 13:51:25 INFO [cinic10.utils] atomic_torch_save -> outputs/01_grid__epochs_mobilenet/seed_3407/run_000/last.ckpt
2026-03-21 13:51:44 INFO [cinic10.utils] Writing JSON to outputs/01_grid__epochs_mobilenet/seed_3407/run_000/epoch_metrics.json
2026-03-21 13:51:44 INFO [cinic10.utils] Writing JSON to outputs/01_grid__epochs_mobilenet/seed_3407/run_000/epoch_resource_stats.json
2026-03-21 13:51:44 INFO [cinic10.training.engine] Saving checkpoint outputs/01_grid__epochs_mobilenet/seed_3407/run_000/best.pt status=best epoch=25
2026-03-21 13:51:44 INFO [cinic10.utils] atomic_torch_save -> outputs/01_grid__epochs_mobilenet/seed_3407/run_000/best.pt
2026-03-21 13:51:44 INFO [cinic10.utils] save_model_weights_optimized -> outputs/01_grid__epochs_mobilenet/seed_3407/run_000/best.safetensors
2026-03-21 13:51:44 INFO [cinic10.training.engine] New best checkpoint at epoch 25 best_val_acc=0.4369
2026-03-21 13:51:44 INFO [cinic10.training.engine] Saving checkpoint outputs/01_grid__epochs_mobilenet/seed_3407/run_000/last.ckpt status=running epoch=25
2026-03-21 13:51:44 INFO [cinic10.utils] atomic_torch_save -> outputs/01_grid__epochs_mobilenet/seed_3407/run_000/last.ckpt
2026-03-21 13:52:04 INFO [cinic10.utils] Writing JSON to outputs/01_grid__epochs_mobilenet/seed_3407/run_000/epoch_metrics.json
2026-03-21 13:52:04 INFO [cinic10.utils] Writing JSON to outputs/01_grid__epochs_mobilenet/seed_3407/run_000/epoch_resource_stats.json
2026-03-21 13:52:04 INFO [cinic10.training.engine] Saving checkpoint outputs/01_grid__epochs_mobilenet/seed_3407/run_000/best.pt status=best epoch=26
2026-03-21 13:52:04 INFO [cinic10.utils] atomic_torch_save -> outputs/01_grid__epochs_mobilenet/seed_3407/run_000/best.pt
2026-03-21 13:52:04 INFO [cinic10.utils] save_model_weights_optimized -> outputs/01_grid__epochs_mobilenet/seed_3407/run_000/best.safetensors
2026-03-21 13:52:04 INFO [cinic10.training.engine] New best checkpoint at epoch 26 best_val_acc=0.4387
2026-03-21 13:52:04 INFO [cinic10.training.engine] Saving checkpoint outputs/01_grid__epochs_mobilenet/seed_3407/run_000/last.ckpt status=running epoch=26
2026-03-21 13:52:04 INFO [cinic10.utils] atomic_torch_save -> outputs/01_grid__epochs_mobilenet/seed_3407/run_000/last.ckpt
2026-03-21 13:52:23 INFO [cinic10.utils] Writing JSON to outputs/01_grid__epochs_mobilenet/seed_3407/run_000/epoch_metrics.json
2026-03-21 13:52:23 INFO [cinic10.utils] Writing JSON to outputs/01_grid__epochs_mobilenet/seed_3407/run_000/epoch_resource_stats.json
2026-03-21 13:52:23 INFO [cinic10.training.engine] Saving checkpoint outputs/01_grid__epochs_mobilenet/seed_3407/run_000/last.ckpt status=running epoch=27
2026-03-21 13:52:23 INFO [cinic10.utils] atomic_torch_save -> outputs/01_grid__epochs_mobilenet/seed_3407/run_000/last.ckpt
2026-03-21 13:52:42 INFO [cinic10.utils] Writing JSON to outputs/01_grid__epochs_mobilenet/seed_3407/run_000/epoch_metrics.json
2026-03-21 13:52:42 INFO [cinic10.utils] Writing JSON to outputs/01_grid__epochs_mobilenet/seed_3407/run_000/epoch_resource_stats.json
2026-03-21 13:52:42 INFO [cinic10.training.engine] Saving checkpoint outputs/01_grid__epochs_mobilenet/seed_3407/run_000/best.pt status=best epoch=28
2026-03-21 13:52:42 INFO [cinic10.utils] atomic_torch_save -> outputs/01_grid__epochs_mobilenet/seed_3407/run_000/best.pt
2026-03-21 13:52:42 INFO [cinic10.utils] save_model_weights_optimized -> outputs/01_grid__epochs_mobilenet/seed_3407/run_000/best.safetensors
2026-03-21 13:52:42 INFO [cinic10.training.engine] New best checkpoint at epoch 28 best_val_acc=0.4433
2026-03-21 13:52:42 INFO [cinic10.training.engine] Saving checkpoint outputs/01_grid__epochs_mobilenet/seed_3407/run_000/last.ckpt status=running epoch=28
2026-03-21 13:52:42 INFO [cinic10.utils] atomic_torch_save -> outputs/01_grid__epochs_mobilenet/seed_3407/run_000/last.ckpt
2026-03-21 13:53:02 INFO [cinic10.utils] Writing JSON to outputs/01_grid__epochs_mobilenet/seed_3407/run_000/epoch_metrics.json
2026-03-21 13:53:02 INFO [cinic10.utils] Writing JSON to outputs/01_grid__epochs_mobilenet/seed_3407/run_000/epoch_resource_stats.json
2026-03-21 13:53:02 INFO [cinic10.training.engine] Saving checkpoint outputs/01_grid__epochs_mobilenet/seed_3407/run_000/last.ckpt status=running epoch=29
2026-03-21 13:53:02 INFO [cinic10.utils] atomic_torch_save -> outputs/01_grid__epochs_mobilenet/seed_3407/run_000/last.ckpt
2026-03-21 13:53:21 INFO [cinic10.utils] Writing JSON to outputs/01_grid__epochs_mobilenet/seed_3407/run_000/epoch_metrics.json
2026-03-21 13:53:21 INFO [cinic10.utils] Writing JSON to outputs/01_grid__epochs_mobilenet/seed_3407/run_000/epoch_resource_stats.json
2026-03-21 13:53:21 INFO [cinic10.training.engine] Saving checkpoint outputs/01_grid__epochs_mobilenet/seed_3407/run_000/best.pt status=best epoch=30
2026-03-21 13:53:21 INFO [cinic10.utils] atomic_torch_save -> outputs/01_grid__epochs_mobilenet/seed_3407/run_000/best.pt
2026-03-21 13:53:21 INFO [cinic10.utils] save_model_weights_optimized -> outputs/01_grid__epochs_mobilenet/seed_3407/run_000/best.safetensors
2026-03-21 13:53:21 INFO [cinic10.training.engine] New best checkpoint at epoch 30 best_val_acc=0.4439
2026-03-21 13:53:21 INFO [cinic10.training.engine] Saving checkpoint outputs/01_grid__epochs_mobilenet/seed_3407/run_000/last.ckpt status=running epoch=30
2026-03-21 13:53:21 INFO [cinic10.utils] atomic_torch_save -> outputs/01_grid__epochs_mobilenet/seed_3407/run_000/last.ckpt
2026-03-21 13:53:40 INFO [cinic10.utils] Writing JSON to outputs/01_grid__epochs_mobilenet/seed_3407/run_000/epoch_metrics.json
2026-03-21 13:53:40 INFO [cinic10.utils] Writing JSON to outputs/01_grid__epochs_mobilenet/seed_3407/run_000/epoch_resource_stats.json
2026-03-21 13:53:40 INFO [cinic10.training.engine] Saving checkpoint outputs/01_grid__epochs_mobilenet/seed_3407/run_000/last.ckpt status=running epoch=31
2026-03-21 13:53:40 INFO [cinic10.utils] atomic_torch_save -> outputs/01_grid__epochs_mobilenet/seed_3407/run_000/last.ckpt
2026-03-21 13:53:59 INFO [cinic10.utils] Writing JSON to outputs/01_grid__epochs_mobilenet/seed_3407/run_000/epoch_metrics.json
2026-03-21 13:53:59 INFO [cinic10.utils] Writing JSON to outputs/01_grid__epochs_mobilenet/seed_3407/run_000/epoch_resource_stats.json
2026-03-21 13:53:59 INFO [cinic10.training.engine] Saving checkpoint outputs/01_grid__epochs_mobilenet/seed_3407/run_000/last.ckpt status=running epoch=32
2026-03-21 13:53:59 INFO [cinic10.utils] atomic_torch_save -> outputs/01_grid__epochs_mobilenet/seed_3407/run_000/last.ckpt
2026-03-21 13:54:18 INFO [cinic10.utils] Writing JSON to outputs/01_grid__epochs_mobilenet/seed_3407/run_000/epoch_metrics.json
2026-03-21 13:54:18 INFO [cinic10.utils] Writing JSON to outputs/01_grid__epochs_mobilenet/seed_3407/run_000/epoch_resource_stats.json
2026-03-21 13:54:18 INFO [cinic10.training.engine] Saving checkpoint outputs/01_grid__epochs_mobilenet/seed_3407/run_000/best.pt status=best epoch=33
2026-03-21 13:54:18 INFO [cinic10.utils] atomic_torch_save -> outputs/01_grid__epochs_mobilenet/seed_3407/run_000/best.pt
2026-03-21 13:54:18 INFO [cinic10.utils] save_model_weights_optimized -> outputs/01_grid__epochs_mobilenet/seed_3407/run_000/best.safetensors
2026-03-21 13:54:18 INFO [cinic10.training.engine] New best checkpoint at epoch 33 best_val_acc=0.4452
2026-03-21 13:54:18 INFO [cinic10.training.engine] Saving checkpoint outputs/01_grid__epochs_mobilenet/seed_3407/run_000/last.ckpt status=running epoch=33
2026-03-21 13:54:18 INFO [cinic10.utils] atomic_torch_save -> outputs/01_grid__epochs_mobilenet/seed_3407/run_000/last.ckpt
2026-03-21 13:54:37 INFO [cinic10.utils] Writing JSON to outputs/01_grid__epochs_mobilenet/seed_3407/run_000/epoch_metrics.json
2026-03-21 13:54:37 INFO [cinic10.utils] Writing JSON to outputs/01_grid__epochs_mobilenet/seed_3407/run_000/epoch_resource_stats.json
2026-03-21 13:54:37 INFO [cinic10.training.engine] Saving checkpoint outputs/01_grid__epochs_mobilenet/seed_3407/run_000/last.ckpt status=running epoch=34
2026-03-21 13:54:37 INFO [cinic10.utils] atomic_torch_save -> outputs/01_grid__epochs_mobilenet/seed_3407/run_000/last.ckpt
2026-03-21 13:54:56 INFO [cinic10.utils] Writing JSON to outputs/01_grid__epochs_mobilenet/seed_3407/run_000/epoch_metrics.json
2026-03-21 13:54:56 INFO [cinic10.utils] Writing JSON to outputs/01_grid__epochs_mobilenet/seed_3407/run_000/epoch_resource_stats.json
2026-03-21 13:54:56 INFO [cinic10.training.engine] Saving checkpoint outputs/01_grid__epochs_mobilenet/seed_3407/run_000/last.ckpt status=running epoch=35
2026-03-21 13:54:56 INFO [cinic10.utils] atomic_torch_save -> outputs/01_grid__epochs_mobilenet/seed_3407/run_000/last.ckpt
2026-03-21 13:55:15 INFO [cinic10.utils] Writing JSON to outputs/01_grid__epochs_mobilenet/seed_3407/run_000/epoch_metrics.json
2026-03-21 13:55:15 INFO [cinic10.utils] Writing JSON to outputs/01_grid__epochs_mobilenet/seed_3407/run_000/epoch_resource_stats.json
2026-03-21 13:55:15 INFO [cinic10.training.engine] Saving checkpoint outputs/01_grid__epochs_mobilenet/seed_3407/run_000/best.pt status=best epoch=36
2026-03-21 13:55:15 INFO [cinic10.utils] atomic_torch_save -> outputs/01_grid__epochs_mobilenet/seed_3407/run_000/best.pt
2026-03-21 13:55:16 INFO [cinic10.utils] save_model_weights_optimized -> outputs/01_grid__epochs_mobilenet/seed_3407/run_000/best.safetensors
2026-03-21 13:55:16 INFO [cinic10.training.engine] New best checkpoint at epoch 36 best_val_acc=0.4472
2026-03-21 13:55:16 INFO [cinic10.training.engine] Saving checkpoint outputs/01_grid__epochs_mobilenet/seed_3407/run_000/last.ckpt status=running epoch=36
2026-03-21 13:55:16 INFO [cinic10.utils] atomic_torch_save -> outputs/01_grid__epochs_mobilenet/seed_3407/run_000/last.ckpt
2026-03-21 13:55:35 INFO [cinic10.utils] Writing JSON to outputs/01_grid__epochs_mobilenet/seed_3407/run_000/epoch_metrics.json
2026-03-21 13:55:35 INFO [cinic10.utils] Writing JSON to outputs/01_grid__epochs_mobilenet/seed_3407/run_000/epoch_resource_stats.json
2026-03-21 13:55:35 INFO [cinic10.training.engine] Saving checkpoint outputs/01_grid__epochs_mobilenet/seed_3407/run_000/last.ckpt status=running epoch=37
2026-03-21 13:55:35 INFO [cinic10.utils] atomic_torch_save -> outputs/01_grid__epochs_mobilenet/seed_3407/run_000/last.ckpt
2026-03-21 13:55:54 INFO [cinic10.utils] Writing JSON to outputs/01_grid__epochs_mobilenet/seed_3407/run_000/epoch_metrics.json
2026-03-21 13:55:54 INFO [cinic10.utils] Writing JSON to outputs/01_grid__epochs_mobilenet/seed_3407/run_000/epoch_resource_stats.json
2026-03-21 13:55:54 INFO [cinic10.training.engine] Saving checkpoint outputs/01_grid__epochs_mobilenet/seed_3407/run_000/last.ckpt status=running epoch=38
2026-03-21 13:55:54 INFO [cinic10.utils] atomic_torch_save -> outputs/01_grid__epochs_mobilenet/seed_3407/run_000/last.ckpt
2026-03-21 13:56:13 INFO [cinic10.utils] Writing JSON to outputs/01_grid__epochs_mobilenet/seed_3407/run_000/epoch_metrics.json
2026-03-21 13:56:13 INFO [cinic10.utils] Writing JSON to outputs/01_grid__epochs_mobilenet/seed_3407/run_000/epoch_resource_stats.json
2026-03-21 13:56:13 INFO [cinic10.training.engine] Saving checkpoint outputs/01_grid__epochs_mobilenet/seed_3407/run_000/best.pt status=best epoch=39
2026-03-21 13:56:13 INFO [cinic10.utils] atomic_torch_save -> outputs/01_grid__epochs_mobilenet/seed_3407/run_000/best.pt
2026-03-21 13:56:13 INFO [cinic10.utils] save_model_weights_optimized -> outputs/01_grid__epochs_mobilenet/seed_3407/run_000/best.safetensors
2026-03-21 13:56:13 INFO [cinic10.training.engine] New best checkpoint at epoch 39 best_val_acc=0.4489
2026-03-21 13:56:13 INFO [cinic10.training.engine] Saving checkpoint outputs/01_grid__epochs_mobilenet/seed_3407/run_000/last.ckpt status=running epoch=39
2026-03-21 13:56:13 INFO [cinic10.utils] atomic_torch_save -> outputs/01_grid__epochs_mobilenet/seed_3407/run_000/last.ckpt
2026-03-21 13:56:32 INFO [cinic10.utils] Writing JSON to outputs/01_grid__epochs_mobilenet/seed_3407/run_000/epoch_metrics.json
2026-03-21 13:56:32 INFO [cinic10.utils] Writing JSON to outputs/01_grid__epochs_mobilenet/seed_3407/run_000/epoch_resource_stats.json
2026-03-21 13:56:32 INFO [cinic10.training.engine] Saving checkpoint outputs/01_grid__epochs_mobilenet/seed_3407/run_000/last.ckpt status=running epoch=40
2026-03-21 13:56:32 INFO [cinic10.utils] atomic_torch_save -> outputs/01_grid__epochs_mobilenet/seed_3407/run_000/last.ckpt
2026-03-21 13:56:51 INFO [cinic10.utils] Writing JSON to outputs/01_grid__epochs_mobilenet/seed_3407/run_000/epoch_metrics.json
2026-03-21 13:56:51 INFO [cinic10.utils] Writing JSON to outputs/01_grid__epochs_mobilenet/seed_3407/run_000/epoch_resource_stats.json
2026-03-21 13:56:51 INFO [cinic10.training.engine] Saving checkpoint outputs/01_grid__epochs_mobilenet/seed_3407/run_000/last.ckpt status=running epoch=41
2026-03-21 13:56:51 INFO [cinic10.utils] atomic_torch_save -> outputs/01_grid__epochs_mobilenet/seed_3407/run_000/last.ckpt
2026-03-21 13:57:10 INFO [cinic10.utils] Writing JSON to outputs/01_grid__epochs_mobilenet/seed_3407/run_000/epoch_metrics.json
2026-03-21 13:57:10 INFO [cinic10.utils] Writing JSON to outputs/01_grid__epochs_mobilenet/seed_3407/run_000/epoch_resource_stats.json
2026-03-21 13:57:10 INFO [cinic10.training.engine] Saving checkpoint outputs/01_grid__epochs_mobilenet/seed_3407/run_000/last.ckpt status=running epoch=42
2026-03-21 13:57:10 INFO [cinic10.utils] atomic_torch_save -> outputs/01_grid__epochs_mobilenet/seed_3407/run_000/last.ckpt
2026-03-21 13:57:29 INFO [cinic10.utils] Writing JSON to outputs/01_grid__epochs_mobilenet/seed_3407/run_000/epoch_metrics.json
2026-03-21 13:57:29 INFO [cinic10.utils] Writing JSON to outputs/01_grid__epochs_mobilenet/seed_3407/run_000/epoch_resource_stats.json
2026-03-21 13:57:29 INFO [cinic10.training.engine] Saving checkpoint outputs/01_grid__epochs_mobilenet/seed_3407/run_000/last.ckpt status=running epoch=43
2026-03-21 13:57:29 INFO [cinic10.utils] atomic_torch_save -> outputs/01_grid__epochs_mobilenet/seed_3407/run_000/last.ckpt
2026-03-21 13:57:48 INFO [cinic10.utils] Writing JSON to outputs/01_grid__epochs_mobilenet/seed_3407/run_000/epoch_metrics.json
2026-03-21 13:57:48 INFO [cinic10.utils] Writing JSON to outputs/01_grid__epochs_mobilenet/seed_3407/run_000/epoch_resource_stats.json
2026-03-21 13:57:48 INFO [cinic10.training.engine] Saving checkpoint outputs/01_grid__epochs_mobilenet/seed_3407/run_000/last.ckpt status=running epoch=44
2026-03-21 13:57:48 INFO [cinic10.utils] atomic_torch_save -> outputs/01_grid__epochs_mobilenet/seed_3407/run_000/last.ckpt
2026-03-21 13:58:08 INFO [cinic10.utils] Writing JSON to outputs/01_grid__epochs_mobilenet/seed_3407/run_000/epoch_metrics.json
2026-03-21 13:58:08 INFO [cinic10.utils] Writing JSON to outputs/01_grid__epochs_mobilenet/seed_3407/run_000/epoch_resource_stats.json
2026-03-21 13:58:08 INFO [cinic10.training.engine] Saving checkpoint outputs/01_grid__epochs_mobilenet/seed_3407/run_000/best.pt status=best epoch=45
2026-03-21 13:58:08 INFO [cinic10.utils] atomic_torch_save -> outputs/01_grid__epochs_mobilenet/seed_3407/run_000/best.pt
2026-03-21 13:58:08 INFO [cinic10.utils] save_model_weights_optimized -> outputs/01_grid__epochs_mobilenet/seed_3407/run_000/best.safetensors
2026-03-21 13:58:08 INFO [cinic10.training.engine] New best checkpoint at epoch 45 best_val_acc=0.4509
2026-03-21 13:58:08 INFO [cinic10.training.engine] Saving checkpoint outputs/01_grid__epochs_mobilenet/seed_3407/run_000/last.ckpt status=running epoch=45
2026-03-21 13:58:08 INFO [cinic10.utils] atomic_torch_save -> outputs/01_grid__epochs_mobilenet/seed_3407/run_000/last.ckpt
2026-03-21 13:58:27 INFO [cinic10.utils] Writing JSON to outputs/01_grid__epochs_mobilenet/seed_3407/run_000/epoch_metrics.json
2026-03-21 13:58:27 INFO [cinic10.utils] Writing JSON to outputs/01_grid__epochs_mobilenet/seed_3407/run_000/epoch_resource_stats.json
2026-03-21 13:58:27 INFO [cinic10.training.engine] Saving checkpoint outputs/01_grid__epochs_mobilenet/seed_3407/run_000/last.ckpt status=running epoch=46
2026-03-21 13:58:27 INFO [cinic10.utils] atomic_torch_save -> outputs/01_grid__epochs_mobilenet/seed_3407/run_000/last.ckpt
2026-03-21 13:58:46 INFO [cinic10.utils] Writing JSON to outputs/01_grid__epochs_mobilenet/seed_3407/run_000/epoch_metrics.json
2026-03-21 13:58:46 INFO [cinic10.utils] Writing JSON to outputs/01_grid__epochs_mobilenet/seed_3407/run_000/epoch_resource_stats.json
2026-03-21 13:58:46 INFO [cinic10.training.engine] Saving checkpoint outputs/01_grid__epochs_mobilenet/seed_3407/run_000/last.ckpt status=running epoch=47
2026-03-21 13:58:46 INFO [cinic10.utils] atomic_torch_save -> outputs/01_grid__epochs_mobilenet/seed_3407/run_000/last.ckpt
2026-03-21 13:59:05 INFO [cinic10.utils] Writing JSON to outputs/01_grid__epochs_mobilenet/seed_3407/run_000/epoch_metrics.json
2026-03-21 13:59:05 INFO [cinic10.utils] Writing JSON to outputs/01_grid__epochs_mobilenet/seed_3407/run_000/epoch_resource_stats.json
2026-03-21 13:59:05 INFO [cinic10.training.engine] Saving checkpoint outputs/01_grid__epochs_mobilenet/seed_3407/run_000/last.ckpt status=running epoch=48
2026-03-21 13:59:05 INFO [cinic10.utils] atomic_torch_save -> outputs/01_grid__epochs_mobilenet/seed_3407/run_000/last.ckpt
2026-03-21 13:59:24 INFO [cinic10.utils] Writing JSON to outputs/01_grid__epochs_mobilenet/seed_3407/run_000/epoch_metrics.json
2026-03-21 13:59:24 INFO [cinic10.utils] Writing JSON to outputs/01_grid__epochs_mobilenet/seed_3407/run_000/epoch_resource_stats.json
2026-03-21 13:59:24 INFO [cinic10.training.engine] Saving checkpoint outputs/01_grid__epochs_mobilenet/seed_3407/run_000/last.ckpt status=running epoch=49
2026-03-21 13:59:24 INFO [cinic10.utils] atomic_torch_save -> outputs/01_grid__epochs_mobilenet/seed_3407/run_000/last.ckpt
2026-03-21 13:59:43 INFO [cinic10.utils] Writing JSON to outputs/01_grid__epochs_mobilenet/seed_3407/run_000/epoch_metrics.json
2026-03-21 13:59:43 INFO [cinic10.utils] Writing JSON to outputs/01_grid__epochs_mobilenet/seed_3407/run_000/epoch_resource_stats.json
2026-03-21 13:59:43 INFO [cinic10.training.engine] Saving checkpoint outputs/01_grid__epochs_mobilenet/seed_3407/run_000/last.ckpt status=running epoch=50
2026-03-21 13:59:43 INFO [cinic10.utils] atomic_torch_save -> outputs/01_grid__epochs_mobilenet/seed_3407/run_000/last.ckpt
2026-03-21 14:00:02 INFO [cinic10.utils] Writing JSON to outputs/01_grid__epochs_mobilenet/seed_3407/run_000/epoch_metrics.json
2026-03-21 14:00:02 INFO [cinic10.utils] Writing JSON to outputs/01_grid__epochs_mobilenet/seed_3407/run_000/epoch_resource_stats.json
2026-03-21 14:00:02 INFO [cinic10.training.engine] Saving checkpoint outputs/01_grid__epochs_mobilenet/seed_3407/run_000/best.pt status=best epoch=51
2026-03-21 14:00:02 INFO [cinic10.utils] atomic_torch_save -> outputs/01_grid__epochs_mobilenet/seed_3407/run_000/best.pt
2026-03-21 14:00:02 INFO [cinic10.utils] save_model_weights_optimized -> outputs/01_grid__epochs_mobilenet/seed_3407/run_000/best.safetensors
2026-03-21 14:00:02 INFO [cinic10.training.engine] New best checkpoint at epoch 51 best_val_acc=0.4516
2026-03-21 14:00:02 INFO [cinic10.training.engine] Saving checkpoint outputs/01_grid__epochs_mobilenet/seed_3407/run_000/last.ckpt status=running epoch=51
2026-03-21 14:00:02 INFO [cinic10.utils] atomic_torch_save -> outputs/01_grid__epochs_mobilenet/seed_3407/run_000/last.ckpt
2026-03-21 14:00:21 INFO [cinic10.utils] Writing JSON to outputs/01_grid__epochs_mobilenet/seed_3407/run_000/epoch_metrics.json
2026-03-21 14:00:21 INFO [cinic10.utils] Writing JSON to outputs/01_grid__epochs_mobilenet/seed_3407/run_000/epoch_resource_stats.json
2026-03-21 14:00:21 INFO [cinic10.training.engine] Saving checkpoint outputs/01_grid__epochs_mobilenet/seed_3407/run_000/last.ckpt status=running epoch=52
2026-03-21 14:00:21 INFO [cinic10.utils] atomic_torch_save -> outputs/01_grid__epochs_mobilenet/seed_3407/run_000/last.ckpt
2026-03-21 14:00:40 INFO [cinic10.utils] Writing JSON to outputs/01_grid__epochs_mobilenet/seed_3407/run_000/epoch_metrics.json
2026-03-21 14:00:40 INFO [cinic10.utils] Writing JSON to outputs/01_grid__epochs_mobilenet/seed_3407/run_000/epoch_resource_stats.json
2026-03-21 14:00:40 INFO [cinic10.training.engine] Saving checkpoint outputs/01_grid__epochs_mobilenet/seed_3407/run_000/last.ckpt status=running epoch=53
2026-03-21 14:00:40 INFO [cinic10.utils] atomic_torch_save -> outputs/01_grid__epochs_mobilenet/seed_3407/run_000/last.ckpt
2026-03-21 14:00:59 INFO [cinic10.utils] Writing JSON to outputs/01_grid__epochs_mobilenet/seed_3407/run_000/epoch_metrics.json
2026-03-21 14:00:59 INFO [cinic10.utils] Writing JSON to outputs/01_grid__epochs_mobilenet/seed_3407/run_000/epoch_resource_stats.json
2026-03-21 14:00:59 INFO [cinic10.training.engine] Saving checkpoint outputs/01_grid__epochs_mobilenet/seed_3407/run_000/last.ckpt status=running epoch=54
2026-03-21 14:00:59 INFO [cinic10.utils] atomic_torch_save -> outputs/01_grid__epochs_mobilenet/seed_3407/run_000/last.ckpt
2026-03-21 14:01:18 INFO [cinic10.utils] Writing JSON to outputs/01_grid__epochs_mobilenet/seed_3407/run_000/epoch_metrics.json
2026-03-21 14:01:18 INFO [cinic10.utils] Writing JSON to outputs/01_grid__epochs_mobilenet/seed_3407/run_000/epoch_resource_stats.json
2026-03-21 14:01:18 INFO [cinic10.training.engine] Saving checkpoint outputs/01_grid__epochs_mobilenet/seed_3407/run_000/last.ckpt status=running epoch=55
2026-03-21 14:01:18 INFO [cinic10.utils] atomic_torch_save -> outputs/01_grid__epochs_mobilenet/seed_3407/run_000/last.ckpt
2026-03-21 14:01:38 INFO [cinic10.utils] Writing JSON to outputs/01_grid__epochs_mobilenet/seed_3407/run_000/epoch_metrics.json
2026-03-21 14:01:38 INFO [cinic10.utils] Writing JSON to outputs/01_grid__epochs_mobilenet/seed_3407/run_000/epoch_resource_stats.json
2026-03-21 14:01:38 INFO [cinic10.training.engine] Saving checkpoint outputs/01_grid__epochs_mobilenet/seed_3407/run_000/last.ckpt status=running epoch=56
2026-03-21 14:01:38 INFO [cinic10.utils] atomic_torch_save -> outputs/01_grid__epochs_mobilenet/seed_3407/run_000/last.ckpt
2026-03-21 14:01:57 INFO [cinic10.utils] Writing JSON to outputs/01_grid__epochs_mobilenet/seed_3407/run_000/epoch_metrics.json
2026-03-21 14:01:57 INFO [cinic10.utils] Writing JSON to outputs/01_grid__epochs_mobilenet/seed_3407/run_000/epoch_resource_stats.json
2026-03-21 14:01:57 INFO [cinic10.training.engine] Saving checkpoint outputs/01_grid__epochs_mobilenet/seed_3407/run_000/last.ckpt status=running epoch=57
2026-03-21 14:01:57 INFO [cinic10.utils] atomic_torch_save -> outputs/01_grid__epochs_mobilenet/seed_3407/run_000/last.ckpt
2026-03-21 14:02:16 INFO [cinic10.utils] Writing JSON to outputs/01_grid__epochs_mobilenet/seed_3407/run_000/epoch_metrics.json
2026-03-21 14:02:16 INFO [cinic10.utils] Writing JSON to outputs/01_grid__epochs_mobilenet/seed_3407/run_000/epoch_resource_stats.json
2026-03-21 14:02:16 INFO [cinic10.training.engine] Saving checkpoint outputs/01_grid__epochs_mobilenet/seed_3407/run_000/last.ckpt status=running epoch=58
2026-03-21 14:02:16 INFO [cinic10.utils] atomic_torch_save -> outputs/01_grid__epochs_mobilenet/seed_3407/run_000/last.ckpt
2026-03-21 14:02:35 INFO [cinic10.utils] Writing JSON to outputs/01_grid__epochs_mobilenet/seed_3407/run_000/epoch_metrics.json
2026-03-21 14:02:35 INFO [cinic10.utils] Writing JSON to outputs/01_grid__epochs_mobilenet/seed_3407/run_000/epoch_resource_stats.json
2026-03-21 14:02:35 INFO [cinic10.training.engine] Saving checkpoint outputs/01_grid__epochs_mobilenet/seed_3407/run_000/last.ckpt status=running epoch=59
2026-03-21 14:02:35 INFO [cinic10.utils] atomic_torch_save -> outputs/01_grid__epochs_mobilenet/seed_3407/run_000/last.ckpt
2026-03-21 14:02:56 INFO [cinic10.utils] Writing JSON to outputs/01_grid__epochs_mobilenet/seed_3407/run_000/epoch_metrics.json
2026-03-21 14:02:57 INFO [cinic10.utils] Writing JSON to outputs/01_grid__epochs_mobilenet/seed_3407/run_000/epoch_resource_stats.json
2026-03-21 14:02:57 INFO [cinic10.training.engine] Saving checkpoint outputs/01_grid__epochs_mobilenet/seed_3407/run_000/last.ckpt status=running epoch=60
2026-03-21 14:02:57 INFO [cinic10.utils] atomic_torch_save -> outputs/01_grid__epochs_mobilenet/seed_3407/run_000/last.ckpt
2026-03-21 14:03:19 INFO [cinic10.utils] Writing JSON to outputs/01_grid__epochs_mobilenet/seed_3407/run_000/epoch_metrics.json
2026-03-21 14:03:19 INFO [cinic10.utils] Writing JSON to outputs/01_grid__epochs_mobilenet/seed_3407/run_000/epoch_resource_stats.json
2026-03-21 14:03:19 INFO [cinic10.training.engine] Saving checkpoint outputs/01_grid__epochs_mobilenet/seed_3407/run_000/last.ckpt status=running epoch=61
2026-03-21 14:03:19 INFO [cinic10.utils] atomic_torch_save -> outputs/01_grid__epochs_mobilenet/seed_3407/run_000/last.ckpt
2026-03-21 14:03:45 INFO [cinic10.utils] Writing JSON to outputs/01_grid__epochs_mobilenet/seed_3407/run_000/epoch_metrics.json
2026-03-21 14:03:45 INFO [cinic10.utils] Writing JSON to outputs/01_grid__epochs_mobilenet/seed_3407/run_000/epoch_resource_stats.json
2026-03-21 14:03:45 INFO [cinic10.training.engine] Saving checkpoint outputs/01_grid__epochs_mobilenet/seed_3407/run_000/last.ckpt status=running epoch=62
2026-03-21 14:03:45 INFO [cinic10.utils] atomic_torch_save -> outputs/01_grid__epochs_mobilenet/seed_3407/run_000/last.ckpt
2026-03-21 14:04:11 INFO [cinic10.utils] Writing JSON to outputs/01_grid__epochs_mobilenet/seed_3407/run_000/epoch_metrics.json
2026-03-21 14:04:11 INFO [cinic10.utils] Writing JSON to outputs/01_grid__epochs_mobilenet/seed_3407/run_000/epoch_resource_stats.json
2026-03-21 14:04:11 INFO [cinic10.training.engine] Saving checkpoint outputs/01_grid__epochs_mobilenet/seed_3407/run_000/last.ckpt status=running epoch=63
2026-03-21 14:04:11 INFO [cinic10.utils] atomic_torch_save -> outputs/01_grid__epochs_mobilenet/seed_3407/run_000/last.ckpt
2026-03-21 14:04:33 INFO [cinic10.utils] Writing JSON to outputs/01_grid__epochs_mobilenet/seed_3407/run_000/epoch_metrics.json
2026-03-21 14:04:33 INFO [cinic10.utils] Writing JSON to outputs/01_grid__epochs_mobilenet/seed_3407/run_000/epoch_resource_stats.json
2026-03-21 14:04:33 INFO [cinic10.training.engine] Saving checkpoint outputs/01_grid__epochs_mobilenet/seed_3407/run_000/last.ckpt status=running epoch=64
2026-03-21 14:04:33 INFO [cinic10.utils] atomic_torch_save -> outputs/01_grid__epochs_mobilenet/seed_3407/run_000/last.ckpt
2026-03-21 14:04:55 INFO [cinic10.utils] Writing JSON to outputs/01_grid__epochs_mobilenet/seed_3407/run_000/epoch_metrics.json
2026-03-21 14:04:55 INFO [cinic10.utils] Writing JSON to outputs/01_grid__epochs_mobilenet/seed_3407/run_000/epoch_resource_stats.json
2026-03-21 14:04:55 INFO [cinic10.training.engine] Saving checkpoint outputs/01_grid__epochs_mobilenet/seed_3407/run_000/last.ckpt status=running epoch=65
2026-03-21 14:04:55 INFO [cinic10.utils] atomic_torch_save -> outputs/01_grid__epochs_mobilenet/seed_3407/run_000/last.ckpt
2026-03-21 14:05:17 INFO [cinic10.utils] Writing JSON to outputs/01_grid__epochs_mobilenet/seed_3407/run_000/epoch_metrics.json
2026-03-21 14:05:17 INFO [cinic10.utils] Writing JSON to outputs/01_grid__epochs_mobilenet/seed_3407/run_000/epoch_resource_stats.json
2026-03-21 14:05:17 INFO [cinic10.training.engine] Saving checkpoint outputs/01_grid__epochs_mobilenet/seed_3407/run_000/last.ckpt status=running epoch=66
2026-03-21 14:05:17 INFO [cinic10.utils] atomic_torch_save -> outputs/01_grid__epochs_mobilenet/seed_3407/run_000/last.ckpt
2026-03-21 14:05:38 INFO [cinic10.utils] Writing JSON to outputs/01_grid__epochs_mobilenet/seed_3407/run_000/epoch_metrics.json
2026-03-21 14:05:38 INFO [cinic10.utils] Writing JSON to outputs/01_grid__epochs_mobilenet/seed_3407/run_000/epoch_resource_stats.json
2026-03-21 14:05:38 INFO [cinic10.training.engine] Saving checkpoint outputs/01_grid__epochs_mobilenet/seed_3407/run_000/last.ckpt status=running epoch=67
2026-03-21 14:05:38 INFO [cinic10.utils] atomic_torch_save -> outputs/01_grid__epochs_mobilenet/seed_3407/run_000/last.ckpt
2026-03-21 14:05:59 INFO [cinic10.utils] Writing JSON to outputs/01_grid__epochs_mobilenet/seed_3407/run_000/epoch_metrics.json
2026-03-21 14:05:59 INFO [cinic10.utils] Writing JSON to outputs/01_grid__epochs_mobilenet/seed_3407/run_000/epoch_resource_stats.json
2026-03-21 14:05:59 INFO [cinic10.training.engine] Saving checkpoint outputs/01_grid__epochs_mobilenet/seed_3407/run_000/last.ckpt status=running epoch=68
2026-03-21 14:05:59 INFO [cinic10.utils] atomic_torch_save -> outputs/01_grid__epochs_mobilenet/seed_3407/run_000/last.ckpt
2026-03-21 14:06:19 INFO [cinic10.utils] Writing JSON to outputs/01_grid__epochs_mobilenet/seed_3407/run_000/epoch_metrics.json
2026-03-21 14:06:19 INFO [cinic10.utils] Writing JSON to outputs/01_grid__epochs_mobilenet/seed_3407/run_000/epoch_resource_stats.json
2026-03-21 14:06:19 INFO [cinic10.training.engine] Saving checkpoint outputs/01_grid__epochs_mobilenet/seed_3407/run_000/last.ckpt status=running epoch=69
2026-03-21 14:06:19 INFO [cinic10.utils] atomic_torch_save -> outputs/01_grid__epochs_mobilenet/seed_3407/run_000/last.ckpt
2026-03-21 14:06:39 INFO [cinic10.utils] Writing JSON to outputs/01_grid__epochs_mobilenet/seed_3407/run_000/epoch_metrics.json
2026-03-21 14:06:39 INFO [cinic10.utils] Writing JSON to outputs/01_grid__epochs_mobilenet/seed_3407/run_000/epoch_resource_stats.json
2026-03-21 14:06:39 INFO [cinic10.training.engine] Saving checkpoint outputs/01_grid__epochs_mobilenet/seed_3407/run_000/last.ckpt status=running epoch=70
2026-03-21 14:06:39 INFO [cinic10.utils] atomic_torch_save -> outputs/01_grid__epochs_mobilenet/seed_3407/run_000/last.ckpt
2026-03-21 14:07:04 INFO [cinic10.utils] Writing JSON to outputs/01_grid__epochs_mobilenet/seed_3407/run_000/epoch_metrics.json
2026-03-21 14:07:04 INFO [cinic10.utils] Writing JSON to outputs/01_grid__epochs_mobilenet/seed_3407/run_000/epoch_resource_stats.json
2026-03-21 14:07:04 INFO [cinic10.training.engine] Saving checkpoint outputs/01_grid__epochs_mobilenet/seed_3407/run_000/last.ckpt status=running epoch=71
2026-03-21 14:07:04 INFO [cinic10.utils] atomic_torch_save -> outputs/01_grid__epochs_mobilenet/seed_3407/run_000/last.ckpt
2026-03-21 14:07:26 INFO [cinic10.utils] Writing JSON to outputs/01_grid__epochs_mobilenet/seed_3407/run_000/epoch_metrics.json
2026-03-21 14:07:26 INFO [cinic10.utils] Writing JSON to outputs/01_grid__epochs_mobilenet/seed_3407/run_000/epoch_resource_stats.json
2026-03-21 14:07:26 INFO [cinic10.training.engine] Saving checkpoint outputs/01_grid__epochs_mobilenet/seed_3407/run_000/last.ckpt status=running epoch=72
2026-03-21 14:07:26 INFO [cinic10.utils] atomic_torch_save -> outputs/01_grid__epochs_mobilenet/seed_3407/run_000/last.ckpt
2026-03-21 14:07:47 INFO [cinic10.utils] Writing JSON to outputs/01_grid__epochs_mobilenet/seed_3407/run_000/epoch_metrics.json
2026-03-21 14:07:47 INFO [cinic10.utils] Writing JSON to outputs/01_grid__epochs_mobilenet/seed_3407/run_000/epoch_resource_stats.json
2026-03-21 14:07:47 INFO [cinic10.training.engine] Saving checkpoint outputs/01_grid__epochs_mobilenet/seed_3407/run_000/last.ckpt status=running epoch=73
2026-03-21 14:07:47 INFO [cinic10.utils] atomic_torch_save -> outputs/01_grid__epochs_mobilenet/seed_3407/run_000/last.ckpt
2026-03-21 14:08:09 INFO [cinic10.utils] Writing JSON to outputs/01_grid__epochs_mobilenet/seed_3407/run_000/epoch_metrics.json
2026-03-21 14:08:09 INFO [cinic10.utils] Writing JSON to outputs/01_grid__epochs_mobilenet/seed_3407/run_000/epoch_resource_stats.json
2026-03-21 14:08:09 INFO [cinic10.training.engine] Saving checkpoint outputs/01_grid__epochs_mobilenet/seed_3407/run_000/last.ckpt status=running epoch=74
2026-03-21 14:08:09 INFO [cinic10.utils] atomic_torch_save -> outputs/01_grid__epochs_mobilenet/seed_3407/run_000/last.ckpt
2026-03-21 14:08:31 INFO [cinic10.utils] Writing JSON to outputs/01_grid__epochs_mobilenet/seed_3407/run_000/epoch_metrics.json
2026-03-21 14:08:31 INFO [cinic10.utils] Writing JSON to outputs/01_grid__epochs_mobilenet/seed_3407/run_000/epoch_resource_stats.json
2026-03-21 14:08:31 INFO [cinic10.training.engine] Saving checkpoint outputs/01_grid__epochs_mobilenet/seed_3407/run_000/last.ckpt status=running epoch=75
2026-03-21 14:08:31 INFO [cinic10.utils] atomic_torch_save -> outputs/01_grid__epochs_mobilenet/seed_3407/run_000/last.ckpt
2026-03-21 14:08:55 INFO [cinic10.utils] Writing JSON to outputs/01_grid__epochs_mobilenet/seed_3407/run_000/epoch_metrics.json
2026-03-21 14:08:55 INFO [cinic10.utils] Writing JSON to outputs/01_grid__epochs_mobilenet/seed_3407/run_000/epoch_resource_stats.json
2026-03-21 14:08:55 INFO [cinic10.training.engine] Saving checkpoint outputs/01_grid__epochs_mobilenet/seed_3407/run_000/last.ckpt status=running epoch=76
2026-03-21 14:08:55 INFO [cinic10.utils] atomic_torch_save -> outputs/01_grid__epochs_mobilenet/seed_3407/run_000/last.ckpt
2026-03-21 14:09:17 INFO [cinic10.utils] Writing JSON to outputs/01_grid__epochs_mobilenet/seed_3407/run_000/epoch_metrics.json
2026-03-21 14:09:17 INFO [cinic10.utils] Writing JSON to outputs/01_grid__epochs_mobilenet/seed_3407/run_000/epoch_resource_stats.json
2026-03-21 14:09:17 INFO [cinic10.training.engine] Saving checkpoint outputs/01_grid__epochs_mobilenet/seed_3407/run_000/last.ckpt status=running epoch=77
2026-03-21 14:09:17 INFO [cinic10.utils] atomic_torch_save -> outputs/01_grid__epochs_mobilenet/seed_3407/run_000/last.ckpt
2026-03-21 14:09:40 INFO [cinic10.utils] Writing JSON to outputs/01_grid__epochs_mobilenet/seed_3407/run_000/epoch_metrics.json
2026-03-21 14:09:40 INFO [cinic10.utils] Writing JSON to outputs/01_grid__epochs_mobilenet/seed_3407/run_000/epoch_resource_stats.json
2026-03-21 14:09:40 INFO [cinic10.training.engine] Saving checkpoint outputs/01_grid__epochs_mobilenet/seed_3407/run_000/last.ckpt status=running epoch=78
2026-03-21 14:09:40 INFO [cinic10.utils] atomic_torch_save -> outputs/01_grid__epochs_mobilenet/seed_3407/run_000/last.ckpt
2026-03-21 14:10:03 INFO [cinic10.utils] Writing JSON to outputs/01_grid__epochs_mobilenet/seed_3407/run_000/epoch_metrics.json
2026-03-21 14:10:03 INFO [cinic10.utils] Writing JSON to outputs/01_grid__epochs_mobilenet/seed_3407/run_000/epoch_resource_stats.json
2026-03-21 14:10:03 INFO [cinic10.training.engine] Saving checkpoint outputs/01_grid__epochs_mobilenet/seed_3407/run_000/last.ckpt status=running epoch=79
2026-03-21 14:10:03 INFO [cinic10.utils] atomic_torch_save -> outputs/01_grid__epochs_mobilenet/seed_3407/run_000/last.ckpt
2026-03-21 14:10:26 INFO [cinic10.utils] Writing JSON to outputs/01_grid__epochs_mobilenet/seed_3407/run_000/epoch_metrics.json
2026-03-21 14:10:26 INFO [cinic10.utils] Writing JSON to outputs/01_grid__epochs_mobilenet/seed_3407/run_000/epoch_resource_stats.json
2026-03-21 14:10:26 INFO [cinic10.training.engine] Saving checkpoint outputs/01_grid__epochs_mobilenet/seed_3407/run_000/last.ckpt status=running epoch=80
2026-03-21 14:10:26 INFO [cinic10.utils] atomic_torch_save -> outputs/01_grid__epochs_mobilenet/seed_3407/run_000/last.ckpt
2026-03-21 14:10:48 INFO [cinic10.utils] Writing JSON to outputs/01_grid__epochs_mobilenet/seed_3407/run_000/epoch_metrics.json
2026-03-21 14:10:48 INFO [cinic10.utils] Writing JSON to outputs/01_grid__epochs_mobilenet/seed_3407/run_000/epoch_resource_stats.json
2026-03-21 14:10:48 INFO [cinic10.training.engine] Saving checkpoint outputs/01_grid__epochs_mobilenet/seed_3407/run_000/last.ckpt status=running epoch=81
2026-03-21 14:10:48 INFO [cinic10.utils] atomic_torch_save -> outputs/01_grid__epochs_mobilenet/seed_3407/run_000/last.ckpt
2026-03-21 14:11:11 INFO [cinic10.utils] Writing JSON to outputs/01_grid__epochs_mobilenet/seed_3407/run_000/epoch_metrics.json
2026-03-21 14:11:11 INFO [cinic10.utils] Writing JSON to outputs/01_grid__epochs_mobilenet/seed_3407/run_000/epoch_resource_stats.json
2026-03-21 14:11:11 INFO [cinic10.training.engine] Saving checkpoint outputs/01_grid__epochs_mobilenet/seed_3407/run_000/last.ckpt status=running epoch=82
2026-03-21 14:11:11 INFO [cinic10.utils] atomic_torch_save -> outputs/01_grid__epochs_mobilenet/seed_3407/run_000/last.ckpt
2026-03-21 14:11:33 INFO [cinic10.utils] Writing JSON to outputs/01_grid__epochs_mobilenet/seed_3407/run_000/epoch_metrics.json
2026-03-21 14:11:33 INFO [cinic10.utils] Writing JSON to outputs/01_grid__epochs_mobilenet/seed_3407/run_000/epoch_resource_stats.json
2026-03-21 14:11:33 INFO [cinic10.training.engine] Saving checkpoint outputs/01_grid__epochs_mobilenet/seed_3407/run_000/last.ckpt status=running epoch=83
2026-03-21 14:11:33 INFO [cinic10.utils] atomic_torch_save -> outputs/01_grid__epochs_mobilenet/seed_3407/run_000/last.ckpt
2026-03-21 14:11:55 INFO [cinic10.utils] Writing JSON to outputs/01_grid__epochs_mobilenet/seed_3407/run_000/epoch_metrics.json
2026-03-21 14:11:55 INFO [cinic10.utils] Writing JSON to outputs/01_grid__epochs_mobilenet/seed_3407/run_000/epoch_resource_stats.json
2026-03-21 14:11:55 INFO [cinic10.training.engine] Saving checkpoint outputs/01_grid__epochs_mobilenet/seed_3407/run_000/last.ckpt status=running epoch=84
2026-03-21 14:11:55 INFO [cinic10.utils] atomic_torch_save -> outputs/01_grid__epochs_mobilenet/seed_3407/run_000/last.ckpt
2026-03-21 14:12:19 INFO [cinic10.utils] Writing JSON to outputs/01_grid__epochs_mobilenet/seed_3407/run_000/epoch_metrics.json
2026-03-21 14:12:19 INFO [cinic10.utils] Writing JSON to outputs/01_grid__epochs_mobilenet/seed_3407/run_000/epoch_resource_stats.json
2026-03-21 14:12:19 INFO [cinic10.training.engine] Saving checkpoint outputs/01_grid__epochs_mobilenet/seed_3407/run_000/last.ckpt status=running epoch=85
2026-03-21 14:12:19 INFO [cinic10.utils] atomic_torch_save -> outputs/01_grid__epochs_mobilenet/seed_3407/run_000/last.ckpt
2026-03-21 14:12:43 INFO [cinic10.utils] Writing JSON to outputs/01_grid__epochs_mobilenet/seed_3407/run_000/epoch_metrics.json
2026-03-21 14:12:43 INFO [cinic10.utils] Writing JSON to outputs/01_grid__epochs_mobilenet/seed_3407/run_000/epoch_resource_stats.json
2026-03-21 14:12:43 INFO [cinic10.training.engine] Saving checkpoint outputs/01_grid__epochs_mobilenet/seed_3407/run_000/last.ckpt status=running epoch=86
2026-03-21 14:12:43 INFO [cinic10.utils] atomic_torch_save -> outputs/01_grid__epochs_mobilenet/seed_3407/run_000/last.ckpt
2026-03-21 14:13:06 INFO [cinic10.utils] Writing JSON to outputs/01_grid__epochs_mobilenet/seed_3407/run_000/epoch_metrics.json
2026-03-21 14:13:06 INFO [cinic10.utils] Writing JSON to outputs/01_grid__epochs_mobilenet/seed_3407/run_000/epoch_resource_stats.json
2026-03-21 14:13:06 INFO [cinic10.training.engine] Saving checkpoint outputs/01_grid__epochs_mobilenet/seed_3407/run_000/last.ckpt status=running epoch=87
2026-03-21 14:13:06 INFO [cinic10.utils] atomic_torch_save -> outputs/01_grid__epochs_mobilenet/seed_3407/run_000/last.ckpt
2026-03-21 14:13:29 INFO [cinic10.utils] Writing JSON to outputs/01_grid__epochs_mobilenet/seed_3407/run_000/epoch_metrics.json
2026-03-21 14:13:29 INFO [cinic10.utils] Writing JSON to outputs/01_grid__epochs_mobilenet/seed_3407/run_000/epoch_resource_stats.json
2026-03-21 14:13:29 INFO [cinic10.training.engine] Saving checkpoint outputs/01_grid__epochs_mobilenet/seed_3407/run_000/last.ckpt status=running epoch=88
2026-03-21 14:13:29 INFO [cinic10.utils] atomic_torch_save -> outputs/01_grid__epochs_mobilenet/seed_3407/run_000/last.ckpt
2026-03-21 14:13:52 INFO [cinic10.utils] Writing JSON to outputs/01_grid__epochs_mobilenet/seed_3407/run_000/epoch_metrics.json
2026-03-21 14:13:52 INFO [cinic10.utils] Writing JSON to outputs/01_grid__epochs_mobilenet/seed_3407/run_000/epoch_resource_stats.json
2026-03-21 14:13:52 INFO [cinic10.training.engine] Saving checkpoint outputs/01_grid__epochs_mobilenet/seed_3407/run_000/last.ckpt status=running epoch=89
2026-03-21 14:13:52 INFO [cinic10.utils] atomic_torch_save -> outputs/01_grid__epochs_mobilenet/seed_3407/run_000/last.ckpt
2026-03-21 14:14:15 INFO [cinic10.utils] Writing JSON to outputs/01_grid__epochs_mobilenet/seed_3407/run_000/epoch_metrics.json
2026-03-21 14:14:15 INFO [cinic10.utils] Writing JSON to outputs/01_grid__epochs_mobilenet/seed_3407/run_000/epoch_resource_stats.json
2026-03-21 14:14:15 INFO [cinic10.training.engine] Saving checkpoint outputs/01_grid__epochs_mobilenet/seed_3407/run_000/last.ckpt status=running epoch=90
2026-03-21 14:14:15 INFO [cinic10.utils] atomic_torch_save -> outputs/01_grid__epochs_mobilenet/seed_3407/run_000/last.ckpt
2026-03-21 14:14:36 INFO [cinic10.utils] Writing JSON to outputs/01_grid__epochs_mobilenet/seed_3407/run_000/epoch_metrics.json
2026-03-21 14:14:36 INFO [cinic10.utils] Writing JSON to outputs/01_grid__epochs_mobilenet/seed_3407/run_000/epoch_resource_stats.json
2026-03-21 14:14:36 INFO [cinic10.training.engine] Saving checkpoint outputs/01_grid__epochs_mobilenet/seed_3407/run_000/last.ckpt status=running epoch=91
2026-03-21 14:14:36 INFO [cinic10.utils] atomic_torch_save -> outputs/01_grid__epochs_mobilenet/seed_3407/run_000/last.ckpt
2026-03-21 14:14:58 INFO [cinic10.utils] Writing JSON to outputs/01_grid__epochs_mobilenet/seed_3407/run_000/epoch_metrics.json
2026-03-21 14:14:58 INFO [cinic10.utils] Writing JSON to outputs/01_grid__epochs_mobilenet/seed_3407/run_000/epoch_resource_stats.json
2026-03-21 14:14:58 INFO [cinic10.training.engine] Saving checkpoint outputs/01_grid__epochs_mobilenet/seed_3407/run_000/last.ckpt status=running epoch=92
2026-03-21 14:14:58 INFO [cinic10.utils] atomic_torch_save -> outputs/01_grid__epochs_mobilenet/seed_3407/run_000/last.ckpt
2026-03-21 14:15:20 INFO [cinic10.utils] Writing JSON to outputs/01_grid__epochs_mobilenet/seed_3407/run_000/epoch_metrics.json
2026-03-21 14:15:20 INFO [cinic10.utils] Writing JSON to outputs/01_grid__epochs_mobilenet/seed_3407/run_000/epoch_resource_stats.json
2026-03-21 14:15:20 INFO [cinic10.training.engine] Saving checkpoint outputs/01_grid__epochs_mobilenet/seed_3407/run_000/last.ckpt status=running epoch=93
2026-03-21 14:15:20 INFO [cinic10.utils] atomic_torch_save -> outputs/01_grid__epochs_mobilenet/seed_3407/run_000/last.ckpt
2026-03-21 14:15:42 INFO [cinic10.utils] Writing JSON to outputs/01_grid__epochs_mobilenet/seed_3407/run_000/epoch_metrics.json
2026-03-21 14:15:42 INFO [cinic10.utils] Writing JSON to outputs/01_grid__epochs_mobilenet/seed_3407/run_000/epoch_resource_stats.json
2026-03-21 14:15:42 INFO [cinic10.training.engine] Saving checkpoint outputs/01_grid__epochs_mobilenet/seed_3407/run_000/last.ckpt status=running epoch=94
2026-03-21 14:15:42 INFO [cinic10.utils] atomic_torch_save -> outputs/01_grid__epochs_mobilenet/seed_3407/run_000/last.ckpt
2026-03-21 14:16:05 INFO [cinic10.utils] Writing JSON to outputs/01_grid__epochs_mobilenet/seed_3407/run_000/epoch_metrics.json
2026-03-21 14:16:05 INFO [cinic10.utils] Writing JSON to outputs/01_grid__epochs_mobilenet/seed_3407/run_000/epoch_resource_stats.json
2026-03-21 14:16:05 INFO [cinic10.training.engine] Saving checkpoint outputs/01_grid__epochs_mobilenet/seed_3407/run_000/last.ckpt status=running epoch=95
2026-03-21 14:16:05 INFO [cinic10.utils] atomic_torch_save -> outputs/01_grid__epochs_mobilenet/seed_3407/run_000/last.ckpt
2026-03-21 14:16:27 INFO [cinic10.utils] Writing JSON to outputs/01_grid__epochs_mobilenet/seed_3407/run_000/epoch_metrics.json
2026-03-21 14:16:27 INFO [cinic10.utils] Writing JSON to outputs/01_grid__epochs_mobilenet/seed_3407/run_000/epoch_resource_stats.json
2026-03-21 14:16:27 INFO [cinic10.training.engine] Saving checkpoint outputs/01_grid__epochs_mobilenet/seed_3407/run_000/last.ckpt status=running epoch=96
2026-03-21 14:16:27 INFO [cinic10.utils] atomic_torch_save -> outputs/01_grid__epochs_mobilenet/seed_3407/run_000/last.ckpt
2026-03-21 14:16:48 INFO [cinic10.utils] Writing JSON to outputs/01_grid__epochs_mobilenet/seed_3407/run_000/epoch_metrics.json
2026-03-21 14:16:48 INFO [cinic10.utils] Writing JSON to outputs/01_grid__epochs_mobilenet/seed_3407/run_000/epoch_resource_stats.json
2026-03-21 14:16:48 INFO [cinic10.training.engine] Saving checkpoint outputs/01_grid__epochs_mobilenet/seed_3407/run_000/last.ckpt status=running epoch=97
2026-03-21 14:16:48 INFO [cinic10.utils] atomic_torch_save -> outputs/01_grid__epochs_mobilenet/seed_3407/run_000/last.ckpt
2026-03-21 14:17:11 INFO [cinic10.utils] Writing JSON to outputs/01_grid__epochs_mobilenet/seed_3407/run_000/epoch_metrics.json
2026-03-21 14:17:11 INFO [cinic10.utils] Writing JSON to outputs/01_grid__epochs_mobilenet/seed_3407/run_000/epoch_resource_stats.json
2026-03-21 14:17:11 INFO [cinic10.training.engine] Saving checkpoint outputs/01_grid__epochs_mobilenet/seed_3407/run_000/last.ckpt status=running epoch=98
2026-03-21 14:17:11 INFO [cinic10.utils] atomic_torch_save -> outputs/01_grid__epochs_mobilenet/seed_3407/run_000/last.ckpt
2026-03-21 14:17:34 INFO [cinic10.utils] Writing JSON to outputs/01_grid__epochs_mobilenet/seed_3407/run_000/epoch_metrics.json
2026-03-21 14:17:34 INFO [cinic10.utils] Writing JSON to outputs/01_grid__epochs_mobilenet/seed_3407/run_000/epoch_resource_stats.json
2026-03-21 14:17:34 INFO [cinic10.training.engine] Saving checkpoint outputs/01_grid__epochs_mobilenet/seed_3407/run_000/last.ckpt status=running epoch=99
2026-03-21 14:17:34 INFO [cinic10.utils] atomic_torch_save -> outputs/01_grid__epochs_mobilenet/seed_3407/run_000/last.ckpt
2026-03-21 14:17:57 INFO [cinic10.utils] Writing JSON to outputs/01_grid__epochs_mobilenet/seed_3407/run_000/epoch_metrics.json
2026-03-21 14:17:57 INFO [cinic10.utils] Writing JSON to outputs/01_grid__epochs_mobilenet/seed_3407/run_000/epoch_resource_stats.json
2026-03-21 14:17:57 INFO [cinic10.training.engine] Saving checkpoint outputs/01_grid__epochs_mobilenet/seed_3407/run_000/last.ckpt status=running epoch=100
2026-03-21 14:17:57 INFO [cinic10.utils] atomic_torch_save -> outputs/01_grid__epochs_mobilenet/seed_3407/run_000/last.ckpt
2026-03-21 14:17:57 INFO [cinic10.training.engine] Saving checkpoint outputs/01_grid__epochs_mobilenet/seed_3407/run_000/last.ckpt status=completed epoch=100
2026-03-21 14:17:57 INFO [cinic10.utils] atomic_torch_save -> outputs/01_grid__epochs_mobilenet/seed_3407/run_000/last.ckpt
2026-03-21 14:17:57 INFO [cinic10.training.engine] fit: completed run output=outputs/01_grid__epochs_mobilenet/seed_3407/run_000 best_val_acc=0.4516
2026-03-21 14:17:57 INFO [cinic10.utils] Writing JSON to outputs/01_grid__epochs_mobilenet/seed_3407/run_000/metrics.json
2026-03-21 14:18:10 INFO [cinic10.utils] Writing JSON to outputs/01_grid__epochs_mobilenet/seed_3407/run_000/test_metrics.json
2026-03-21 14:19:10 INFO [__main__] Grid search completed with 1 runs. Saving summary CSV and JSON.
2026-03-21 14:19:10 INFO [cinic10.utils] Writing JSON to outputs/01_grid__epochs_mobilenet/seed_3407/grid_results.json
2026-03-21 14:19:10 INFO [__main__] All done! Summary saved to outputs/01_grid__epochs_mobilenet/seed_3407
