2026-03-25 11:56:19 INFO [__main__] Starting training run: architecture=densenet121 seed=42 output=outputs/04_final/dataset_reduction_5pct/seed_42
2026-03-25 11:56:19 INFO [__main__] Resolved device: mps
2026-03-25 11:56:20 INFO [cinic10.models.factory] create_model: densenet121 pretrained=False dropout=0.5
2026-03-25 11:56:20 INFO [__main__] Model created: densenet121
2026-03-25 11:56:20 INFO [__main__] Beginning fit
2026-03-25 11:56:20 INFO [cinic10.training.engine] fit: starting run output=outputs/04_final/dataset_reduction_5pct/seed_42 epochs=60 device=mps
2026-03-25 11:56:50 INFO [cinic10.utils] Writing JSON to outputs/04_final/dataset_reduction_5pct/seed_42/epoch_metrics.json
2026-03-25 11:56:50 INFO [cinic10.utils] Writing JSON to outputs/04_final/dataset_reduction_5pct/seed_42/epoch_resource_stats.json
2026-03-25 11:56:50 INFO [cinic10.training.engine] Saving checkpoint outputs/04_final/dataset_reduction_5pct/seed_42/best.pt status=best epoch=1
2026-03-25 11:56:50 INFO [cinic10.utils] atomic_torch_save -> outputs/04_final/dataset_reduction_5pct/seed_42/best.pt
2026-03-25 11:56:50 INFO [cinic10.utils] save_model_weights_optimized -> outputs/04_final/dataset_reduction_5pct/seed_42/best.safetensors
2026-03-25 11:56:50 INFO [cinic10.training.engine] New best checkpoint at epoch 1 best_val_acc=0.2605
2026-03-25 11:56:50 INFO [cinic10.training.engine] Saving checkpoint outputs/04_final/dataset_reduction_5pct/seed_42/last.ckpt status=running epoch=1
2026-03-25 11:56:50 INFO [cinic10.utils] atomic_torch_save -> outputs/04_final/dataset_reduction_5pct/seed_42/last.ckpt
2026-03-25 11:57:11 INFO [cinic10.utils] Writing JSON to outputs/04_final/dataset_reduction_5pct/seed_42/epoch_metrics.json
2026-03-25 11:57:11 INFO [cinic10.utils] Writing JSON to outputs/04_final/dataset_reduction_5pct/seed_42/epoch_resource_stats.json
2026-03-25 11:57:11 INFO [cinic10.training.engine] Saving checkpoint outputs/04_final/dataset_reduction_5pct/seed_42/best.pt status=best epoch=2
2026-03-25 11:57:11 INFO [cinic10.utils] atomic_torch_save -> outputs/04_final/dataset_reduction_5pct/seed_42/best.pt
2026-03-25 11:57:11 INFO [cinic10.utils] save_model_weights_optimized -> outputs/04_final/dataset_reduction_5pct/seed_42/best.safetensors
2026-03-25 11:57:12 INFO [cinic10.training.engine] New best checkpoint at epoch 2 best_val_acc=0.3034
2026-03-25 11:57:12 INFO [cinic10.training.engine] Saving checkpoint outputs/04_final/dataset_reduction_5pct/seed_42/last.ckpt status=running epoch=2
2026-03-25 11:57:12 INFO [cinic10.utils] atomic_torch_save -> outputs/04_final/dataset_reduction_5pct/seed_42/last.ckpt
2026-03-25 11:57:32 INFO [cinic10.utils] Writing JSON to outputs/04_final/dataset_reduction_5pct/seed_42/epoch_metrics.json
2026-03-25 11:57:32 INFO [cinic10.utils] Writing JSON to outputs/04_final/dataset_reduction_5pct/seed_42/epoch_resource_stats.json
2026-03-25 11:57:32 INFO [cinic10.training.engine] Saving checkpoint outputs/04_final/dataset_reduction_5pct/seed_42/best.pt status=best epoch=3
2026-03-25 11:57:32 INFO [cinic10.utils] atomic_torch_save -> outputs/04_final/dataset_reduction_5pct/seed_42/best.pt
2026-03-25 11:57:32 INFO [cinic10.utils] save_model_weights_optimized -> outputs/04_final/dataset_reduction_5pct/seed_42/best.safetensors
2026-03-25 11:57:33 INFO [cinic10.training.engine] New best checkpoint at epoch 3 best_val_acc=0.3191
2026-03-25 11:57:33 INFO [cinic10.training.engine] Saving checkpoint outputs/04_final/dataset_reduction_5pct/seed_42/last.ckpt status=running epoch=3
2026-03-25 11:57:33 INFO [cinic10.utils] atomic_torch_save -> outputs/04_final/dataset_reduction_5pct/seed_42/last.ckpt
2026-03-25 11:57:53 INFO [cinic10.utils] Writing JSON to outputs/04_final/dataset_reduction_5pct/seed_42/epoch_metrics.json
2026-03-25 11:57:53 INFO [cinic10.utils] Writing JSON to outputs/04_final/dataset_reduction_5pct/seed_42/epoch_resource_stats.json
2026-03-25 11:57:53 INFO [cinic10.training.engine] Saving checkpoint outputs/04_final/dataset_reduction_5pct/seed_42/best.pt status=best epoch=4
2026-03-25 11:57:53 INFO [cinic10.utils] atomic_torch_save -> outputs/04_final/dataset_reduction_5pct/seed_42/best.pt
2026-03-25 11:57:54 INFO [cinic10.utils] save_model_weights_optimized -> outputs/04_final/dataset_reduction_5pct/seed_42/best.safetensors
2026-03-25 11:57:54 INFO [cinic10.training.engine] New best checkpoint at epoch 4 best_val_acc=0.3315
2026-03-25 11:57:54 INFO [cinic10.training.engine] Saving checkpoint outputs/04_final/dataset_reduction_5pct/seed_42/last.ckpt status=running epoch=4
2026-03-25 11:57:54 INFO [cinic10.utils] atomic_torch_save -> outputs/04_final/dataset_reduction_5pct/seed_42/last.ckpt
2026-03-25 11:58:15 INFO [cinic10.utils] Writing JSON to outputs/04_final/dataset_reduction_5pct/seed_42/epoch_metrics.json
2026-03-25 11:58:15 INFO [cinic10.utils] Writing JSON to outputs/04_final/dataset_reduction_5pct/seed_42/epoch_resource_stats.json
2026-03-25 11:58:15 INFO [cinic10.training.engine] Saving checkpoint outputs/04_final/dataset_reduction_5pct/seed_42/best.pt status=best epoch=5
2026-03-25 11:58:15 INFO [cinic10.utils] atomic_torch_save -> outputs/04_final/dataset_reduction_5pct/seed_42/best.pt
2026-03-25 11:58:15 INFO [cinic10.utils] save_model_weights_optimized -> outputs/04_final/dataset_reduction_5pct/seed_42/best.safetensors
2026-03-25 11:58:15 INFO [cinic10.training.engine] New best checkpoint at epoch 5 best_val_acc=0.3357
2026-03-25 11:58:15 INFO [cinic10.training.engine] Saving checkpoint outputs/04_final/dataset_reduction_5pct/seed_42/last.ckpt status=running epoch=5
2026-03-25 11:58:15 INFO [cinic10.utils] atomic_torch_save -> outputs/04_final/dataset_reduction_5pct/seed_42/last.ckpt
2026-03-25 11:58:37 INFO [cinic10.utils] Writing JSON to outputs/04_final/dataset_reduction_5pct/seed_42/epoch_metrics.json
2026-03-25 11:58:37 INFO [cinic10.utils] Writing JSON to outputs/04_final/dataset_reduction_5pct/seed_42/epoch_resource_stats.json
2026-03-25 11:58:37 INFO [cinic10.training.engine] Saving checkpoint outputs/04_final/dataset_reduction_5pct/seed_42/best.pt status=best epoch=6
2026-03-25 11:58:37 INFO [cinic10.utils] atomic_torch_save -> outputs/04_final/dataset_reduction_5pct/seed_42/best.pt
2026-03-25 11:58:38 INFO [cinic10.utils] save_model_weights_optimized -> outputs/04_final/dataset_reduction_5pct/seed_42/best.safetensors
2026-03-25 11:58:38 INFO [cinic10.training.engine] New best checkpoint at epoch 6 best_val_acc=0.3520
2026-03-25 11:58:38 INFO [cinic10.training.engine] Saving checkpoint outputs/04_final/dataset_reduction_5pct/seed_42/last.ckpt status=running epoch=6
2026-03-25 11:58:38 INFO [cinic10.utils] atomic_torch_save -> outputs/04_final/dataset_reduction_5pct/seed_42/last.ckpt
2026-03-25 11:58:59 INFO [cinic10.utils] Writing JSON to outputs/04_final/dataset_reduction_5pct/seed_42/epoch_metrics.json
2026-03-25 11:58:59 INFO [cinic10.utils] Writing JSON to outputs/04_final/dataset_reduction_5pct/seed_42/epoch_resource_stats.json
2026-03-25 11:58:59 INFO [cinic10.training.engine] Saving checkpoint outputs/04_final/dataset_reduction_5pct/seed_42/best.pt status=best epoch=7
2026-03-25 11:58:59 INFO [cinic10.utils] atomic_torch_save -> outputs/04_final/dataset_reduction_5pct/seed_42/best.pt
2026-03-25 11:59:00 INFO [cinic10.utils] save_model_weights_optimized -> outputs/04_final/dataset_reduction_5pct/seed_42/best.safetensors
2026-03-25 11:59:00 INFO [cinic10.training.engine] New best checkpoint at epoch 7 best_val_acc=0.3628
2026-03-25 11:59:00 INFO [cinic10.training.engine] Saving checkpoint outputs/04_final/dataset_reduction_5pct/seed_42/last.ckpt status=running epoch=7
2026-03-25 11:59:00 INFO [cinic10.utils] atomic_torch_save -> outputs/04_final/dataset_reduction_5pct/seed_42/last.ckpt
2026-03-25 11:59:22 INFO [cinic10.utils] Writing JSON to outputs/04_final/dataset_reduction_5pct/seed_42/epoch_metrics.json
2026-03-25 11:59:22 INFO [cinic10.utils] Writing JSON to outputs/04_final/dataset_reduction_5pct/seed_42/epoch_resource_stats.json
2026-03-25 11:59:22 INFO [cinic10.training.engine] Saving checkpoint outputs/04_final/dataset_reduction_5pct/seed_42/best.pt status=best epoch=8
2026-03-25 11:59:22 INFO [cinic10.utils] atomic_torch_save -> outputs/04_final/dataset_reduction_5pct/seed_42/best.pt
2026-03-25 11:59:22 INFO [cinic10.utils] save_model_weights_optimized -> outputs/04_final/dataset_reduction_5pct/seed_42/best.safetensors
2026-03-25 11:59:22 INFO [cinic10.training.engine] New best checkpoint at epoch 8 best_val_acc=0.3700
2026-03-25 11:59:22 INFO [cinic10.training.engine] Saving checkpoint outputs/04_final/dataset_reduction_5pct/seed_42/last.ckpt status=running epoch=8
2026-03-25 11:59:22 INFO [cinic10.utils] atomic_torch_save -> outputs/04_final/dataset_reduction_5pct/seed_42/last.ckpt
2026-03-25 11:59:44 INFO [cinic10.utils] Writing JSON to outputs/04_final/dataset_reduction_5pct/seed_42/epoch_metrics.json
2026-03-25 11:59:44 INFO [cinic10.utils] Writing JSON to outputs/04_final/dataset_reduction_5pct/seed_42/epoch_resource_stats.json
2026-03-25 11:59:44 INFO [cinic10.training.engine] Saving checkpoint outputs/04_final/dataset_reduction_5pct/seed_42/best.pt status=best epoch=9
2026-03-25 11:59:44 INFO [cinic10.utils] atomic_torch_save -> outputs/04_final/dataset_reduction_5pct/seed_42/best.pt
2026-03-25 11:59:44 INFO [cinic10.utils] save_model_weights_optimized -> outputs/04_final/dataset_reduction_5pct/seed_42/best.safetensors
2026-03-25 11:59:44 INFO [cinic10.training.engine] New best checkpoint at epoch 9 best_val_acc=0.3732
2026-03-25 11:59:44 INFO [cinic10.training.engine] Saving checkpoint outputs/04_final/dataset_reduction_5pct/seed_42/last.ckpt status=running epoch=9
2026-03-25 11:59:44 INFO [cinic10.utils] atomic_torch_save -> outputs/04_final/dataset_reduction_5pct/seed_42/last.ckpt
2026-03-25 12:00:06 INFO [cinic10.utils] Writing JSON to outputs/04_final/dataset_reduction_5pct/seed_42/epoch_metrics.json
2026-03-25 12:00:06 INFO [cinic10.utils] Writing JSON to outputs/04_final/dataset_reduction_5pct/seed_42/epoch_resource_stats.json
2026-03-25 12:00:06 INFO [cinic10.training.engine] Saving checkpoint outputs/04_final/dataset_reduction_5pct/seed_42/best.pt status=best epoch=10
2026-03-25 12:00:06 INFO [cinic10.utils] atomic_torch_save -> outputs/04_final/dataset_reduction_5pct/seed_42/best.pt
2026-03-25 12:00:06 INFO [cinic10.utils] save_model_weights_optimized -> outputs/04_final/dataset_reduction_5pct/seed_42/best.safetensors
2026-03-25 12:00:07 INFO [cinic10.training.engine] New best checkpoint at epoch 10 best_val_acc=0.3921
2026-03-25 12:00:07 INFO [cinic10.training.engine] Saving checkpoint outputs/04_final/dataset_reduction_5pct/seed_42/last.ckpt status=running epoch=10
2026-03-25 12:00:07 INFO [cinic10.utils] atomic_torch_save -> outputs/04_final/dataset_reduction_5pct/seed_42/last.ckpt
2026-03-25 12:00:28 INFO [cinic10.utils] Writing JSON to outputs/04_final/dataset_reduction_5pct/seed_42/epoch_metrics.json
2026-03-25 12:00:28 INFO [cinic10.utils] Writing JSON to outputs/04_final/dataset_reduction_5pct/seed_42/epoch_resource_stats.json
2026-03-25 12:00:28 INFO [cinic10.training.engine] Saving checkpoint outputs/04_final/dataset_reduction_5pct/seed_42/last.ckpt status=running epoch=11
2026-03-25 12:00:28 INFO [cinic10.utils] atomic_torch_save -> outputs/04_final/dataset_reduction_5pct/seed_42/last.ckpt
2026-03-25 12:00:50 INFO [cinic10.utils] Writing JSON to outputs/04_final/dataset_reduction_5pct/seed_42/epoch_metrics.json
2026-03-25 12:00:50 INFO [cinic10.utils] Writing JSON to outputs/04_final/dataset_reduction_5pct/seed_42/epoch_resource_stats.json
2026-03-25 12:00:50 INFO [cinic10.training.engine] Saving checkpoint outputs/04_final/dataset_reduction_5pct/seed_42/last.ckpt status=running epoch=12
2026-03-25 12:00:50 INFO [cinic10.utils] atomic_torch_save -> outputs/04_final/dataset_reduction_5pct/seed_42/last.ckpt
2026-03-25 12:01:11 INFO [cinic10.utils] Writing JSON to outputs/04_final/dataset_reduction_5pct/seed_42/epoch_metrics.json
2026-03-25 12:01:11 INFO [cinic10.utils] Writing JSON to outputs/04_final/dataset_reduction_5pct/seed_42/epoch_resource_stats.json
2026-03-25 12:01:11 INFO [cinic10.training.engine] Saving checkpoint outputs/04_final/dataset_reduction_5pct/seed_42/best.pt status=best epoch=13
2026-03-25 12:01:11 INFO [cinic10.utils] atomic_torch_save -> outputs/04_final/dataset_reduction_5pct/seed_42/best.pt
2026-03-25 12:01:12 INFO [cinic10.utils] save_model_weights_optimized -> outputs/04_final/dataset_reduction_5pct/seed_42/best.safetensors
2026-03-25 12:01:12 INFO [cinic10.training.engine] New best checkpoint at epoch 13 best_val_acc=0.3995
2026-03-25 12:01:12 INFO [cinic10.training.engine] Saving checkpoint outputs/04_final/dataset_reduction_5pct/seed_42/last.ckpt status=running epoch=13
2026-03-25 12:01:12 INFO [cinic10.utils] atomic_torch_save -> outputs/04_final/dataset_reduction_5pct/seed_42/last.ckpt
2026-03-25 12:01:33 INFO [cinic10.utils] Writing JSON to outputs/04_final/dataset_reduction_5pct/seed_42/epoch_metrics.json
2026-03-25 12:01:33 INFO [cinic10.utils] Writing JSON to outputs/04_final/dataset_reduction_5pct/seed_42/epoch_resource_stats.json
2026-03-25 12:01:33 INFO [cinic10.training.engine] Saving checkpoint outputs/04_final/dataset_reduction_5pct/seed_42/best.pt status=best epoch=14
2026-03-25 12:01:33 INFO [cinic10.utils] atomic_torch_save -> outputs/04_final/dataset_reduction_5pct/seed_42/best.pt
2026-03-25 12:01:34 INFO [cinic10.utils] save_model_weights_optimized -> outputs/04_final/dataset_reduction_5pct/seed_42/best.safetensors
2026-03-25 12:01:34 INFO [cinic10.training.engine] New best checkpoint at epoch 14 best_val_acc=0.4102
2026-03-25 12:01:34 INFO [cinic10.training.engine] Saving checkpoint outputs/04_final/dataset_reduction_5pct/seed_42/last.ckpt status=running epoch=14
2026-03-25 12:01:34 INFO [cinic10.utils] atomic_torch_save -> outputs/04_final/dataset_reduction_5pct/seed_42/last.ckpt
2026-03-25 12:01:55 INFO [cinic10.utils] Writing JSON to outputs/04_final/dataset_reduction_5pct/seed_42/epoch_metrics.json
2026-03-25 12:01:55 INFO [cinic10.utils] Writing JSON to outputs/04_final/dataset_reduction_5pct/seed_42/epoch_resource_stats.json
2026-03-25 12:01:55 INFO [cinic10.training.engine] Saving checkpoint outputs/04_final/dataset_reduction_5pct/seed_42/last.ckpt status=running epoch=15
2026-03-25 12:01:55 INFO [cinic10.utils] atomic_torch_save -> outputs/04_final/dataset_reduction_5pct/seed_42/last.ckpt
2026-03-25 12:02:17 INFO [cinic10.utils] Writing JSON to outputs/04_final/dataset_reduction_5pct/seed_42/epoch_metrics.json
2026-03-25 12:02:17 INFO [cinic10.utils] Writing JSON to outputs/04_final/dataset_reduction_5pct/seed_42/epoch_resource_stats.json
2026-03-25 12:02:17 INFO [cinic10.training.engine] Saving checkpoint outputs/04_final/dataset_reduction_5pct/seed_42/last.ckpt status=running epoch=16
2026-03-25 12:02:17 INFO [cinic10.utils] atomic_torch_save -> outputs/04_final/dataset_reduction_5pct/seed_42/last.ckpt
2026-03-25 12:02:38 INFO [cinic10.utils] Writing JSON to outputs/04_final/dataset_reduction_5pct/seed_42/epoch_metrics.json
2026-03-25 12:02:38 INFO [cinic10.utils] Writing JSON to outputs/04_final/dataset_reduction_5pct/seed_42/epoch_resource_stats.json
2026-03-25 12:02:38 INFO [cinic10.training.engine] Saving checkpoint outputs/04_final/dataset_reduction_5pct/seed_42/best.pt status=best epoch=17
2026-03-25 12:02:38 INFO [cinic10.utils] atomic_torch_save -> outputs/04_final/dataset_reduction_5pct/seed_42/best.pt
2026-03-25 12:02:38 INFO [cinic10.utils] save_model_weights_optimized -> outputs/04_final/dataset_reduction_5pct/seed_42/best.safetensors
2026-03-25 12:02:39 INFO [cinic10.training.engine] New best checkpoint at epoch 17 best_val_acc=0.4142
2026-03-25 12:02:39 INFO [cinic10.training.engine] Saving checkpoint outputs/04_final/dataset_reduction_5pct/seed_42/last.ckpt status=running epoch=17
2026-03-25 12:02:39 INFO [cinic10.utils] atomic_torch_save -> outputs/04_final/dataset_reduction_5pct/seed_42/last.ckpt
2026-03-25 12:03:00 INFO [cinic10.utils] Writing JSON to outputs/04_final/dataset_reduction_5pct/seed_42/epoch_metrics.json
2026-03-25 12:03:00 INFO [cinic10.utils] Writing JSON to outputs/04_final/dataset_reduction_5pct/seed_42/epoch_resource_stats.json
2026-03-25 12:03:00 INFO [cinic10.training.engine] Saving checkpoint outputs/04_final/dataset_reduction_5pct/seed_42/best.pt status=best epoch=18
2026-03-25 12:03:00 INFO [cinic10.utils] atomic_torch_save -> outputs/04_final/dataset_reduction_5pct/seed_42/best.pt
2026-03-25 12:03:00 INFO [cinic10.utils] save_model_weights_optimized -> outputs/04_final/dataset_reduction_5pct/seed_42/best.safetensors
2026-03-25 12:03:00 INFO [cinic10.training.engine] New best checkpoint at epoch 18 best_val_acc=0.4165
2026-03-25 12:03:00 INFO [cinic10.training.engine] Saving checkpoint outputs/04_final/dataset_reduction_5pct/seed_42/last.ckpt status=running epoch=18
2026-03-25 12:03:00 INFO [cinic10.utils] atomic_torch_save -> outputs/04_final/dataset_reduction_5pct/seed_42/last.ckpt
2026-03-25 12:03:22 INFO [cinic10.utils] Writing JSON to outputs/04_final/dataset_reduction_5pct/seed_42/epoch_metrics.json
2026-03-25 12:03:22 INFO [cinic10.utils] Writing JSON to outputs/04_final/dataset_reduction_5pct/seed_42/epoch_resource_stats.json
2026-03-25 12:03:22 INFO [cinic10.training.engine] Saving checkpoint outputs/04_final/dataset_reduction_5pct/seed_42/last.ckpt status=running epoch=19
2026-03-25 12:03:22 INFO [cinic10.utils] atomic_torch_save -> outputs/04_final/dataset_reduction_5pct/seed_42/last.ckpt
2026-03-25 12:03:43 INFO [cinic10.utils] Writing JSON to outputs/04_final/dataset_reduction_5pct/seed_42/epoch_metrics.json
2026-03-25 12:03:43 INFO [cinic10.utils] Writing JSON to outputs/04_final/dataset_reduction_5pct/seed_42/epoch_resource_stats.json
2026-03-25 12:03:43 INFO [cinic10.training.engine] Saving checkpoint outputs/04_final/dataset_reduction_5pct/seed_42/best.pt status=best epoch=20
2026-03-25 12:03:43 INFO [cinic10.utils] atomic_torch_save -> outputs/04_final/dataset_reduction_5pct/seed_42/best.pt
2026-03-25 12:03:44 INFO [cinic10.utils] save_model_weights_optimized -> outputs/04_final/dataset_reduction_5pct/seed_42/best.safetensors
2026-03-25 12:03:44 INFO [cinic10.training.engine] New best checkpoint at epoch 20 best_val_acc=0.4202
2026-03-25 12:03:44 INFO [cinic10.training.engine] Saving checkpoint outputs/04_final/dataset_reduction_5pct/seed_42/last.ckpt status=running epoch=20
2026-03-25 12:03:44 INFO [cinic10.utils] atomic_torch_save -> outputs/04_final/dataset_reduction_5pct/seed_42/last.ckpt
2026-03-25 12:04:05 INFO [cinic10.utils] Writing JSON to outputs/04_final/dataset_reduction_5pct/seed_42/epoch_metrics.json
2026-03-25 12:04:05 INFO [cinic10.utils] Writing JSON to outputs/04_final/dataset_reduction_5pct/seed_42/epoch_resource_stats.json
2026-03-25 12:04:05 INFO [cinic10.training.engine] Saving checkpoint outputs/04_final/dataset_reduction_5pct/seed_42/last.ckpt status=running epoch=21
2026-03-25 12:04:05 INFO [cinic10.utils] atomic_torch_save -> outputs/04_final/dataset_reduction_5pct/seed_42/last.ckpt
2026-03-25 12:04:26 INFO [cinic10.utils] Writing JSON to outputs/04_final/dataset_reduction_5pct/seed_42/epoch_metrics.json
2026-03-25 12:04:26 INFO [cinic10.utils] Writing JSON to outputs/04_final/dataset_reduction_5pct/seed_42/epoch_resource_stats.json
2026-03-25 12:04:26 INFO [cinic10.training.engine] Saving checkpoint outputs/04_final/dataset_reduction_5pct/seed_42/last.ckpt status=running epoch=22
2026-03-25 12:04:26 INFO [cinic10.utils] atomic_torch_save -> outputs/04_final/dataset_reduction_5pct/seed_42/last.ckpt
2026-03-25 12:04:48 INFO [cinic10.utils] Writing JSON to outputs/04_final/dataset_reduction_5pct/seed_42/epoch_metrics.json
2026-03-25 12:04:48 INFO [cinic10.utils] Writing JSON to outputs/04_final/dataset_reduction_5pct/seed_42/epoch_resource_stats.json
2026-03-25 12:04:48 INFO [cinic10.training.engine] Saving checkpoint outputs/04_final/dataset_reduction_5pct/seed_42/best.pt status=best epoch=23
2026-03-25 12:04:48 INFO [cinic10.utils] atomic_torch_save -> outputs/04_final/dataset_reduction_5pct/seed_42/best.pt
2026-03-25 12:04:48 INFO [cinic10.utils] save_model_weights_optimized -> outputs/04_final/dataset_reduction_5pct/seed_42/best.safetensors
2026-03-25 12:04:48 INFO [cinic10.training.engine] New best checkpoint at epoch 23 best_val_acc=0.4274
2026-03-25 12:04:48 INFO [cinic10.training.engine] Saving checkpoint outputs/04_final/dataset_reduction_5pct/seed_42/last.ckpt status=running epoch=23
2026-03-25 12:04:48 INFO [cinic10.utils] atomic_torch_save -> outputs/04_final/dataset_reduction_5pct/seed_42/last.ckpt
2026-03-25 12:05:10 INFO [cinic10.utils] Writing JSON to outputs/04_final/dataset_reduction_5pct/seed_42/epoch_metrics.json
2026-03-25 12:05:10 INFO [cinic10.training.engine] Early stopping triggered at epoch 24: val_loss=1.638766 did not improve by >= 0.01 (best in last 10: 1.621546, best before: 1.614979)
2026-03-25 12:05:10 INFO [cinic10.training.engine] Saving checkpoint outputs/04_final/dataset_reduction_5pct/seed_42/last.ckpt status=completed epoch=23
2026-03-25 12:05:10 INFO [cinic10.utils] atomic_torch_save -> outputs/04_final/dataset_reduction_5pct/seed_42/last.ckpt
2026-03-25 12:05:10 INFO [cinic10.training.engine] fit: completed run output=outputs/04_final/dataset_reduction_5pct/seed_42 best_val_acc=0.4274
2026-03-25 12:05:10 INFO [cinic10.utils] Writing JSON to outputs/04_final/dataset_reduction_5pct/seed_42/metrics.json
2026-03-25 12:05:10 INFO [__main__] Fit finished
2026-03-25 12:05:32 INFO [__main__] Test metrics: loss=1.637767853948805 accuracy=0.4255
2026-03-25 12:05:32 INFO [cinic10.utils] Writing JSON to outputs/04_final/dataset_reduction_5pct/seed_42/test_metrics.json
